2022-11-23 07:37:44,647 INFO org.springframework.boot.StartupInfoLogger [main] Starting SpringEmailEurekaRegistryApplication using Java 11.0.16 on senthil with PID 8352 (C:\Users\SENTHILKUMARMAHESWAR\git\spring-mail-restapi\spring-email-eureka-registry\target\classes started by SENTHILKUMARMAHESWAR in C:\Users\SENTHILKUMARMAHESWAR\git\spring-mail-restapi\spring-email-eureka-registry)
2022-11-23 07:37:44,651 DEBUG org.springframework.boot.StartupInfoLogger [main] Running with Spring Boot v2.6.13, Spring v5.3.23
2022-11-23 07:37:44,652 INFO org.springframework.boot.SpringApplication [main] No active profile set, falling back to 1 default profile: "default"
2022-11-23 07:37:45,560 INFO org.springframework.cloud.context.scope.GenericScope [main] BeanFactory id=8abfaf90-24fc-3f94-a6ed-21400fc2820e
2022-11-23 07:37:45,836 INFO org.springframework.boot.web.embedded.tomcat.TomcatWebServer [main] Tomcat initialized with port(s): 8761 (http)
2022-11-23 07:37:45,847 INFO org.apache.juli.logging.DirectJDKLog [main] Initializing ProtocolHandler ["http-nio-8761"]
2022-11-23 07:37:45,847 INFO org.apache.juli.logging.DirectJDKLog [main] Starting service [Tomcat]
2022-11-23 07:37:45,847 INFO org.apache.juli.logging.DirectJDKLog [main] Starting Servlet engine: [Apache Tomcat/9.0.68]
2022-11-23 07:37:45,995 INFO org.apache.juli.logging.DirectJDKLog [main] Initializing Spring embedded WebApplicationContext
2022-11-23 07:37:45,995 INFO org.springframework.boot.web.servlet.context.ServletWebServerApplicationContext [main] Root WebApplicationContext: initialization completed in 1294 ms
2022-11-23 07:37:46,433 INFO com.sun.jersey.server.impl.application.WebApplicationImpl [main] Initiating Jersey application, version 'Jersey: 1.19.4 05/24/2017 03:20 PM'
2022-11-23 07:37:46,496 INFO com.netflix.discovery.provider.DiscoveryJerseyProvider [main] Using JSON encoding codec LegacyJacksonJson
2022-11-23 07:37:46,497 INFO com.netflix.discovery.provider.DiscoveryJerseyProvider [main] Using JSON decoding codec LegacyJacksonJson
2022-11-23 07:37:46,666 INFO com.netflix.discovery.provider.DiscoveryJerseyProvider [main] Using XML encoding codec XStreamXml
2022-11-23 07:37:46,666 INFO com.netflix.discovery.provider.DiscoveryJerseyProvider [main] Using XML decoding codec XStreamXml
2022-11-23 07:37:48,151 INFO org.springframework.cloud.netflix.eureka.config.DiscoveryClientOptionalArgsConfiguration [main] Eureka HTTP Client uses Jersey
2022-11-23 07:37:48,212 WARN org.springframework.cloud.loadbalancer.config.LoadBalancerCacheAutoConfiguration$LoadBalancerCaffeineWarnLogger [main] Spring Cloud LoadBalancer is currently working with the default cache. While this cache implementation is useful for development and tests, it's recommended to use Caffeine cache in production.You can switch to using Caffeine cache, by adding it and org.springframework.cache.caffeine.CaffeineCacheManager to the classpath.
2022-11-23 07:37:48,228 INFO org.springframework.cloud.netflix.eureka.InstanceInfoFactory [main] Setting initial instance status as: STARTING
2022-11-23 07:37:48,254 INFO com.netflix.discovery.DiscoveryClient [main] Initializing Eureka in region us-east-1
2022-11-23 07:37:48,254 INFO com.netflix.discovery.DiscoveryClient [main] Client configured to neither register nor query for data.
2022-11-23 07:37:48,266 INFO com.netflix.discovery.DiscoveryClient [main] Discovery Client initialized at timestamp 1669169268261 with initial instances count: 0
2022-11-23 07:37:48,298 INFO com.netflix.eureka.DefaultEurekaServerContext [main] Initializing ...
2022-11-23 07:37:48,300 WARN com.netflix.eureka.cluster.PeerEurekaNodes [main] The replica size seems to be empty. Check the route 53 DNS Registry
2022-11-23 07:37:48,314 INFO com.netflix.eureka.registry.AbstractInstanceRegistry [main] Finished initializing remote region registries. All known remote regions: []
2022-11-23 07:37:48,315 INFO com.netflix.eureka.DefaultEurekaServerContext [main] Initialized
2022-11-23 07:37:48,322 INFO org.springframework.boot.actuate.endpoint.web.EndpointLinksResolver [main] Exposing 1 endpoint(s) beneath base path '/actuator'
2022-11-23 07:37:48,375 INFO org.springframework.cloud.netflix.eureka.serviceregistry.EurekaServiceRegistry [main] Registering application UNKNOWN with eureka with status UP
2022-11-23 07:37:48,377 INFO org.apache.juli.logging.DirectJDKLog [main] Starting ProtocolHandler ["http-nio-8761"]
2022-11-23 07:37:48,386 INFO org.springframework.cloud.netflix.eureka.server.EurekaServerBootstrap [Thread-9] isAws returned false
2022-11-23 07:37:48,388 INFO org.springframework.cloud.netflix.eureka.server.EurekaServerBootstrap [Thread-9] Initialized server context
2022-11-23 07:37:48,388 INFO com.netflix.eureka.registry.PeerAwareInstanceRegistryImpl [Thread-9] Got 1 instances from neighboring DS node
2022-11-23 07:37:48,388 INFO com.netflix.eureka.registry.PeerAwareInstanceRegistryImpl [Thread-9] Renew threshold is: 1
2022-11-23 07:37:48,389 INFO com.netflix.eureka.registry.PeerAwareInstanceRegistryImpl [Thread-9] Changing status to UP
2022-11-23 07:37:48,396 INFO org.springframework.cloud.netflix.eureka.server.EurekaServerInitializerConfiguration [Thread-9] Started Eureka Server
2022-11-23 07:37:48,406 INFO org.springframework.boot.web.embedded.tomcat.TomcatWebServer [main] Tomcat started on port(s): 8761 (http) with context path ''
2022-11-23 07:37:48,407 INFO org.springframework.cloud.netflix.eureka.serviceregistry.EurekaAutoServiceRegistration [main] Updating port to 8761
2022-11-23 07:37:48,761 INFO org.springframework.boot.StartupInfoLogger [main] Started SpringEmailEurekaRegistryApplication in 4.914 seconds (JVM running for 5.821)
2022-11-23 07:37:54,045 INFO org.apache.juli.logging.DirectJDKLog [http-nio-8761-exec-1] Initializing Spring DispatcherServlet 'dispatcherServlet'
2022-11-23 07:37:54,046 INFO org.springframework.web.servlet.FrameworkServlet [http-nio-8761-exec-1] Initializing Servlet 'dispatcherServlet'
2022-11-23 07:37:54,047 INFO org.springframework.web.servlet.FrameworkServlet [http-nio-8761-exec-1] Completed initialization in 1 ms
2022-11-23 07:37:54,246 INFO com.netflix.eureka.registry.AbstractInstanceRegistry [http-nio-8761-exec-2] Registered instance EMAIL-CONFIG/senthil:EMAIL-CONFIG:8888 with status UP (replication=false)
2022-11-23 07:38:06,923 INFO com.netflix.eureka.registry.AbstractInstanceRegistry [http-nio-8761-exec-4] Registered instance EMAIL-GATEWAY/senthil:EMAIL-GATEWAY:9000 with status UP (replication=false)
2022-11-23 07:38:08,511 INFO com.netflix.eureka.registry.AbstractInstanceRegistry [http-nio-8761-exec-6] Registered instance EMAIL-API/senthil:EMAIL-API with status UP (replication=false)
2022-11-23 07:38:48,402 INFO com.netflix.eureka.registry.AbstractInstanceRegistry$EvictionTask [Eureka-EvictionTimer] Running the evict task with compensationTime 0ms
2022-11-23 07:39:48,405 INFO com.netflix.eureka.registry.AbstractInstanceRegistry$EvictionTask [Eureka-EvictionTimer] Running the evict task with compensationTime 2ms
2022-11-23 07:40:48,405 INFO com.netflix.eureka.registry.AbstractInstanceRegistry$EvictionTask [Eureka-EvictionTimer] Running the evict task with compensationTime 0ms
2022-11-23 07:40:58,720 INFO com.netflix.eureka.registry.AbstractInstanceRegistry [http-nio-8761-exec-3] Registered instance EMAIL-API/senthil:EMAIL-API with status DOWN (replication=false)
2022-11-23 07:41:01,952 INFO com.netflix.eureka.registry.AbstractInstanceRegistry [http-nio-8761-exec-4] Cancelled instance EMAIL-API/senthil:EMAIL-API (replication=false)
2022-11-23 07:41:02,452 INFO com.netflix.eureka.registry.AbstractInstanceRegistry [http-nio-8761-exec-5] Registered instance EMAIL-GATEWAY/senthil:EMAIL-GATEWAY:9000 with status DOWN (replication=false)
2022-11-23 07:41:05,657 INFO org.springframework.boot.admin.SpringApplicationAdminMXBeanRegistrar$SpringApplicationAdmin [RMI TCP Connection(13)-127.0.0.1] Application shutdown requested.
2022-11-23 07:41:05,659 INFO org.springframework.cloud.netflix.eureka.serviceregistry.EurekaServiceRegistry [RMI TCP Connection(13)-127.0.0.1] Unregistering application UNKNOWN with eureka with status DOWN
2022-11-23 07:41:05,802 INFO org.apache.juli.logging.DirectJDKLog [RMI TCP Connection(13)-127.0.0.1] Pausing ProtocolHandler ["http-nio-8761"]
2022-11-23 07:41:05,802 INFO org.apache.juli.logging.DirectJDKLog [RMI TCP Connection(13)-127.0.0.1] Stopping service [Tomcat]
2022-11-23 07:41:05,806 INFO org.apache.juli.logging.DirectJDKLog [RMI TCP Connection(13)-127.0.0.1] Destroying Spring FrameworkServlet 'dispatcherServlet'
2022-11-23 07:41:05,811 INFO org.apache.juli.logging.DirectJDKLog [RMI TCP Connection(13)-127.0.0.1] Stopping ProtocolHandler ["http-nio-8761"]
2022-11-23 07:41:05,815 INFO org.apache.juli.logging.DirectJDKLog [RMI TCP Connection(13)-127.0.0.1] Destroying ProtocolHandler ["http-nio-8761"]
2022-11-23 07:41:05,816 INFO org.springframework.cloud.netflix.eureka.server.EurekaServerBootstrap [RMI TCP Connection(13)-127.0.0.1] Shutting down Eureka Server..
2022-11-23 07:41:05,820 INFO com.netflix.eureka.DefaultEurekaServerContext [RMI TCP Connection(13)-127.0.0.1] Shutting down ...
2022-11-23 07:41:05,830 INFO com.netflix.eureka.DefaultEurekaServerContext [RMI TCP Connection(13)-127.0.0.1] Shut down
2022-11-23 07:41:05,831 INFO org.springframework.cloud.netflix.eureka.server.EurekaServerBootstrap [RMI TCP Connection(13)-127.0.0.1] Eureka Service is now shutdown...
2022-11-23 07:41:05,833 INFO com.netflix.eureka.DefaultEurekaServerContext [RMI TCP Connection(13)-127.0.0.1] Shutting down ...
2022-11-23 07:41:05,839 INFO com.netflix.eureka.DefaultEurekaServerContext [RMI TCP Connection(13)-127.0.0.1] Shut down
2022-11-23 07:41:05,846 INFO com.netflix.discovery.DiscoveryClient [RMI TCP Connection(13)-127.0.0.1] Shutting down DiscoveryClient ...
2022-11-23 07:41:05,847 INFO com.netflix.discovery.DiscoveryClient [RMI TCP Connection(13)-127.0.0.1] Completed shut down of DiscoveryClient
2022-11-23 17:39:28,069 INFO org.springframework.boot.StartupInfoLogger [main] Starting SpringEmailEurekaRegistryApplication using Java 11.0.16 on senthil with PID 11696 (C:\Users\SENTHILKUMARMAHESWAR\git\spring-mail-restapi\spring-email-eureka-registry\target\classes started by SENTHILKUMARMAHESWAR in C:\Users\SENTHILKUMARMAHESWAR\git\spring-mail-restapi\spring-email-eureka-registry)
2022-11-23 17:39:28,069 DEBUG org.springframework.boot.StartupInfoLogger [main] Running with Spring Boot v2.6.13, Spring v5.3.23
2022-11-23 17:39:28,069 INFO org.springframework.boot.SpringApplication [main] No active profile set, falling back to 1 default profile: "default"
2022-11-23 17:39:29,256 INFO org.springframework.cloud.context.scope.GenericScope [main] BeanFactory id=8abfaf90-24fc-3f94-a6ed-21400fc2820e
2022-11-23 17:39:29,772 INFO org.springframework.boot.web.embedded.tomcat.TomcatWebServer [main] Tomcat initialized with port(s): 8761 (http)
2022-11-23 17:39:29,788 INFO org.apache.juli.logging.DirectJDKLog [main] Initializing ProtocolHandler ["http-nio-8761"]
2022-11-23 17:39:29,788 INFO org.apache.juli.logging.DirectJDKLog [main] Starting service [Tomcat]
2022-11-23 17:39:29,788 INFO org.apache.juli.logging.DirectJDKLog [main] Starting Servlet engine: [Apache Tomcat/9.0.68]
2022-11-23 17:39:29,991 INFO org.apache.juli.logging.DirectJDKLog [main] Initializing Spring embedded WebApplicationContext
2022-11-23 17:39:29,991 INFO org.springframework.boot.web.servlet.context.ServletWebServerApplicationContext [main] Root WebApplicationContext: initialization completed in 1875 ms
2022-11-23 17:39:30,491 INFO com.sun.jersey.server.impl.application.WebApplicationImpl [main] Initiating Jersey application, version 'Jersey: 1.19.4 05/24/2017 03:20 PM'
2022-11-23 17:39:30,553 INFO com.netflix.discovery.provider.DiscoveryJerseyProvider [main] Using JSON encoding codec LegacyJacksonJson
2022-11-23 17:39:30,553 INFO com.netflix.discovery.provider.DiscoveryJerseyProvider [main] Using JSON decoding codec LegacyJacksonJson
2022-11-23 17:39:30,741 INFO com.netflix.discovery.provider.DiscoveryJerseyProvider [main] Using XML encoding codec XStreamXml
2022-11-23 17:39:30,741 INFO com.netflix.discovery.provider.DiscoveryJerseyProvider [main] Using XML decoding codec XStreamXml
2022-11-23 17:39:32,663 INFO org.springframework.cloud.netflix.eureka.config.DiscoveryClientOptionalArgsConfiguration [main] Eureka HTTP Client uses Jersey
2022-11-23 17:39:32,710 WARN org.springframework.cloud.loadbalancer.config.LoadBalancerCacheAutoConfiguration$LoadBalancerCaffeineWarnLogger [main] Spring Cloud LoadBalancer is currently working with the default cache. While this cache implementation is useful for development and tests, it's recommended to use Caffeine cache in production.You can switch to using Caffeine cache, by adding it and org.springframework.cache.caffeine.CaffeineCacheManager to the classpath.
2022-11-23 17:39:32,741 INFO org.springframework.cloud.netflix.eureka.InstanceInfoFactory [main] Setting initial instance status as: STARTING
2022-11-23 17:39:32,772 INFO com.netflix.discovery.DiscoveryClient [main] Initializing Eureka in region us-east-1
2022-11-23 17:39:32,772 INFO com.netflix.discovery.DiscoveryClient [main] Client configured to neither register nor query for data.
2022-11-23 17:39:32,788 INFO com.netflix.discovery.DiscoveryClient [main] Discovery Client initialized at timestamp 1669205372788 with initial instances count: 0
2022-11-23 17:39:32,835 INFO com.netflix.eureka.DefaultEurekaServerContext [main] Initializing ...
2022-11-23 17:39:32,835 WARN com.netflix.eureka.cluster.PeerEurekaNodes [main] The replica size seems to be empty. Check the route 53 DNS Registry
2022-11-23 17:39:32,850 INFO com.netflix.eureka.registry.AbstractInstanceRegistry [main] Finished initializing remote region registries. All known remote regions: []
2022-11-23 17:39:32,850 INFO com.netflix.eureka.DefaultEurekaServerContext [main] Initialized
2022-11-23 17:39:32,850 INFO org.springframework.boot.actuate.endpoint.web.EndpointLinksResolver [main] Exposing 1 endpoint(s) beneath base path '/actuator'
2022-11-23 17:39:32,913 INFO org.springframework.cloud.netflix.eureka.serviceregistry.EurekaServiceRegistry [main] Registering application UNKNOWN with eureka with status UP
2022-11-23 17:39:32,913 INFO org.apache.juli.logging.DirectJDKLog [main] Starting ProtocolHandler ["http-nio-8761"]
2022-11-23 17:39:32,928 INFO org.springframework.cloud.netflix.eureka.server.EurekaServerBootstrap [Thread-9] isAws returned false
2022-11-23 17:39:32,928 INFO org.springframework.cloud.netflix.eureka.server.EurekaServerBootstrap [Thread-9] Initialized server context
2022-11-23 17:39:32,928 INFO com.netflix.eureka.registry.PeerAwareInstanceRegistryImpl [Thread-9] Got 1 instances from neighboring DS node
2022-11-23 17:39:32,928 INFO com.netflix.eureka.registry.PeerAwareInstanceRegistryImpl [Thread-9] Renew threshold is: 1
2022-11-23 17:39:32,928 INFO com.netflix.eureka.registry.PeerAwareInstanceRegistryImpl [Thread-9] Changing status to UP
2022-11-23 17:39:32,944 INFO org.springframework.cloud.netflix.eureka.server.EurekaServerInitializerConfiguration [Thread-9] Started Eureka Server
2022-11-23 17:39:32,944 INFO org.springframework.boot.web.embedded.tomcat.TomcatWebServer [main] Tomcat started on port(s): 8761 (http) with context path ''
2022-11-23 17:39:32,944 INFO org.springframework.cloud.netflix.eureka.serviceregistry.EurekaAutoServiceRegistration [main] Updating port to 8761
2022-11-23 17:39:33,256 INFO org.springframework.boot.StartupInfoLogger [main] Started SpringEmailEurekaRegistryApplication in 6.03 seconds (JVM running for 6.998)
2022-11-23 17:39:36,413 INFO org.apache.juli.logging.DirectJDKLog [http-nio-8761-exec-1] Initializing Spring DispatcherServlet 'dispatcherServlet'
2022-11-23 17:39:36,413 INFO org.springframework.web.servlet.FrameworkServlet [http-nio-8761-exec-1] Initializing Servlet 'dispatcherServlet'
2022-11-23 17:39:36,413 INFO org.springframework.web.servlet.FrameworkServlet [http-nio-8761-exec-1] Completed initialization in 0 ms
2022-11-23 17:39:36,694 INFO com.netflix.eureka.registry.AbstractInstanceRegistry [http-nio-8761-exec-2] Registered instance EMAIL-CONFIG/senthil:EMAIL-CONFIG:8888 with status UP (replication=false)
2022-11-23 17:39:55,913 INFO com.netflix.eureka.registry.AbstractInstanceRegistry [http-nio-8761-exec-4] Registered instance EMAIL-GATEWAY/senthil:EMAIL-GATEWAY:9000 with status UP (replication=false)
2022-11-23 17:39:59,241 INFO com.netflix.eureka.registry.AbstractInstanceRegistry [http-nio-8761-exec-6] Registered instance EMAIL-API/senthil:EMAIL-API with status UP (replication=false)
2022-11-23 17:40:32,929 INFO com.netflix.eureka.registry.AbstractInstanceRegistry$EvictionTask [Eureka-EvictionTimer] Running the evict task with compensationTime 0ms
2022-11-23 17:41:32,939 INFO com.netflix.eureka.registry.AbstractInstanceRegistry$EvictionTask [Eureka-EvictionTimer] Running the evict task with compensationTime 9ms
2022-11-23 17:42:32,940 INFO com.netflix.eureka.registry.AbstractInstanceRegistry$EvictionTask [Eureka-EvictionTimer] Running the evict task with compensationTime 1ms
2022-11-23 17:43:32,956 INFO com.netflix.eureka.registry.AbstractInstanceRegistry$EvictionTask [Eureka-EvictionTimer] Running the evict task with compensationTime 15ms
2022-11-23 17:44:32,956 INFO com.netflix.eureka.registry.AbstractInstanceRegistry$EvictionTask [Eureka-EvictionTimer] Running the evict task with compensationTime 0ms
2022-11-23 17:45:32,965 INFO com.netflix.eureka.registry.AbstractInstanceRegistry$EvictionTask [Eureka-EvictionTimer] Running the evict task with compensationTime 8ms
2022-11-23 17:46:32,983 INFO com.netflix.eureka.registry.AbstractInstanceRegistry$EvictionTask [Eureka-EvictionTimer] Running the evict task with compensationTime 18ms
2022-11-23 17:47:32,986 INFO com.netflix.eureka.registry.AbstractInstanceRegistry$EvictionTask [Eureka-EvictionTimer] Running the evict task with compensationTime 2ms
2022-11-23 17:48:32,986 INFO com.netflix.eureka.registry.AbstractInstanceRegistry$EvictionTask [Eureka-EvictionTimer] Running the evict task with compensationTime 0ms
2022-11-23 17:49:32,847 WARN com.netflix.eureka.cluster.PeerEurekaNodes [Eureka-PeerNodesUpdater] The replica size seems to be empty. Check the route 53 DNS Registry
2022-11-23 17:49:32,987 INFO com.netflix.eureka.registry.AbstractInstanceRegistry$EvictionTask [Eureka-EvictionTimer] Running the evict task with compensationTime 1ms
2022-11-23 17:50:32,988 INFO com.netflix.eureka.registry.AbstractInstanceRegistry$EvictionTask [Eureka-EvictionTimer] Running the evict task with compensationTime 1ms
2022-11-23 17:51:32,992 INFO com.netflix.eureka.registry.AbstractInstanceRegistry$EvictionTask [Eureka-EvictionTimer] Running the evict task with compensationTime 3ms
2022-11-23 17:52:32,995 INFO com.netflix.eureka.registry.AbstractInstanceRegistry$EvictionTask [Eureka-EvictionTimer] Running the evict task with compensationTime 2ms
2022-11-23 17:53:32,997 INFO com.netflix.eureka.registry.AbstractInstanceRegistry$EvictionTask [Eureka-EvictionTimer] Running the evict task with compensationTime 2ms
2022-11-23 17:54:32,859 INFO com.netflix.eureka.registry.PeerAwareInstanceRegistryImpl [ReplicaAwareInstanceRegistry - RenewalThresholdUpdater] Current renewal threshold is : 0
2022-11-23 17:54:33,000 INFO com.netflix.eureka.registry.AbstractInstanceRegistry$EvictionTask [Eureka-EvictionTimer] Running the evict task with compensationTime 2ms
2022-11-23 17:55:32,361 INFO com.netflix.eureka.registry.AbstractInstanceRegistry [http-nio-8761-exec-3] Registered instance EMAIL-API/senthil:EMAIL-API with status DOWN (replication=false)
2022-11-23 17:55:33,002 INFO com.netflix.eureka.registry.AbstractInstanceRegistry$EvictionTask [Eureka-EvictionTimer] Running the evict task with compensationTime 2ms
2022-11-23 17:55:35,564 INFO com.netflix.eureka.registry.AbstractInstanceRegistry [http-nio-8761-exec-5] Cancelled instance EMAIL-API/senthil:EMAIL-API (replication=false)
2022-11-23 17:55:54,333 INFO com.netflix.eureka.registry.AbstractInstanceRegistry [http-nio-8761-exec-1] Registered instance EMAIL-API/senthil:EMAIL-API with status UP (replication=false)
2022-11-23 17:56:33,011 INFO com.netflix.eureka.registry.AbstractInstanceRegistry$EvictionTask [Eureka-EvictionTimer] Running the evict task with compensationTime 8ms
2022-11-23 17:57:33,025 INFO com.netflix.eureka.registry.AbstractInstanceRegistry$EvictionTask [Eureka-EvictionTimer] Running the evict task with compensationTime 14ms
2022-11-23 17:58:33,037 INFO com.netflix.eureka.registry.AbstractInstanceRegistry$EvictionTask [Eureka-EvictionTimer] Running the evict task with compensationTime 11ms
2022-11-23 17:59:32,854 WARN com.netflix.eureka.cluster.PeerEurekaNodes [Eureka-PeerNodesUpdater] The replica size seems to be empty. Check the route 53 DNS Registry
2022-11-23 17:59:33,041 INFO com.netflix.eureka.registry.AbstractInstanceRegistry$EvictionTask [Eureka-EvictionTimer] Running the evict task with compensationTime 4ms
2022-11-23 18:00:33,043 INFO com.netflix.eureka.registry.AbstractInstanceRegistry$EvictionTask [Eureka-EvictionTimer] Running the evict task with compensationTime 1ms
2022-11-23 18:00:49,077 INFO com.netflix.eureka.registry.AbstractInstanceRegistry [http-nio-8761-exec-4] Registered instance EMAIL-API/senthil:EMAIL-API with status DOWN (replication=false)
2022-11-23 18:00:52,295 INFO com.netflix.eureka.registry.AbstractInstanceRegistry [http-nio-8761-exec-2] Cancelled instance EMAIL-API/senthil:EMAIL-API (replication=false)
2022-11-23 18:01:06,296 INFO com.netflix.eureka.registry.AbstractInstanceRegistry [http-nio-8761-exec-7] Registered instance EMAIL-API/senthil:EMAIL-API with status UP (replication=false)
2022-11-23 18:01:07,405 INFO com.netflix.eureka.registry.AbstractInstanceRegistry [http-nio-8761-exec-1] Registered instance EMAIL-API/senthil:EMAIL-API with status DOWN (replication=false)
2022-11-23 18:01:10,609 INFO com.netflix.eureka.registry.AbstractInstanceRegistry [http-nio-8761-exec-2] Cancelled instance EMAIL-API/senthil:EMAIL-API (replication=false)
2022-11-23 18:01:13,312 INFO com.netflix.eureka.registry.AbstractInstanceRegistry [http-nio-8761-exec-8] Registered instance EMAIL-API/senthil:EMAIL-API with status UP (replication=false)
2022-11-23 18:01:33,047 INFO com.netflix.eureka.registry.AbstractInstanceRegistry$EvictionTask [Eureka-EvictionTimer] Running the evict task with compensationTime 3ms
2022-11-23 18:02:33,054 INFO com.netflix.eureka.registry.AbstractInstanceRegistry$EvictionTask [Eureka-EvictionTimer] Running the evict task with compensationTime 7ms
2022-11-23 18:03:33,057 INFO com.netflix.eureka.registry.AbstractInstanceRegistry$EvictionTask [Eureka-EvictionTimer] Running the evict task with compensationTime 2ms
2022-11-23 18:04:33,069 INFO com.netflix.eureka.registry.AbstractInstanceRegistry$EvictionTask [Eureka-EvictionTimer] Running the evict task with compensationTime 11ms
2022-11-23 18:05:33,071 INFO com.netflix.eureka.registry.AbstractInstanceRegistry$EvictionTask [Eureka-EvictionTimer] Running the evict task with compensationTime 1ms
2022-11-23 18:06:33,073 INFO com.netflix.eureka.registry.AbstractInstanceRegistry$EvictionTask [Eureka-EvictionTimer] Running the evict task with compensationTime 1ms
2022-11-23 18:07:33,088 INFO com.netflix.eureka.registry.AbstractInstanceRegistry$EvictionTask [Eureka-EvictionTimer] Running the evict task with compensationTime 15ms
2022-11-23 18:08:33,089 INFO com.netflix.eureka.registry.AbstractInstanceRegistry$EvictionTask [Eureka-EvictionTimer] Running the evict task with compensationTime 0ms
2022-11-23 18:09:32,856 WARN com.netflix.eureka.cluster.PeerEurekaNodes [Eureka-PeerNodesUpdater] The replica size seems to be empty. Check the route 53 DNS Registry
2022-11-23 18:09:32,872 INFO com.netflix.eureka.registry.PeerAwareInstanceRegistryImpl [ReplicaAwareInstanceRegistry - RenewalThresholdUpdater] Current renewal threshold is : 0
2022-11-23 18:09:33,090 INFO com.netflix.eureka.registry.AbstractInstanceRegistry$EvictionTask [Eureka-EvictionTimer] Running the evict task with compensationTime 1ms
2022-11-23 18:10:33,090 INFO com.netflix.eureka.registry.AbstractInstanceRegistry$EvictionTask [Eureka-EvictionTimer] Running the evict task with compensationTime 0ms
2022-11-23 18:11:01,920 INFO com.netflix.eureka.registry.AbstractInstanceRegistry [http-nio-8761-exec-10] Registered instance EMAIL-API/senthil:EMAIL-API with status DOWN (replication=false)
2022-11-23 18:11:05,092 INFO com.netflix.eureka.registry.AbstractInstanceRegistry [http-nio-8761-exec-6] Cancelled instance EMAIL-API/senthil:EMAIL-API (replication=false)
2022-11-23 18:11:25,936 INFO com.netflix.eureka.registry.AbstractInstanceRegistry [http-nio-8761-exec-9] Registered instance EMAIL-API/senthil:EMAIL-API with status UP (replication=false)
2022-11-23 18:11:33,093 INFO com.netflix.eureka.registry.AbstractInstanceRegistry$EvictionTask [Eureka-EvictionTimer] Running the evict task with compensationTime 2ms
2022-11-23 18:12:33,102 INFO com.netflix.eureka.registry.AbstractInstanceRegistry$EvictionTask [Eureka-EvictionTimer] Running the evict task with compensationTime 8ms
2022-11-23 18:13:09,571 INFO com.netflix.eureka.registry.AbstractInstanceRegistry [http-nio-8761-exec-10] Registered instance EMAIL-API/senthil:EMAIL-API with status DOWN (replication=false)
2022-11-23 18:13:12,775 INFO com.netflix.eureka.registry.AbstractInstanceRegistry [http-nio-8761-exec-6] Cancelled instance EMAIL-API/senthil:EMAIL-API (replication=false)
2022-11-23 18:13:26,431 INFO com.netflix.eureka.registry.AbstractInstanceRegistry [http-nio-8761-exec-2] Registered instance EMAIL-API/senthil:EMAIL-API with status UP (replication=false)
2022-11-23 18:13:33,104 INFO com.netflix.eureka.registry.AbstractInstanceRegistry$EvictionTask [Eureka-EvictionTimer] Running the evict task with compensationTime 3ms
2022-11-23 18:14:33,108 INFO com.netflix.eureka.registry.AbstractInstanceRegistry$EvictionTask [Eureka-EvictionTimer] Running the evict task with compensationTime 3ms
2022-11-23 18:15:33,111 INFO com.netflix.eureka.registry.AbstractInstanceRegistry$EvictionTask [Eureka-EvictionTimer] Running the evict task with compensationTime 3ms
2022-11-23 18:15:44,909 INFO com.netflix.eureka.registry.AbstractInstanceRegistry [http-nio-8761-exec-1] Registered instance EMAIL-API/senthil:EMAIL-API with status DOWN (replication=false)
2022-11-23 18:15:48,112 INFO com.netflix.eureka.registry.AbstractInstanceRegistry [http-nio-8761-exec-4] Cancelled instance EMAIL-API/senthil:EMAIL-API (replication=false)
2022-11-23 18:16:01,781 INFO com.netflix.eureka.registry.AbstractInstanceRegistry [http-nio-8761-exec-8] Registered instance EMAIL-API/senthil:EMAIL-API with status UP (replication=false)
2022-11-23 18:16:33,116 INFO com.netflix.eureka.registry.AbstractInstanceRegistry$EvictionTask [Eureka-EvictionTimer] Running the evict task with compensationTime 4ms
2022-11-23 18:17:33,122 INFO com.netflix.eureka.registry.AbstractInstanceRegistry$EvictionTask [Eureka-EvictionTimer] Running the evict task with compensationTime 6ms
2022-11-23 18:18:33,122 INFO com.netflix.eureka.registry.AbstractInstanceRegistry$EvictionTask [Eureka-EvictionTimer] Running the evict task with compensationTime 0ms
2022-11-23 18:19:03,062 INFO com.netflix.eureka.registry.AbstractInstanceRegistry [http-nio-8761-exec-5] Registered instance EMAIL-API/senthil:EMAIL-API with status DOWN (replication=false)
2022-11-23 18:19:06,266 INFO com.netflix.eureka.registry.AbstractInstanceRegistry [http-nio-8761-exec-6] Cancelled instance EMAIL-API/senthil:EMAIL-API (replication=false)
2022-11-23 18:19:19,931 INFO com.netflix.eureka.registry.AbstractInstanceRegistry [http-nio-8761-exec-1] Registered instance EMAIL-API/senthil:EMAIL-API with status UP (replication=false)
2022-11-23 18:19:32,868 WARN com.netflix.eureka.cluster.PeerEurekaNodes [Eureka-PeerNodesUpdater] The replica size seems to be empty. Check the route 53 DNS Registry
2022-11-23 18:19:33,134 INFO com.netflix.eureka.registry.AbstractInstanceRegistry$EvictionTask [Eureka-EvictionTimer] Running the evict task with compensationTime 11ms
2022-11-23 18:20:33,136 INFO com.netflix.eureka.registry.AbstractInstanceRegistry$EvictionTask [Eureka-EvictionTimer] Running the evict task with compensationTime 2ms
2022-11-23 18:21:33,140 INFO com.netflix.eureka.registry.AbstractInstanceRegistry$EvictionTask [Eureka-EvictionTimer] Running the evict task with compensationTime 3ms
2022-11-23 18:22:33,146 INFO com.netflix.eureka.registry.AbstractInstanceRegistry$EvictionTask [Eureka-EvictionTimer] Running the evict task with compensationTime 6ms
2022-11-23 18:23:33,150 INFO com.netflix.eureka.registry.AbstractInstanceRegistry$EvictionTask [Eureka-EvictionTimer] Running the evict task with compensationTime 3ms
2022-11-23 18:24:32,885 INFO com.netflix.eureka.registry.PeerAwareInstanceRegistryImpl [ReplicaAwareInstanceRegistry - RenewalThresholdUpdater] Current renewal threshold is : 0
2022-11-23 18:24:33,150 INFO com.netflix.eureka.registry.AbstractInstanceRegistry$EvictionTask [Eureka-EvictionTimer] Running the evict task with compensationTime 0ms
2022-11-23 18:25:30,276 INFO com.netflix.eureka.registry.AbstractInstanceRegistry [http-nio-8761-exec-7] Registered instance EMAIL-API/senthil:EMAIL-API with status DOWN (replication=false)
2022-11-23 18:25:33,152 INFO com.netflix.eureka.registry.AbstractInstanceRegistry$EvictionTask [Eureka-EvictionTimer] Running the evict task with compensationTime 1ms
2022-11-23 18:25:33,480 INFO com.netflix.eureka.registry.AbstractInstanceRegistry [http-nio-8761-exec-2] Cancelled instance EMAIL-API/senthil:EMAIL-API (replication=false)
2022-11-23 18:25:47,089 INFO com.netflix.eureka.registry.AbstractInstanceRegistry [http-nio-8761-exec-6] Registered instance EMAIL-API/senthil:EMAIL-API with status UP (replication=false)
2022-11-23 18:26:00,449 INFO com.netflix.eureka.registry.AbstractInstanceRegistry [http-nio-8761-exec-7] Registered instance EMAIL-API/senthil:EMAIL-API with status DOWN (replication=false)
2022-11-23 18:26:03,636 INFO com.netflix.eureka.registry.AbstractInstanceRegistry [http-nio-8761-exec-2] Cancelled instance EMAIL-API/senthil:EMAIL-API (replication=false)
2022-11-23 18:26:06,230 INFO com.netflix.eureka.registry.AbstractInstanceRegistry [http-nio-8761-exec-9] Registered instance EMAIL-API/senthil:EMAIL-API with status UP (replication=false)
2022-11-23 18:26:33,156 INFO com.netflix.eureka.registry.AbstractInstanceRegistry$EvictionTask [Eureka-EvictionTimer] Running the evict task with compensationTime 4ms
2022-11-23 18:27:33,168 INFO com.netflix.eureka.registry.AbstractInstanceRegistry$EvictionTask [Eureka-EvictionTimer] Running the evict task with compensationTime 12ms
2022-11-23 18:28:33,171 INFO com.netflix.eureka.registry.AbstractInstanceRegistry$EvictionTask [Eureka-EvictionTimer] Running the evict task with compensationTime 2ms
2022-11-23 18:29:32,877 WARN com.netflix.eureka.cluster.PeerEurekaNodes [Eureka-PeerNodesUpdater] The replica size seems to be empty. Check the route 53 DNS Registry
2022-11-23 18:29:33,174 INFO com.netflix.eureka.registry.AbstractInstanceRegistry$EvictionTask [Eureka-EvictionTimer] Running the evict task with compensationTime 2ms
2022-11-23 18:30:33,177 INFO com.netflix.eureka.registry.AbstractInstanceRegistry$EvictionTask [Eureka-EvictionTimer] Running the evict task with compensationTime 2ms
2022-11-23 18:31:14,537 INFO com.netflix.eureka.registry.AbstractInstanceRegistry [http-nio-8761-exec-7] Registered instance EMAIL-API/senthil:EMAIL-API with status DOWN (replication=false)
2022-11-23 18:31:17,725 INFO com.netflix.eureka.registry.AbstractInstanceRegistry [http-nio-8761-exec-2] Cancelled instance EMAIL-API/senthil:EMAIL-API (replication=false)
2022-11-23 18:31:31,334 INFO com.netflix.eureka.registry.AbstractInstanceRegistry [http-nio-8761-exec-10] Registered instance EMAIL-API/senthil:EMAIL-API with status UP (replication=false)
2022-11-23 18:31:33,178 INFO com.netflix.eureka.registry.AbstractInstanceRegistry$EvictionTask [Eureka-EvictionTimer] Running the evict task with compensationTime 1ms
2022-11-23 18:32:33,178 INFO com.netflix.eureka.registry.AbstractInstanceRegistry$EvictionTask [Eureka-EvictionTimer] Running the evict task with compensationTime 0ms
2022-11-23 18:33:33,185 INFO com.netflix.eureka.registry.AbstractInstanceRegistry$EvictionTask [Eureka-EvictionTimer] Running the evict task with compensationTime 7ms
2022-11-23 18:34:33,197 INFO com.netflix.eureka.registry.AbstractInstanceRegistry$EvictionTask [Eureka-EvictionTimer] Running the evict task with compensationTime 11ms
2022-11-23 18:35:33,205 INFO com.netflix.eureka.registry.AbstractInstanceRegistry$EvictionTask [Eureka-EvictionTimer] Running the evict task with compensationTime 8ms
2022-11-23 18:36:33,210 INFO com.netflix.eureka.registry.AbstractInstanceRegistry$EvictionTask [Eureka-EvictionTimer] Running the evict task with compensationTime 5ms
2022-11-23 18:36:41,492 INFO com.netflix.eureka.registry.AbstractInstanceRegistry [http-nio-8761-exec-7] Registered instance EMAIL-API/senthil:EMAIL-API with status DOWN (replication=false)
2022-11-23 18:36:44,711 INFO com.netflix.eureka.registry.AbstractInstanceRegistry [http-nio-8761-exec-2] Cancelled instance EMAIL-API/senthil:EMAIL-API (replication=false)
2022-11-23 18:36:58,461 INFO com.netflix.eureka.registry.AbstractInstanceRegistry [http-nio-8761-exec-9] Registered instance EMAIL-API/senthil:EMAIL-API with status UP (replication=false)
2022-11-23 18:37:33,221 INFO com.netflix.eureka.registry.AbstractInstanceRegistry$EvictionTask [Eureka-EvictionTimer] Running the evict task with compensationTime 10ms
2022-11-23 18:38:08,754 INFO com.netflix.eureka.registry.AbstractInstanceRegistry [http-nio-8761-exec-7] Registered instance EMAIL-API/senthil:EMAIL-API with status DOWN (replication=false)
2022-11-23 18:38:11,942 INFO com.netflix.eureka.registry.AbstractInstanceRegistry [http-nio-8761-exec-1] Cancelled instance EMAIL-API/senthil:EMAIL-API (replication=false)
2022-11-23 18:38:25,771 INFO com.netflix.eureka.registry.AbstractInstanceRegistry [http-nio-8761-exec-10] Registered instance EMAIL-API/senthil:EMAIL-API with status UP (replication=false)
2022-11-23 18:38:33,224 INFO com.netflix.eureka.registry.AbstractInstanceRegistry$EvictionTask [Eureka-EvictionTimer] Running the evict task with compensationTime 3ms
2022-11-23 18:39:32,883 WARN com.netflix.eureka.cluster.PeerEurekaNodes [Eureka-PeerNodesUpdater] The replica size seems to be empty. Check the route 53 DNS Registry
2022-11-23 18:39:32,899 INFO com.netflix.eureka.registry.PeerAwareInstanceRegistryImpl [ReplicaAwareInstanceRegistry - RenewalThresholdUpdater] Current renewal threshold is : 0
2022-11-23 18:39:33,227 INFO com.netflix.eureka.registry.AbstractInstanceRegistry$EvictionTask [Eureka-EvictionTimer] Running the evict task with compensationTime 2ms
2022-11-23 18:40:33,231 INFO com.netflix.eureka.registry.AbstractInstanceRegistry$EvictionTask [Eureka-EvictionTimer] Running the evict task with compensationTime 3ms
2022-11-23 18:41:33,235 INFO com.netflix.eureka.registry.AbstractInstanceRegistry$EvictionTask [Eureka-EvictionTimer] Running the evict task with compensationTime 3ms
2022-11-23 18:42:33,236 INFO com.netflix.eureka.registry.AbstractInstanceRegistry$EvictionTask [Eureka-EvictionTimer] Running the evict task with compensationTime 0ms
2022-11-23 18:43:33,247 INFO com.netflix.eureka.registry.AbstractInstanceRegistry$EvictionTask [Eureka-EvictionTimer] Running the evict task with compensationTime 11ms
2022-11-23 18:44:33,251 INFO com.netflix.eureka.registry.AbstractInstanceRegistry$EvictionTask [Eureka-EvictionTimer] Running the evict task with compensationTime 4ms
2022-11-23 18:45:33,253 INFO com.netflix.eureka.registry.AbstractInstanceRegistry$EvictionTask [Eureka-EvictionTimer] Running the evict task with compensationTime 2ms
2022-11-23 18:46:01,381 INFO com.netflix.eureka.registry.AbstractInstanceRegistry [http-nio-8761-exec-2] Registered instance EMAIL-API/senthil:EMAIL-API with status DOWN (replication=false)
2022-11-23 18:46:04,553 INFO com.netflix.eureka.registry.AbstractInstanceRegistry [http-nio-8761-exec-3] Cancelled instance EMAIL-API/senthil:EMAIL-API (replication=false)
2022-11-23 18:46:18,303 INFO com.netflix.eureka.registry.AbstractInstanceRegistry [http-nio-8761-exec-1] Registered instance EMAIL-API/senthil:EMAIL-API with status UP (replication=false)
2022-11-23 18:46:33,257 INFO com.netflix.eureka.registry.AbstractInstanceRegistry$EvictionTask [Eureka-EvictionTimer] Running the evict task with compensationTime 3ms
2022-11-23 18:47:33,261 INFO com.netflix.eureka.registry.AbstractInstanceRegistry$EvictionTask [Eureka-EvictionTimer] Running the evict task with compensationTime 4ms
2022-11-23 18:47:33,558 INFO com.netflix.eureka.registry.AbstractInstanceRegistry [http-nio-8761-exec-10] Registered instance EMAIL-API/senthil:EMAIL-API with status DOWN (replication=false)
2022-11-23 18:47:36,746 INFO com.netflix.eureka.registry.AbstractInstanceRegistry [http-nio-8761-exec-5] Cancelled instance EMAIL-API/senthil:EMAIL-API (replication=false)
2022-11-23 18:47:50,456 INFO com.netflix.eureka.registry.AbstractInstanceRegistry [http-nio-8761-exec-2] Registered instance EMAIL-API/senthil:EMAIL-API with status UP (replication=false)
2022-11-23 18:48:33,276 INFO com.netflix.eureka.registry.AbstractInstanceRegistry$EvictionTask [Eureka-EvictionTimer] Running the evict task with compensationTime 14ms
2022-11-23 18:49:20,981 INFO com.netflix.eureka.registry.AbstractInstanceRegistry [http-nio-8761-exec-7] Registered instance EMAIL-API/senthil:EMAIL-API with status DOWN (replication=false)
2022-11-23 18:49:24,184 INFO com.netflix.eureka.registry.AbstractInstanceRegistry [http-nio-8761-exec-2] Cancelled instance EMAIL-API/senthil:EMAIL-API (replication=false)
2022-11-23 18:49:32,889 WARN com.netflix.eureka.cluster.PeerEurekaNodes [Eureka-PeerNodesUpdater] The replica size seems to be empty. Check the route 53 DNS Registry
2022-11-23 18:49:33,280 INFO com.netflix.eureka.registry.AbstractInstanceRegistry$EvictionTask [Eureka-EvictionTimer] Running the evict task with compensationTime 3ms
2022-11-23 18:49:37,998 INFO com.netflix.eureka.registry.AbstractInstanceRegistry [http-nio-8761-exec-8] Registered instance EMAIL-API/senthil:EMAIL-API with status UP (replication=false)
2022-11-23 18:50:33,283 INFO com.netflix.eureka.registry.AbstractInstanceRegistry$EvictionTask [Eureka-EvictionTimer] Running the evict task with compensationTime 3ms
2022-11-23 18:51:33,287 INFO com.netflix.eureka.registry.AbstractInstanceRegistry$EvictionTask [Eureka-EvictionTimer] Running the evict task with compensationTime 3ms
2022-11-23 18:52:33,301 INFO com.netflix.eureka.registry.AbstractInstanceRegistry$EvictionTask [Eureka-EvictionTimer] Running the evict task with compensationTime 13ms
2022-11-23 18:53:31,170 INFO com.netflix.eureka.registry.AbstractInstanceRegistry [http-nio-8761-exec-5] Registered instance EMAIL-API/senthil:EMAIL-API with status DOWN (replication=false)
2022-11-23 18:53:33,311 INFO com.netflix.eureka.registry.AbstractInstanceRegistry$EvictionTask [Eureka-EvictionTimer] Running the evict task with compensationTime 10ms
2022-11-23 18:53:34,389 INFO com.netflix.eureka.registry.AbstractInstanceRegistry [http-nio-8761-exec-6] Cancelled instance EMAIL-API/senthil:EMAIL-API (replication=false)
2022-11-23 18:53:48,061 INFO com.netflix.eureka.registry.AbstractInstanceRegistry [http-nio-8761-exec-2] Registered instance EMAIL-API/senthil:EMAIL-API with status UP (replication=false)
2022-11-23 18:54:32,907 INFO com.netflix.eureka.registry.PeerAwareInstanceRegistryImpl [ReplicaAwareInstanceRegistry - RenewalThresholdUpdater] Current renewal threshold is : 0
2022-11-23 18:54:33,314 INFO com.netflix.eureka.registry.AbstractInstanceRegistry$EvictionTask [Eureka-EvictionTimer] Running the evict task with compensationTime 2ms
2022-11-23 18:54:47,252 INFO com.netflix.eureka.registry.AbstractInstanceRegistry [http-nio-8761-exec-9] Registered instance EMAIL-API/senthil:EMAIL-API with status DOWN (replication=false)
2022-11-23 18:54:50,440 INFO com.netflix.eureka.registry.AbstractInstanceRegistry [http-nio-8761-exec-6] Cancelled instance EMAIL-API/senthil:EMAIL-API (replication=false)
2022-11-23 18:55:04,665 INFO com.netflix.eureka.registry.AbstractInstanceRegistry [http-nio-8761-exec-2] Registered instance EMAIL-API/senthil:EMAIL-API with status UP (replication=false)
2022-11-23 18:55:33,329 INFO com.netflix.eureka.registry.AbstractInstanceRegistry$EvictionTask [Eureka-EvictionTimer] Running the evict task with compensationTime 15ms
2022-11-23 18:55:44,486 INFO com.netflix.eureka.registry.AbstractInstanceRegistry [http-nio-8761-exec-3] Registered instance EMAIL-API/senthil:EMAIL-API with status DOWN (replication=false)
2022-11-23 18:55:47,673 INFO com.netflix.eureka.registry.AbstractInstanceRegistry [http-nio-8761-exec-2] Cancelled instance EMAIL-API/senthil:EMAIL-API (replication=false)
2022-11-23 18:56:01,440 INFO com.netflix.eureka.registry.AbstractInstanceRegistry [http-nio-8761-exec-8] Registered instance EMAIL-API/senthil:EMAIL-API with status UP (replication=false)
2022-11-23 18:56:33,333 INFO com.netflix.eureka.registry.AbstractInstanceRegistry$EvictionTask [Eureka-EvictionTimer] Running the evict task with compensationTime 3ms
2022-11-23 18:57:01,460 INFO com.netflix.eureka.registry.AbstractInstanceRegistry [http-nio-8761-exec-7] Registered instance EMAIL-API/senthil:EMAIL-API with status DOWN (replication=false)
2022-11-23 18:57:04,663 INFO com.netflix.eureka.registry.AbstractInstanceRegistry [http-nio-8761-exec-2] Cancelled instance EMAIL-API/senthil:EMAIL-API (replication=false)
2022-11-23 18:57:18,555 INFO com.netflix.eureka.registry.AbstractInstanceRegistry [http-nio-8761-exec-8] Registered instance EMAIL-API/senthil:EMAIL-API with status UP (replication=false)
2022-11-23 18:57:33,335 INFO com.netflix.eureka.registry.AbstractInstanceRegistry$EvictionTask [Eureka-EvictionTimer] Running the evict task with compensationTime 2ms
2022-11-23 18:58:33,339 INFO com.netflix.eureka.registry.AbstractInstanceRegistry$EvictionTask [Eureka-EvictionTimer] Running the evict task with compensationTime 4ms
2022-11-23 18:58:48,027 INFO com.netflix.eureka.registry.AbstractInstanceRegistry [http-nio-8761-exec-5] Registered instance EMAIL-API/senthil:EMAIL-API with status DOWN (replication=false)
2022-11-23 18:58:51,214 INFO com.netflix.eureka.registry.AbstractInstanceRegistry [http-nio-8761-exec-4] Cancelled instance EMAIL-API/senthil:EMAIL-API (replication=false)
2022-11-23 18:59:05,059 INFO com.netflix.eureka.registry.AbstractInstanceRegistry [http-nio-8761-exec-5] Registered instance EMAIL-API/senthil:EMAIL-API with status UP (replication=false)
2022-11-23 18:59:32,903 WARN com.netflix.eureka.cluster.PeerEurekaNodes [Eureka-PeerNodesUpdater] The replica size seems to be empty. Check the route 53 DNS Registry
2022-11-23 18:59:33,340 INFO com.netflix.eureka.registry.AbstractInstanceRegistry$EvictionTask [Eureka-EvictionTimer] Running the evict task with compensationTime 1ms
2022-11-23 18:59:52,905 INFO com.netflix.eureka.registry.AbstractInstanceRegistry [http-nio-8761-exec-10] Registered instance EMAIL-API/senthil:EMAIL-API with status DOWN (replication=false)
2022-11-23 18:59:56,093 INFO com.netflix.eureka.registry.AbstractInstanceRegistry [http-nio-8761-exec-5] Cancelled instance EMAIL-API/senthil:EMAIL-API (replication=false)
2022-11-23 19:00:09,827 INFO com.netflix.eureka.registry.AbstractInstanceRegistry [http-nio-8761-exec-7] Registered instance EMAIL-API/senthil:EMAIL-API with status UP (replication=false)
2022-11-23 19:00:33,344 INFO com.netflix.eureka.registry.AbstractInstanceRegistry$EvictionTask [Eureka-EvictionTimer] Running the evict task with compensationTime 3ms
2022-11-23 19:01:33,347 INFO com.netflix.eureka.registry.AbstractInstanceRegistry$EvictionTask [Eureka-EvictionTimer] Running the evict task with compensationTime 2ms
2022-11-23 19:02:33,351 INFO com.netflix.eureka.registry.AbstractInstanceRegistry$EvictionTask [Eureka-EvictionTimer] Running the evict task with compensationTime 3ms
2022-11-23 19:03:04,806 INFO com.netflix.eureka.registry.AbstractInstanceRegistry [http-nio-8761-exec-6] Registered instance EMAIL-API/senthil:EMAIL-API with status DOWN (replication=false)
2022-11-23 19:03:07,994 INFO com.netflix.eureka.registry.AbstractInstanceRegistry [http-nio-8761-exec-8] Cancelled instance EMAIL-API/senthil:EMAIL-API (replication=false)
2022-11-23 19:03:21,775 INFO com.netflix.eureka.registry.AbstractInstanceRegistry [http-nio-8761-exec-9] Registered instance EMAIL-API/senthil:EMAIL-API with status UP (replication=false)
2022-11-23 19:03:33,353 INFO com.netflix.eureka.registry.AbstractInstanceRegistry$EvictionTask [Eureka-EvictionTimer] Running the evict task with compensationTime 2ms
2022-11-23 19:04:25,401 INFO com.netflix.eureka.registry.AbstractInstanceRegistry [http-nio-8761-exec-6] Registered instance EMAIL-API/senthil:EMAIL-API with status DOWN (replication=false)
2022-11-23 19:04:28,589 INFO com.netflix.eureka.registry.AbstractInstanceRegistry [http-nio-8761-exec-8] Cancelled instance EMAIL-API/senthil:EMAIL-API (replication=false)
2022-11-23 19:04:33,355 INFO com.netflix.eureka.registry.AbstractInstanceRegistry$EvictionTask [Eureka-EvictionTimer] Running the evict task with compensationTime 1ms
2022-11-23 19:04:42,307 INFO com.netflix.eureka.registry.AbstractInstanceRegistry [http-nio-8761-exec-5] Registered instance EMAIL-API/senthil:EMAIL-API with status UP (replication=false)
2022-11-23 19:05:33,355 INFO com.netflix.eureka.registry.AbstractInstanceRegistry$EvictionTask [Eureka-EvictionTimer] Running the evict task with compensationTime 0ms
2022-11-23 19:06:33,357 INFO com.netflix.eureka.registry.AbstractInstanceRegistry$EvictionTask [Eureka-EvictionTimer] Running the evict task with compensationTime 1ms
2022-11-23 19:06:58,592 INFO com.netflix.eureka.registry.AbstractInstanceRegistry [http-nio-8761-exec-3] Registered instance EMAIL-API/senthil:EMAIL-API with status DOWN (replication=false)
2022-11-23 19:07:01,795 INFO com.netflix.eureka.registry.AbstractInstanceRegistry [http-nio-8761-exec-9] Cancelled instance EMAIL-API/senthil:EMAIL-API (replication=false)
2022-11-23 19:07:33,358 INFO com.netflix.eureka.registry.AbstractInstanceRegistry$EvictionTask [Eureka-EvictionTimer] Running the evict task with compensationTime 1ms
2022-11-23 19:08:33,361 INFO com.netflix.eureka.registry.AbstractInstanceRegistry$EvictionTask [Eureka-EvictionTimer] Running the evict task with compensationTime 2ms
2022-11-23 19:09:32,913 INFO com.netflix.eureka.registry.PeerAwareInstanceRegistryImpl [ReplicaAwareInstanceRegistry - RenewalThresholdUpdater] Current renewal threshold is : 0
2022-11-23 19:09:32,913 WARN com.netflix.eureka.cluster.PeerEurekaNodes [Eureka-PeerNodesUpdater] The replica size seems to be empty. Check the route 53 DNS Registry
2022-11-23 19:09:33,366 INFO com.netflix.eureka.registry.AbstractInstanceRegistry$EvictionTask [Eureka-EvictionTimer] Running the evict task with compensationTime 4ms
2022-11-23 19:10:00,366 INFO com.netflix.eureka.registry.AbstractInstanceRegistry [http-nio-8761-exec-7] Registered instance EMAIL-API/senthil:EMAIL-API with status UP (replication=false)
2022-11-23 19:10:25,915 INFO com.netflix.eureka.registry.AbstractInstanceRegistry [http-nio-8761-exec-6] Registered instance EMAIL-API/senthil:EMAIL-API with status DOWN (replication=false)
2022-11-23 19:10:29,119 INFO com.netflix.eureka.registry.AbstractInstanceRegistry [http-nio-8761-exec-8] Cancelled instance EMAIL-API/senthil:EMAIL-API (replication=false)
2022-11-23 19:10:33,369 INFO com.netflix.eureka.registry.AbstractInstanceRegistry$EvictionTask [Eureka-EvictionTimer] Running the evict task with compensationTime 2ms
2022-11-23 19:10:42,916 INFO com.netflix.eureka.registry.AbstractInstanceRegistry [http-nio-8761-exec-10] Registered instance EMAIL-API/senthil:EMAIL-API with status UP (replication=false)
2022-11-23 19:11:33,370 INFO com.netflix.eureka.registry.AbstractInstanceRegistry$EvictionTask [Eureka-EvictionTimer] Running the evict task with compensationTime 1ms
2022-11-23 19:11:33,979 INFO com.netflix.eureka.registry.AbstractInstanceRegistry [http-nio-8761-exec-5] Registered instance EMAIL-API/senthil:EMAIL-API with status DOWN (replication=false)
2022-11-23 19:11:37,167 INFO com.netflix.eureka.registry.AbstractInstanceRegistry [http-nio-8761-exec-10] Cancelled instance EMAIL-API/senthil:EMAIL-API (replication=false)
2022-11-23 19:11:51,042 INFO com.netflix.eureka.registry.AbstractInstanceRegistry [http-nio-8761-exec-3] Registered instance EMAIL-API/senthil:EMAIL-API with status UP (replication=false)
2022-11-23 19:12:15,513 INFO com.netflix.eureka.registry.AbstractInstanceRegistry [http-nio-8761-exec-6] Registered instance EMAIL-API/senthil:EMAIL-API with status DOWN (replication=false)
2022-11-23 19:12:18,701 INFO com.netflix.eureka.registry.AbstractInstanceRegistry [http-nio-8761-exec-8] Cancelled instance EMAIL-API/senthil:EMAIL-API (replication=false)
2022-11-23 19:12:32,701 INFO com.netflix.eureka.registry.AbstractInstanceRegistry [http-nio-8761-exec-2] Registered instance EMAIL-API/senthil:EMAIL-API with status UP (replication=false)
2022-11-23 19:12:33,373 INFO com.netflix.eureka.registry.AbstractInstanceRegistry$EvictionTask [Eureka-EvictionTimer] Running the evict task with compensationTime 2ms
2022-11-23 19:13:33,385 INFO com.netflix.eureka.registry.AbstractInstanceRegistry$EvictionTask [Eureka-EvictionTimer] Running the evict task with compensationTime 11ms
2022-11-23 19:14:33,400 INFO com.netflix.eureka.registry.AbstractInstanceRegistry$EvictionTask [Eureka-EvictionTimer] Running the evict task with compensationTime 15ms
2022-11-23 19:15:33,402 INFO com.netflix.eureka.registry.AbstractInstanceRegistry$EvictionTask [Eureka-EvictionTimer] Running the evict task with compensationTime 2ms
2022-11-23 19:16:56,804 INFO com.netflix.eureka.registry.AbstractInstanceRegistry$EvictionTask [Eureka-EvictionTimer] Running the evict task with compensationTime 23427ms
2022-11-23 19:17:56,808 INFO com.netflix.eureka.registry.AbstractInstanceRegistry$EvictionTask [Eureka-EvictionTimer] Running the evict task with compensationTime 3ms
2022-11-23 19:18:21,436 INFO com.netflix.eureka.registry.AbstractInstanceRegistry [http-nio-8761-exec-6] Registered instance EMAIL-API/senthil:EMAIL-API with status DOWN (replication=false)
2022-11-23 19:18:24,608 INFO com.netflix.eureka.registry.AbstractInstanceRegistry [http-nio-8761-exec-8] Cancelled instance EMAIL-API/senthil:EMAIL-API (replication=false)
2022-11-23 19:18:56,812 INFO com.netflix.eureka.registry.AbstractInstanceRegistry$EvictionTask [Eureka-EvictionTimer] Running the evict task with compensationTime 4ms
2022-11-23 19:19:56,314 WARN com.netflix.eureka.cluster.PeerEurekaNodes [Eureka-PeerNodesUpdater] The replica size seems to be empty. Check the route 53 DNS Registry
2022-11-23 19:19:56,814 INFO com.netflix.eureka.registry.AbstractInstanceRegistry$EvictionTask [Eureka-EvictionTimer] Running the evict task with compensationTime 1ms
2022-11-23 19:20:56,815 INFO com.netflix.eureka.registry.AbstractInstanceRegistry$EvictionTask [Eureka-EvictionTimer] Running the evict task with compensationTime 1ms
2022-11-23 19:21:56,820 INFO com.netflix.eureka.registry.AbstractInstanceRegistry$EvictionTask [Eureka-EvictionTimer] Running the evict task with compensationTime 5ms
2022-11-23 19:22:34,118 INFO com.netflix.eureka.registry.AbstractInstanceRegistry [http-nio-8761-exec-6] Registered instance EMAIL-API/senthil:EMAIL-API with status UP (replication=false)
2022-11-23 19:22:43,447 INFO com.netflix.eureka.registry.AbstractInstanceRegistry [http-nio-8761-exec-1] Registered instance EMAIL-API/senthil:EMAIL-API with status DOWN (replication=false)
2022-11-23 19:22:46,635 INFO com.netflix.eureka.registry.AbstractInstanceRegistry [http-nio-8761-exec-3] Cancelled instance EMAIL-API/senthil:EMAIL-API (replication=false)
2022-11-23 19:22:49,369 INFO com.netflix.eureka.registry.AbstractInstanceRegistry [http-nio-8761-exec-10] Registered instance EMAIL-API/senthil:EMAIL-API with status UP (replication=false)
2022-11-23 19:22:56,822 INFO com.netflix.eureka.registry.AbstractInstanceRegistry$EvictionTask [Eureka-EvictionTimer] Running the evict task with compensationTime 2ms
2022-11-23 19:23:28,324 INFO com.netflix.eureka.registry.AbstractInstanceRegistry [http-nio-8761-exec-2] Registered instance EMAIL-API/senthil:EMAIL-API with status DOWN (replication=false)
2022-11-23 19:23:31,512 INFO com.netflix.eureka.registry.AbstractInstanceRegistry [http-nio-8761-exec-10] Cancelled instance EMAIL-API/senthil:EMAIL-API (replication=false)
2022-11-23 19:23:45,277 INFO com.netflix.eureka.registry.AbstractInstanceRegistry [http-nio-8761-exec-3] Registered instance EMAIL-API/senthil:EMAIL-API with status UP (replication=false)
2022-11-23 19:23:56,825 INFO com.netflix.eureka.registry.AbstractInstanceRegistry$EvictionTask [Eureka-EvictionTimer] Running the evict task with compensationTime 2ms
2022-11-23 19:24:56,311 INFO com.netflix.eureka.registry.PeerAwareInstanceRegistryImpl [ReplicaAwareInstanceRegistry - RenewalThresholdUpdater] Current renewal threshold is : 0
2022-11-23 19:24:56,826 INFO com.netflix.eureka.registry.AbstractInstanceRegistry$EvictionTask [Eureka-EvictionTimer] Running the evict task with compensationTime 1ms
2022-11-23 19:25:56,831 INFO com.netflix.eureka.registry.AbstractInstanceRegistry$EvictionTask [Eureka-EvictionTimer] Running the evict task with compensationTime 4ms
2022-11-23 19:26:56,837 INFO com.netflix.eureka.registry.AbstractInstanceRegistry$EvictionTask [Eureka-EvictionTimer] Running the evict task with compensationTime 6ms
2022-11-23 19:27:53,104 INFO org.springframework.boot.admin.SpringApplicationAdminMXBeanRegistrar$SpringApplicationAdmin [RMI TCP Connection(116)-127.0.0.1] Application shutdown requested.
2022-11-23 19:27:53,120 INFO org.springframework.cloud.netflix.eureka.serviceregistry.EurekaServiceRegistry [RMI TCP Connection(116)-127.0.0.1] Unregistering application UNKNOWN with eureka with status DOWN
2022-11-23 19:27:53,338 INFO org.apache.juli.logging.DirectJDKLog [RMI TCP Connection(116)-127.0.0.1] Pausing ProtocolHandler ["http-nio-8761"]
2022-11-23 19:27:53,338 INFO org.apache.juli.logging.DirectJDKLog [RMI TCP Connection(116)-127.0.0.1] Stopping service [Tomcat]
2022-11-23 19:27:53,338 INFO org.apache.juli.logging.DirectJDKLog [RMI TCP Connection(116)-127.0.0.1] Destroying Spring FrameworkServlet 'dispatcherServlet'
2022-11-23 19:27:53,370 INFO org.apache.juli.logging.DirectJDKLog [RMI TCP Connection(116)-127.0.0.1] Stopping ProtocolHandler ["http-nio-8761"]
2022-11-23 19:27:53,370 INFO org.apache.juli.logging.DirectJDKLog [RMI TCP Connection(116)-127.0.0.1] Destroying ProtocolHandler ["http-nio-8761"]
2022-11-23 19:27:53,370 INFO org.springframework.cloud.netflix.eureka.server.EurekaServerBootstrap [RMI TCP Connection(116)-127.0.0.1] Shutting down Eureka Server..
2022-11-23 19:27:53,385 INFO com.netflix.eureka.DefaultEurekaServerContext [RMI TCP Connection(116)-127.0.0.1] Shutting down ...
2022-11-23 19:27:53,401 INFO com.netflix.eureka.DefaultEurekaServerContext [RMI TCP Connection(116)-127.0.0.1] Shut down
2022-11-23 19:27:53,401 INFO org.springframework.cloud.netflix.eureka.server.EurekaServerBootstrap [RMI TCP Connection(116)-127.0.0.1] Eureka Service is now shutdown...
2022-11-23 19:27:53,417 INFO com.netflix.eureka.DefaultEurekaServerContext [RMI TCP Connection(116)-127.0.0.1] Shutting down ...
2022-11-23 19:27:53,417 INFO com.netflix.eureka.DefaultEurekaServerContext [RMI TCP Connection(116)-127.0.0.1] Shut down
2022-11-23 19:27:53,432 INFO com.netflix.discovery.DiscoveryClient [RMI TCP Connection(116)-127.0.0.1] Shutting down DiscoveryClient ...
2022-11-23 19:27:53,432 INFO com.netflix.discovery.DiscoveryClient [RMI TCP Connection(116)-127.0.0.1] Completed shut down of DiscoveryClient
2022-11-23 22:18:12,183 INFO org.springframework.boot.StartupInfoLogger [main] Starting SpringEmailEurekaRegistryApplication using Java 11.0.16 on senthil with PID 13676 (C:\Users\SENTHILKUMARMAHESWAR\git\spring-mail-restapi\spring-email-eureka-registry\target\classes started by SENTHILKUMARMAHESWAR in C:\Users\SENTHILKUMARMAHESWAR\git\spring-mail-restapi\spring-email-eureka-registry)
2022-11-23 22:18:12,192 DEBUG org.springframework.boot.StartupInfoLogger [main] Running with Spring Boot v2.6.13, Spring v5.3.23
2022-11-23 22:18:12,193 INFO org.springframework.boot.SpringApplication [main] No active profile set, falling back to 1 default profile: "default"
2022-11-23 22:18:13,364 INFO org.springframework.cloud.context.scope.GenericScope [main] BeanFactory id=8abfaf90-24fc-3f94-a6ed-21400fc2820e
2022-11-23 22:18:13,811 INFO org.springframework.boot.web.embedded.tomcat.TomcatWebServer [main] Tomcat initialized with port(s): 8761 (http)
2022-11-23 22:18:13,821 INFO org.apache.juli.logging.DirectJDKLog [main] Initializing ProtocolHandler ["http-nio-8761"]
2022-11-23 22:18:13,822 INFO org.apache.juli.logging.DirectJDKLog [main] Starting service [Tomcat]
2022-11-23 22:18:13,822 INFO org.apache.juli.logging.DirectJDKLog [main] Starting Servlet engine: [Apache Tomcat/9.0.68]
2022-11-23 22:18:14,009 INFO org.apache.juli.logging.DirectJDKLog [main] Initializing Spring embedded WebApplicationContext
2022-11-23 22:18:14,009 INFO org.springframework.boot.web.servlet.context.ServletWebServerApplicationContext [main] Root WebApplicationContext: initialization completed in 1763 ms
2022-11-23 22:18:14,640 INFO com.sun.jersey.server.impl.application.WebApplicationImpl [main] Initiating Jersey application, version 'Jersey: 1.19.4 05/24/2017 03:20 PM'
2022-11-23 22:18:14,708 INFO com.netflix.discovery.provider.DiscoveryJerseyProvider [main] Using JSON encoding codec LegacyJacksonJson
2022-11-23 22:18:14,710 INFO com.netflix.discovery.provider.DiscoveryJerseyProvider [main] Using JSON decoding codec LegacyJacksonJson
2022-11-23 22:18:14,909 INFO com.netflix.discovery.provider.DiscoveryJerseyProvider [main] Using XML encoding codec XStreamXml
2022-11-23 22:18:14,910 INFO com.netflix.discovery.provider.DiscoveryJerseyProvider [main] Using XML decoding codec XStreamXml
2022-11-23 22:18:17,608 INFO org.springframework.cloud.netflix.eureka.config.DiscoveryClientOptionalArgsConfiguration [main] Eureka HTTP Client uses Jersey
2022-11-23 22:18:17,720 WARN org.springframework.cloud.loadbalancer.config.LoadBalancerCacheAutoConfiguration$LoadBalancerCaffeineWarnLogger [main] Spring Cloud LoadBalancer is currently working with the default cache. While this cache implementation is useful for development and tests, it's recommended to use Caffeine cache in production.You can switch to using Caffeine cache, by adding it and org.springframework.cache.caffeine.CaffeineCacheManager to the classpath.
2022-11-23 22:18:17,744 INFO org.springframework.cloud.netflix.eureka.InstanceInfoFactory [main] Setting initial instance status as: STARTING
2022-11-23 22:18:17,798 INFO com.netflix.discovery.DiscoveryClient [main] Initializing Eureka in region us-east-1
2022-11-23 22:18:17,798 INFO com.netflix.discovery.DiscoveryClient [main] Client configured to neither register nor query for data.
2022-11-23 22:18:17,816 INFO com.netflix.discovery.DiscoveryClient [main] Discovery Client initialized at timestamp 1669222097814 with initial instances count: 0
2022-11-23 22:18:17,863 INFO com.netflix.eureka.DefaultEurekaServerContext [main] Initializing ...
2022-11-23 22:18:17,866 WARN com.netflix.eureka.cluster.PeerEurekaNodes [main] The replica size seems to be empty. Check the route 53 DNS Registry
2022-11-23 22:18:17,883 INFO com.netflix.eureka.registry.AbstractInstanceRegistry [main] Finished initializing remote region registries. All known remote regions: []
2022-11-23 22:18:17,885 INFO com.netflix.eureka.DefaultEurekaServerContext [main] Initialized
2022-11-23 22:18:17,893 INFO org.springframework.boot.actuate.endpoint.web.EndpointLinksResolver [main] Exposing 1 endpoint(s) beneath base path '/actuator'
2022-11-23 22:18:17,968 INFO org.springframework.cloud.netflix.eureka.serviceregistry.EurekaServiceRegistry [main] Registering application EUREKA-REGISTRY with eureka with status UP
2022-11-23 22:18:17,971 INFO org.apache.juli.logging.DirectJDKLog [main] Starting ProtocolHandler ["http-nio-8761"]
2022-11-23 22:18:17,990 INFO org.springframework.cloud.netflix.eureka.server.EurekaServerBootstrap [Thread-9] isAws returned false
2022-11-23 22:18:17,993 INFO org.springframework.cloud.netflix.eureka.server.EurekaServerBootstrap [Thread-9] Initialized server context
2022-11-23 22:18:17,994 INFO com.netflix.eureka.registry.PeerAwareInstanceRegistryImpl [Thread-9] Got 1 instances from neighboring DS node
2022-11-23 22:18:17,994 INFO com.netflix.eureka.registry.PeerAwareInstanceRegistryImpl [Thread-9] Renew threshold is: 1
2022-11-23 22:18:17,995 INFO com.netflix.eureka.registry.PeerAwareInstanceRegistryImpl [Thread-9] Changing status to UP
2022-11-23 22:18:18,002 INFO org.springframework.boot.web.embedded.tomcat.TomcatWebServer [main] Tomcat started on port(s): 8761 (http) with context path ''
2022-11-23 22:18:18,003 INFO org.springframework.cloud.netflix.eureka.serviceregistry.EurekaAutoServiceRegistration [main] Updating port to 8761
2022-11-23 22:18:18,006 INFO org.springframework.cloud.netflix.eureka.server.EurekaServerInitializerConfiguration [Thread-9] Started Eureka Server
2022-11-23 22:18:18,422 INFO org.springframework.boot.StartupInfoLogger [main] Started SpringEmailEurekaRegistryApplication in 7.813 seconds (JVM running for 9.799)
2022-11-23 22:18:53,983 INFO org.apache.juli.logging.DirectJDKLog [http-nio-8761-exec-1] Initializing Spring DispatcherServlet 'dispatcherServlet'
2022-11-23 22:18:53,984 INFO org.springframework.web.servlet.FrameworkServlet [http-nio-8761-exec-1] Initializing Servlet 'dispatcherServlet'
2022-11-23 22:18:53,987 INFO org.springframework.web.servlet.FrameworkServlet [http-nio-8761-exec-1] Completed initialization in 3 ms
2022-11-23 22:18:54,320 INFO com.netflix.eureka.registry.AbstractInstanceRegistry [http-nio-8761-exec-2] Registered instance EMAIL-CONFIG/senthil:EMAIL-CONFIG:8888 with status UP (replication=false)
2022-11-23 22:19:18,001 INFO com.netflix.eureka.registry.AbstractInstanceRegistry$EvictionTask [Eureka-EvictionTimer] Running the evict task with compensationTime 0ms
2022-11-23 22:19:53,392 INFO com.netflix.eureka.registry.AbstractInstanceRegistry [http-nio-8761-exec-6] Registered instance EMAIL-GATEWAY/senthil:EMAIL-GATEWAY:9000 with status UP (replication=false)
2022-11-23 22:20:18,004 INFO com.netflix.eureka.registry.AbstractInstanceRegistry$EvictionTask [Eureka-EvictionTimer] Running the evict task with compensationTime 2ms
2022-11-23 22:20:37,958 INFO com.netflix.eureka.registry.AbstractInstanceRegistry [http-nio-8761-exec-4] Registered instance EMAIL-API/senthil:EMAIL-API:8081 with status UP (replication=false)
2022-11-23 22:21:18,018 INFO com.netflix.eureka.registry.AbstractInstanceRegistry$EvictionTask [Eureka-EvictionTimer] Running the evict task with compensationTime 13ms
2022-11-23 22:22:18,026 INFO com.netflix.eureka.registry.AbstractInstanceRegistry$EvictionTask [Eureka-EvictionTimer] Running the evict task with compensationTime 8ms
2022-11-23 22:23:18,029 INFO com.netflix.eureka.registry.AbstractInstanceRegistry$EvictionTask [Eureka-EvictionTimer] Running the evict task with compensationTime 3ms
2022-11-23 22:24:18,030 INFO com.netflix.eureka.registry.AbstractInstanceRegistry$EvictionTask [Eureka-EvictionTimer] Running the evict task with compensationTime 0ms
2022-11-23 22:25:18,045 INFO com.netflix.eureka.registry.AbstractInstanceRegistry$EvictionTask [Eureka-EvictionTimer] Running the evict task with compensationTime 15ms
2022-11-23 22:26:18,054 INFO com.netflix.eureka.registry.AbstractInstanceRegistry$EvictionTask [Eureka-EvictionTimer] Running the evict task with compensationTime 8ms
2022-11-23 22:27:18,056 INFO com.netflix.eureka.registry.AbstractInstanceRegistry$EvictionTask [Eureka-EvictionTimer] Running the evict task with compensationTime 2ms
2022-11-23 22:28:17,874 WARN com.netflix.eureka.cluster.PeerEurekaNodes [Eureka-PeerNodesUpdater] The replica size seems to be empty. Check the route 53 DNS Registry
2022-11-23 22:28:18,059 INFO com.netflix.eureka.registry.AbstractInstanceRegistry$EvictionTask [Eureka-EvictionTimer] Running the evict task with compensationTime 2ms
2022-11-23 22:28:39,840 INFO com.netflix.eureka.registry.AbstractInstanceRegistry [http-nio-8761-exec-1] Registered instance EMAIL-API/senthil:EMAIL-API:8081 with status DOWN (replication=false)
2022-11-23 22:28:43,622 INFO com.netflix.eureka.registry.AbstractInstanceRegistry [http-nio-8761-exec-2] Cancelled instance EMAIL-API/senthil:EMAIL-API:8081 (replication=false)
2022-11-23 22:28:49,340 INFO com.netflix.eureka.registry.AbstractInstanceRegistry [http-nio-8761-exec-5] Registered instance EMAIL-API/senthil:EMAIL-API:8081 with status UP (replication=false)
2022-11-23 22:29:18,065 INFO com.netflix.eureka.registry.AbstractInstanceRegistry$EvictionTask [Eureka-EvictionTimer] Running the evict task with compensationTime 6ms
2022-11-23 22:30:18,079 INFO com.netflix.eureka.registry.AbstractInstanceRegistry$EvictionTask [Eureka-EvictionTimer] Running the evict task with compensationTime 13ms
2022-11-23 22:30:32,819 INFO com.netflix.eureka.registry.AbstractInstanceRegistry [http-nio-8761-exec-9] Registered instance EMAIL-API/senthil:EMAIL-API:8081 with status DOWN (replication=false)
2022-11-23 22:30:36,293 INFO com.netflix.eureka.registry.AbstractInstanceRegistry [http-nio-8761-exec-10] Cancelled instance EMAIL-API/senthil:EMAIL-API:8081 (replication=false)
2022-11-23 22:30:41,632 INFO com.netflix.eureka.registry.AbstractInstanceRegistry [http-nio-8761-exec-3] Registered instance EMAIL-API/senthil:EMAIL-API:8081 with status UP (replication=false)
2022-11-23 22:31:18,094 INFO com.netflix.eureka.registry.AbstractInstanceRegistry$EvictionTask [Eureka-EvictionTimer] Running the evict task with compensationTime 15ms
2022-11-23 22:32:18,096 INFO com.netflix.eureka.registry.AbstractInstanceRegistry$EvictionTask [Eureka-EvictionTimer] Running the evict task with compensationTime 1ms
2022-11-23 22:33:17,883 INFO com.netflix.eureka.registry.PeerAwareInstanceRegistryImpl [ReplicaAwareInstanceRegistry - RenewalThresholdUpdater] Current renewal threshold is : 0
2022-11-23 22:33:18,102 INFO com.netflix.eureka.registry.AbstractInstanceRegistry$EvictionTask [Eureka-EvictionTimer] Running the evict task with compensationTime 5ms
2022-11-23 22:34:18,108 INFO com.netflix.eureka.registry.AbstractInstanceRegistry$EvictionTask [Eureka-EvictionTimer] Running the evict task with compensationTime 6ms
2022-11-23 22:34:30,828 INFO com.netflix.eureka.registry.AbstractInstanceRegistry [http-nio-8761-exec-2] Registered instance EMAIL-API/senthil:EMAIL-API:8081 with status DOWN (replication=false)
2022-11-23 22:34:34,519 INFO com.netflix.eureka.registry.AbstractInstanceRegistry [http-nio-8761-exec-1] Cancelled instance EMAIL-API/senthil:EMAIL-API:8081 (replication=false)
2022-11-23 22:34:42,072 INFO com.netflix.eureka.registry.AbstractInstanceRegistry [http-nio-8761-exec-5] Registered instance EMAIL-API/senthil:EMAIL-API:8081 with status UP (replication=false)
2022-11-23 22:35:18,109 INFO com.netflix.eureka.registry.AbstractInstanceRegistry$EvictionTask [Eureka-EvictionTimer] Running the evict task with compensationTime 1ms
2022-11-23 22:36:18,124 INFO com.netflix.eureka.registry.AbstractInstanceRegistry$EvictionTask [Eureka-EvictionTimer] Running the evict task with compensationTime 14ms
2022-11-23 22:37:18,132 INFO com.netflix.eureka.registry.AbstractInstanceRegistry$EvictionTask [Eureka-EvictionTimer] Running the evict task with compensationTime 8ms
2022-11-23 22:38:17,887 WARN com.netflix.eureka.cluster.PeerEurekaNodes [Eureka-PeerNodesUpdater] The replica size seems to be empty. Check the route 53 DNS Registry
2022-11-23 22:38:18,138 INFO com.netflix.eureka.registry.AbstractInstanceRegistry$EvictionTask [Eureka-EvictionTimer] Running the evict task with compensationTime 5ms
2022-11-23 22:39:18,140 INFO com.netflix.eureka.registry.AbstractInstanceRegistry$EvictionTask [Eureka-EvictionTimer] Running the evict task with compensationTime 2ms
2022-11-23 22:40:18,146 INFO com.netflix.eureka.registry.AbstractInstanceRegistry$EvictionTask [Eureka-EvictionTimer] Running the evict task with compensationTime 5ms
2022-11-23 22:40:34,532 INFO com.netflix.eureka.registry.AbstractInstanceRegistry [http-nio-8761-exec-8] Registered instance EMAIL-API/senthil:EMAIL-API:8081 with status DOWN (replication=false)
2022-11-23 22:40:37,885 INFO com.netflix.eureka.registry.AbstractInstanceRegistry [http-nio-8761-exec-7] Cancelled instance EMAIL-API/senthil:EMAIL-API:8081 (replication=false)
2022-11-23 22:40:42,999 INFO com.netflix.eureka.registry.AbstractInstanceRegistry [http-nio-8761-exec-1] Registered instance EMAIL-API/senthil:EMAIL-API:8081 with status UP (replication=false)
2022-11-23 22:41:18,159 INFO com.netflix.eureka.registry.AbstractInstanceRegistry$EvictionTask [Eureka-EvictionTimer] Running the evict task with compensationTime 13ms
2022-11-23 22:42:18,165 INFO com.netflix.eureka.registry.AbstractInstanceRegistry$EvictionTask [Eureka-EvictionTimer] Running the evict task with compensationTime 5ms
2022-11-23 22:43:18,172 INFO com.netflix.eureka.registry.AbstractInstanceRegistry$EvictionTask [Eureka-EvictionTimer] Running the evict task with compensationTime 6ms
2022-11-23 22:43:26,093 INFO com.netflix.eureka.registry.AbstractInstanceRegistry [http-nio-8761-exec-10] Registered instance EMAIL-CONFIG/senthil:EMAIL-CONFIG:8888 with status DOWN (replication=false)
2022-11-23 22:43:29,626 INFO com.netflix.eureka.registry.AbstractInstanceRegistry [http-nio-8761-exec-2] Cancelled instance EMAIL-CONFIG/senthil:EMAIL-CONFIG:8888 (replication=false)
2022-11-23 22:43:30,271 INFO org.springframework.boot.admin.SpringApplicationAdminMXBeanRegistrar$SpringApplicationAdmin [RMI TCP Connection(34)-127.0.0.1] Application shutdown requested.
2022-11-23 22:43:30,272 INFO org.springframework.cloud.netflix.eureka.serviceregistry.EurekaServiceRegistry [RMI TCP Connection(34)-127.0.0.1] Unregistering application EUREKA-REGISTRY with eureka with status DOWN
2022-11-23 22:43:30,804 INFO org.apache.juli.logging.DirectJDKLog [RMI TCP Connection(34)-127.0.0.1] Pausing ProtocolHandler ["http-nio-8761"]
2022-11-23 22:43:30,806 INFO org.apache.juli.logging.DirectJDKLog [RMI TCP Connection(34)-127.0.0.1] Stopping service [Tomcat]
2022-11-23 22:43:30,814 INFO org.apache.juli.logging.DirectJDKLog [RMI TCP Connection(34)-127.0.0.1] Destroying Spring FrameworkServlet 'dispatcherServlet'
2022-11-23 22:43:30,838 INFO org.apache.juli.logging.DirectJDKLog [RMI TCP Connection(34)-127.0.0.1] Stopping ProtocolHandler ["http-nio-8761"]
2022-11-23 22:43:30,849 INFO org.apache.juli.logging.DirectJDKLog [RMI TCP Connection(34)-127.0.0.1] Destroying ProtocolHandler ["http-nio-8761"]
2022-11-23 22:43:30,853 INFO org.springframework.cloud.netflix.eureka.server.EurekaServerBootstrap [RMI TCP Connection(34)-127.0.0.1] Shutting down Eureka Server..
2022-11-23 22:43:30,908 INFO com.netflix.eureka.DefaultEurekaServerContext [RMI TCP Connection(34)-127.0.0.1] Shutting down ...
2022-11-23 22:43:30,943 INFO com.netflix.eureka.DefaultEurekaServerContext [RMI TCP Connection(34)-127.0.0.1] Shut down
2022-11-23 22:43:30,944 INFO org.springframework.cloud.netflix.eureka.server.EurekaServerBootstrap [RMI TCP Connection(34)-127.0.0.1] Eureka Service is now shutdown...
2022-11-23 22:43:30,948 INFO com.netflix.eureka.DefaultEurekaServerContext [RMI TCP Connection(34)-127.0.0.1] Shutting down ...
2022-11-23 22:43:30,969 INFO com.netflix.eureka.DefaultEurekaServerContext [RMI TCP Connection(34)-127.0.0.1] Shut down
2022-11-23 22:43:30,993 INFO com.netflix.discovery.DiscoveryClient [RMI TCP Connection(34)-127.0.0.1] Shutting down DiscoveryClient ...
2022-11-23 22:43:30,997 INFO com.netflix.discovery.DiscoveryClient [RMI TCP Connection(34)-127.0.0.1] Completed shut down of DiscoveryClient
