2022-11-21 09:25:19,984 INFO org.springframework.boot.StartupInfoLogger [main] Starting SpringEmailEurekaRegistryApplication using Java 11.0.16 on senthil with PID 4036 (C:\Users\SENTHILKUMARMAHESWAR\git\spring-mail-restapi\spring-email-eureka-registry\target\classes started by SENTHILKUMARMAHESWAR in C:\Users\SENTHILKUMARMAHESWAR\git\spring-mail-restapi\spring-email-eureka-registry)
2022-11-21 09:25:19,988 DEBUG org.springframework.boot.StartupInfoLogger [main] Running with Spring Boot v2.6.13, Spring v5.3.23
2022-11-21 09:25:19,988 INFO org.springframework.boot.SpringApplication [main] No active profile set, falling back to 1 default profile: "default"
2022-11-21 09:25:21,078 INFO org.springframework.cloud.context.scope.GenericScope [main] BeanFactory id=8abfaf90-24fc-3f94-a6ed-21400fc2820e
2022-11-21 09:25:21,445 INFO org.springframework.boot.web.embedded.tomcat.TomcatWebServer [main] Tomcat initialized with port(s): 8761 (http)
2022-11-21 09:25:21,460 INFO org.apache.juli.logging.DirectJDKLog [main] Initializing ProtocolHandler ["http-nio-8761"]
2022-11-21 09:25:21,461 INFO org.apache.juli.logging.DirectJDKLog [main] Starting service [Tomcat]
2022-11-21 09:25:21,461 INFO org.apache.juli.logging.DirectJDKLog [main] Starting Servlet engine: [Apache Tomcat/9.0.68]
2022-11-21 09:25:21,660 INFO org.apache.juli.logging.DirectJDKLog [main] Initializing Spring embedded WebApplicationContext
2022-11-21 09:25:21,661 INFO org.springframework.boot.web.servlet.context.ServletWebServerApplicationContext [main] Root WebApplicationContext: initialization completed in 1622 ms
2022-11-21 09:25:22,227 INFO com.sun.jersey.server.impl.application.WebApplicationImpl [main] Initiating Jersey application, version 'Jersey: 1.19.4 05/24/2017 03:20 PM'
2022-11-21 09:25:22,301 INFO com.netflix.discovery.provider.DiscoveryJerseyProvider [main] Using JSON encoding codec LegacyJacksonJson
2022-11-21 09:25:22,302 INFO com.netflix.discovery.provider.DiscoveryJerseyProvider [main] Using JSON decoding codec LegacyJacksonJson
2022-11-21 09:25:22,522 INFO com.netflix.discovery.provider.DiscoveryJerseyProvider [main] Using XML encoding codec XStreamXml
2022-11-21 09:25:22,522 INFO com.netflix.discovery.provider.DiscoveryJerseyProvider [main] Using XML decoding codec XStreamXml
2022-11-21 09:25:24,520 INFO org.springframework.cloud.netflix.eureka.config.DiscoveryClientOptionalArgsConfiguration [main] Eureka HTTP Client uses Jersey
2022-11-21 09:25:24,585 WARN org.springframework.cloud.loadbalancer.config.LoadBalancerCacheAutoConfiguration$LoadBalancerCaffeineWarnLogger [main] Spring Cloud LoadBalancer is currently working with the default cache. While this cache implementation is useful for development and tests, it's recommended to use Caffeine cache in production.You can switch to using Caffeine cache, by adding it and org.springframework.cache.caffeine.CaffeineCacheManager to the classpath.
2022-11-21 09:25:24,606 INFO org.springframework.cloud.netflix.eureka.InstanceInfoFactory [main] Setting initial instance status as: STARTING
2022-11-21 09:25:24,654 INFO com.netflix.discovery.DiscoveryClient [main] Initializing Eureka in region us-east-1
2022-11-21 09:25:24,655 INFO com.netflix.discovery.DiscoveryClient [main] Client configured to neither register nor query for data.
2022-11-21 09:25:24,684 INFO com.netflix.discovery.DiscoveryClient [main] Discovery Client initialized at timestamp 1669002924679 with initial instances count: 0
2022-11-21 09:25:24,728 INFO com.netflix.eureka.DefaultEurekaServerContext [main] Initializing ...
2022-11-21 09:25:24,735 WARN com.netflix.eureka.cluster.PeerEurekaNodes [main] The replica size seems to be empty. Check the route 53 DNS Registry
2022-11-21 09:25:24,755 INFO com.netflix.eureka.registry.AbstractInstanceRegistry [main] Finished initializing remote region registries. All known remote regions: []
2022-11-21 09:25:24,756 INFO com.netflix.eureka.DefaultEurekaServerContext [main] Initialized
2022-11-21 09:25:24,768 INFO org.springframework.boot.actuate.endpoint.web.EndpointLinksResolver [main] Exposing 1 endpoint(s) beneath base path '/actuator'
2022-11-21 09:25:24,830 INFO org.springframework.cloud.netflix.eureka.serviceregistry.EurekaServiceRegistry [main] Registering application UNKNOWN with eureka with status UP
2022-11-21 09:25:24,835 INFO org.apache.juli.logging.DirectJDKLog [main] Starting ProtocolHandler ["http-nio-8761"]
2022-11-21 09:25:24,843 INFO org.springframework.cloud.netflix.eureka.server.EurekaServerBootstrap [Thread-9] isAws returned false
2022-11-21 09:25:24,845 INFO org.springframework.cloud.netflix.eureka.server.EurekaServerBootstrap [Thread-9] Initialized server context
2022-11-21 09:25:24,845 INFO com.netflix.eureka.registry.PeerAwareInstanceRegistryImpl [Thread-9] Got 1 instances from neighboring DS node
2022-11-21 09:25:24,846 INFO com.netflix.eureka.registry.PeerAwareInstanceRegistryImpl [Thread-9] Renew threshold is: 1
2022-11-21 09:25:24,846 INFO com.netflix.eureka.registry.PeerAwareInstanceRegistryImpl [Thread-9] Changing status to UP
2022-11-21 09:25:24,857 INFO org.springframework.cloud.netflix.eureka.server.EurekaServerInitializerConfiguration [Thread-9] Started Eureka Server
2022-11-21 09:25:24,872 INFO org.springframework.boot.web.embedded.tomcat.TomcatWebServer [main] Tomcat started on port(s): 8761 (http) with context path ''
2022-11-21 09:25:24,872 INFO org.springframework.cloud.netflix.eureka.serviceregistry.EurekaAutoServiceRegistration [main] Updating port to 8761
2022-11-21 09:25:25,195 INFO org.springframework.boot.StartupInfoLogger [main] Started SpringEmailEurekaRegistryApplication in 6.057 seconds (JVM running for 7.132)
2022-11-21 09:25:30,220 INFO org.apache.juli.logging.DirectJDKLog [http-nio-8761-exec-1] Initializing Spring DispatcherServlet 'dispatcherServlet'
2022-11-21 09:25:30,220 INFO org.springframework.web.servlet.FrameworkServlet [http-nio-8761-exec-1] Initializing Servlet 'dispatcherServlet'
2022-11-21 09:25:30,221 INFO org.springframework.web.servlet.FrameworkServlet [http-nio-8761-exec-1] Completed initialization in 1 ms
2022-11-21 09:25:30,468 INFO com.netflix.eureka.registry.AbstractInstanceRegistry [http-nio-8761-exec-2] Registered instance EMAIL-CONFIG/senthil:EMAIL-CONFIG:8888 with status UP (replication=false)
2022-11-21 09:25:50,705 INFO com.netflix.eureka.registry.AbstractInstanceRegistry [http-nio-8761-exec-4] Registered instance EMAIL-GATEWAY/senthil:EMAIL-GATEWAY:9000 with status UP (replication=false)
2022-11-21 09:26:24,852 INFO com.netflix.eureka.registry.AbstractInstanceRegistry$EvictionTask [Eureka-EvictionTimer] Running the evict task with compensationTime 0ms
2022-11-21 09:27:24,863 INFO com.netflix.eureka.registry.AbstractInstanceRegistry$EvictionTask [Eureka-EvictionTimer] Running the evict task with compensationTime 10ms
2022-11-21 09:27:51,848 INFO com.netflix.eureka.registry.AbstractInstanceRegistry [http-nio-8761-exec-10] Registered instance EMAIL-API/senthil:EMAIL-API with status UP (replication=false)
2022-11-21 09:28:24,873 INFO com.netflix.eureka.registry.AbstractInstanceRegistry$EvictionTask [Eureka-EvictionTimer] Running the evict task with compensationTime 9ms
2022-11-21 09:29:24,875 INFO com.netflix.eureka.registry.AbstractInstanceRegistry$EvictionTask [Eureka-EvictionTimer] Running the evict task with compensationTime 2ms
2022-11-21 09:30:24,875 INFO com.netflix.eureka.registry.AbstractInstanceRegistry$EvictionTask [Eureka-EvictionTimer] Running the evict task with compensationTime 0ms
2022-11-21 09:31:24,887 INFO com.netflix.eureka.registry.AbstractInstanceRegistry$EvictionTask [Eureka-EvictionTimer] Running the evict task with compensationTime 11ms
2022-11-21 09:32:24,888 INFO com.netflix.eureka.registry.AbstractInstanceRegistry$EvictionTask [Eureka-EvictionTimer] Running the evict task with compensationTime 0ms
2022-11-21 09:33:24,899 INFO com.netflix.eureka.registry.AbstractInstanceRegistry$EvictionTask [Eureka-EvictionTimer] Running the evict task with compensationTime 11ms
2022-11-21 09:34:24,901 INFO com.netflix.eureka.registry.AbstractInstanceRegistry$EvictionTask [Eureka-EvictionTimer] Running the evict task with compensationTime 1ms
2022-11-21 09:35:24,737 WARN com.netflix.eureka.cluster.PeerEurekaNodes [Eureka-PeerNodesUpdater] The replica size seems to be empty. Check the route 53 DNS Registry
2022-11-21 09:35:24,908 INFO com.netflix.eureka.registry.AbstractInstanceRegistry$EvictionTask [Eureka-EvictionTimer] Running the evict task with compensationTime 7ms
2022-11-21 09:36:24,919 INFO com.netflix.eureka.registry.AbstractInstanceRegistry$EvictionTask [Eureka-EvictionTimer] Running the evict task with compensationTime 10ms
2022-11-21 09:37:24,923 INFO com.netflix.eureka.registry.AbstractInstanceRegistry$EvictionTask [Eureka-EvictionTimer] Running the evict task with compensationTime 3ms
2022-11-21 09:38:24,931 INFO com.netflix.eureka.registry.AbstractInstanceRegistry$EvictionTask [Eureka-EvictionTimer] Running the evict task with compensationTime 8ms
2022-11-21 09:39:24,945 INFO com.netflix.eureka.registry.AbstractInstanceRegistry$EvictionTask [Eureka-EvictionTimer] Running the evict task with compensationTime 14ms
2022-11-21 09:40:24,767 INFO com.netflix.eureka.registry.PeerAwareInstanceRegistryImpl [ReplicaAwareInstanceRegistry - RenewalThresholdUpdater] Current renewal threshold is : 0
2022-11-21 09:40:24,954 INFO com.netflix.eureka.registry.AbstractInstanceRegistry$EvictionTask [Eureka-EvictionTimer] Running the evict task with compensationTime 8ms
2022-11-21 09:41:24,969 INFO com.netflix.eureka.registry.AbstractInstanceRegistry$EvictionTask [Eureka-EvictionTimer] Running the evict task with compensationTime 14ms
2022-11-21 09:42:24,976 INFO com.netflix.eureka.registry.AbstractInstanceRegistry$EvictionTask [Eureka-EvictionTimer] Running the evict task with compensationTime 7ms
2022-11-21 09:43:24,985 INFO com.netflix.eureka.registry.AbstractInstanceRegistry$EvictionTask [Eureka-EvictionTimer] Running the evict task with compensationTime 8ms
2022-11-21 09:44:24,994 INFO com.netflix.eureka.registry.AbstractInstanceRegistry$EvictionTask [Eureka-EvictionTimer] Running the evict task with compensationTime 9ms
2022-11-21 09:45:24,745 WARN com.netflix.eureka.cluster.PeerEurekaNodes [Eureka-PeerNodesUpdater] The replica size seems to be empty. Check the route 53 DNS Registry
2022-11-21 09:45:24,996 INFO com.netflix.eureka.registry.AbstractInstanceRegistry$EvictionTask [Eureka-EvictionTimer] Running the evict task with compensationTime 1ms
2022-11-21 09:46:25,002 INFO com.netflix.eureka.registry.AbstractInstanceRegistry$EvictionTask [Eureka-EvictionTimer] Running the evict task with compensationTime 6ms
2022-11-21 09:47:25,004 INFO com.netflix.eureka.registry.AbstractInstanceRegistry$EvictionTask [Eureka-EvictionTimer] Running the evict task with compensationTime 1ms
2022-11-21 09:47:25,524 INFO com.netflix.eureka.registry.AbstractInstanceRegistry [http-nio-8761-exec-8] Registered instance EMAIL-API/senthil:EMAIL-API with status DOWN (replication=false)
2022-11-21 09:47:28,725 INFO com.netflix.eureka.registry.AbstractInstanceRegistry [http-nio-8761-exec-4] Cancelled instance EMAIL-API/senthil:EMAIL-API (replication=false)
2022-11-21 09:47:42,389 INFO com.netflix.eureka.registry.AbstractInstanceRegistry [http-nio-8761-exec-9] Registered instance EMAIL-API/senthil:EMAIL-API with status UP (replication=false)
2022-11-21 09:48:25,017 INFO com.netflix.eureka.registry.AbstractInstanceRegistry$EvictionTask [Eureka-EvictionTimer] Running the evict task with compensationTime 13ms
2022-11-21 09:48:35,609 INFO com.netflix.eureka.registry.AbstractInstanceRegistry [http-nio-8761-exec-1] Registered instance EMAIL-API/senthil:EMAIL-API with status DOWN (replication=false)
2022-11-21 09:48:38,810 INFO com.netflix.eureka.registry.AbstractInstanceRegistry [http-nio-8761-exec-2] Cancelled instance EMAIL-API/senthil:EMAIL-API (replication=false)
2022-11-21 09:48:52,344 INFO com.netflix.eureka.registry.AbstractInstanceRegistry [http-nio-8761-exec-7] Registered instance EMAIL-API/senthil:EMAIL-API with status UP (replication=false)
2022-11-21 09:49:25,022 INFO com.netflix.eureka.registry.AbstractInstanceRegistry$EvictionTask [Eureka-EvictionTimer] Running the evict task with compensationTime 5ms
2022-11-21 09:50:25,032 INFO com.netflix.eureka.registry.AbstractInstanceRegistry$EvictionTask [Eureka-EvictionTimer] Running the evict task with compensationTime 10ms
2022-11-21 09:51:25,037 INFO com.netflix.eureka.registry.AbstractInstanceRegistry$EvictionTask [Eureka-EvictionTimer] Running the evict task with compensationTime 4ms
2022-11-21 09:52:25,041 INFO com.netflix.eureka.registry.AbstractInstanceRegistry$EvictionTask [Eureka-EvictionTimer] Running the evict task with compensationTime 4ms
2022-11-21 09:53:25,057 INFO com.netflix.eureka.registry.AbstractInstanceRegistry$EvictionTask [Eureka-EvictionTimer] Running the evict task with compensationTime 15ms
2022-11-21 09:54:25,071 INFO com.netflix.eureka.registry.AbstractInstanceRegistry$EvictionTask [Eureka-EvictionTimer] Running the evict task with compensationTime 14ms
2022-11-21 09:55:24,756 WARN com.netflix.eureka.cluster.PeerEurekaNodes [Eureka-PeerNodesUpdater] The replica size seems to be empty. Check the route 53 DNS Registry
2022-11-21 09:55:24,772 INFO com.netflix.eureka.registry.PeerAwareInstanceRegistryImpl [ReplicaAwareInstanceRegistry - RenewalThresholdUpdater] Current renewal threshold is : 0
2022-11-21 09:55:25,083 INFO com.netflix.eureka.registry.AbstractInstanceRegistry$EvictionTask [Eureka-EvictionTimer] Running the evict task with compensationTime 12ms
2022-11-21 09:56:25,094 INFO com.netflix.eureka.registry.AbstractInstanceRegistry$EvictionTask [Eureka-EvictionTimer] Running the evict task with compensationTime 10ms
2022-11-21 09:57:25,104 INFO com.netflix.eureka.registry.AbstractInstanceRegistry$EvictionTask [Eureka-EvictionTimer] Running the evict task with compensationTime 10ms
2022-11-21 09:58:25,106 INFO com.netflix.eureka.registry.AbstractInstanceRegistry$EvictionTask [Eureka-EvictionTimer] Running the evict task with compensationTime 2ms
2022-11-21 09:59:25,118 INFO com.netflix.eureka.registry.AbstractInstanceRegistry$EvictionTask [Eureka-EvictionTimer] Running the evict task with compensationTime 11ms
2022-11-21 10:00:25,127 INFO com.netflix.eureka.registry.AbstractInstanceRegistry$EvictionTask [Eureka-EvictionTimer] Running the evict task with compensationTime 8ms
2022-11-21 10:01:25,128 INFO com.netflix.eureka.registry.AbstractInstanceRegistry$EvictionTask [Eureka-EvictionTimer] Running the evict task with compensationTime 1ms
2022-11-21 10:02:25,130 INFO com.netflix.eureka.registry.AbstractInstanceRegistry$EvictionTask [Eureka-EvictionTimer] Running the evict task with compensationTime 1ms
2022-11-21 10:03:25,134 INFO com.netflix.eureka.registry.AbstractInstanceRegistry$EvictionTask [Eureka-EvictionTimer] Running the evict task with compensationTime 4ms
2022-11-21 10:04:25,149 INFO com.netflix.eureka.registry.AbstractInstanceRegistry$EvictionTask [Eureka-EvictionTimer] Running the evict task with compensationTime 15ms
2022-11-21 10:05:24,767 WARN com.netflix.eureka.cluster.PeerEurekaNodes [Eureka-PeerNodesUpdater] The replica size seems to be empty. Check the route 53 DNS Registry
2022-11-21 10:05:25,151 INFO com.netflix.eureka.registry.AbstractInstanceRegistry$EvictionTask [Eureka-EvictionTimer] Running the evict task with compensationTime 1ms
2022-11-21 10:06:25,154 INFO com.netflix.eureka.registry.AbstractInstanceRegistry$EvictionTask [Eureka-EvictionTimer] Running the evict task with compensationTime 2ms
2022-11-21 10:07:25,157 INFO com.netflix.eureka.registry.AbstractInstanceRegistry$EvictionTask [Eureka-EvictionTimer] Running the evict task with compensationTime 3ms
2022-11-21 10:08:25,171 INFO com.netflix.eureka.registry.AbstractInstanceRegistry$EvictionTask [Eureka-EvictionTimer] Running the evict task with compensationTime 14ms
2022-11-21 10:09:25,175 INFO com.netflix.eureka.registry.AbstractInstanceRegistry$EvictionTask [Eureka-EvictionTimer] Running the evict task with compensationTime 3ms
2022-11-21 10:10:24,774 INFO com.netflix.eureka.registry.PeerAwareInstanceRegistryImpl [ReplicaAwareInstanceRegistry - RenewalThresholdUpdater] Current renewal threshold is : 0
2022-11-21 10:10:25,189 INFO com.netflix.eureka.registry.AbstractInstanceRegistry$EvictionTask [Eureka-EvictionTimer] Running the evict task with compensationTime 14ms
2022-11-21 10:11:25,192 INFO com.netflix.eureka.registry.AbstractInstanceRegistry$EvictionTask [Eureka-EvictionTimer] Running the evict task with compensationTime 2ms
2022-11-21 10:12:25,195 INFO com.netflix.eureka.registry.AbstractInstanceRegistry$EvictionTask [Eureka-EvictionTimer] Running the evict task with compensationTime 2ms
2022-11-21 10:13:25,196 INFO com.netflix.eureka.registry.AbstractInstanceRegistry$EvictionTask [Eureka-EvictionTimer] Running the evict task with compensationTime 1ms
2022-11-21 10:14:25,197 INFO com.netflix.eureka.registry.AbstractInstanceRegistry$EvictionTask [Eureka-EvictionTimer] Running the evict task with compensationTime 0ms
2022-11-21 10:15:24,784 WARN com.netflix.eureka.cluster.PeerEurekaNodes [Eureka-PeerNodesUpdater] The replica size seems to be empty. Check the route 53 DNS Registry
2022-11-21 10:15:25,198 INFO com.netflix.eureka.registry.AbstractInstanceRegistry$EvictionTask [Eureka-EvictionTimer] Running the evict task with compensationTime 1ms
2022-11-21 10:16:25,200 INFO com.netflix.eureka.registry.AbstractInstanceRegistry$EvictionTask [Eureka-EvictionTimer] Running the evict task with compensationTime 1ms
2022-11-21 10:17:25,202 INFO com.netflix.eureka.registry.AbstractInstanceRegistry$EvictionTask [Eureka-EvictionTimer] Running the evict task with compensationTime 2ms
2022-11-21 10:18:25,202 INFO com.netflix.eureka.registry.AbstractInstanceRegistry$EvictionTask [Eureka-EvictionTimer] Running the evict task with compensationTime 0ms
2022-11-21 10:19:25,208 INFO com.netflix.eureka.registry.AbstractInstanceRegistry$EvictionTask [Eureka-EvictionTimer] Running the evict task with compensationTime 5ms
2022-11-21 10:20:25,211 INFO com.netflix.eureka.registry.AbstractInstanceRegistry$EvictionTask [Eureka-EvictionTimer] Running the evict task with compensationTime 3ms
2022-11-21 10:21:25,222 INFO com.netflix.eureka.registry.AbstractInstanceRegistry$EvictionTask [Eureka-EvictionTimer] Running the evict task with compensationTime 10ms
2022-11-21 10:22:25,229 INFO com.netflix.eureka.registry.AbstractInstanceRegistry$EvictionTask [Eureka-EvictionTimer] Running the evict task with compensationTime 7ms
2022-11-21 10:23:25,234 INFO com.netflix.eureka.registry.AbstractInstanceRegistry$EvictionTask [Eureka-EvictionTimer] Running the evict task with compensationTime 5ms
2022-11-21 10:24:25,240 INFO com.netflix.eureka.registry.AbstractInstanceRegistry$EvictionTask [Eureka-EvictionTimer] Running the evict task with compensationTime 6ms
2022-11-21 10:25:24,789 INFO com.netflix.eureka.registry.PeerAwareInstanceRegistryImpl [ReplicaAwareInstanceRegistry - RenewalThresholdUpdater] Current renewal threshold is : 0
2022-11-21 10:25:24,789 WARN com.netflix.eureka.cluster.PeerEurekaNodes [Eureka-PeerNodesUpdater] The replica size seems to be empty. Check the route 53 DNS Registry
2022-11-21 10:25:25,245 INFO com.netflix.eureka.registry.AbstractInstanceRegistry$EvictionTask [Eureka-EvictionTimer] Running the evict task with compensationTime 5ms
2022-11-21 10:26:25,248 INFO com.netflix.eureka.registry.AbstractInstanceRegistry$EvictionTask [Eureka-EvictionTimer] Running the evict task with compensationTime 2ms
2022-11-21 10:27:25,248 INFO com.netflix.eureka.registry.AbstractInstanceRegistry$EvictionTask [Eureka-EvictionTimer] Running the evict task with compensationTime 0ms
2022-11-21 10:28:25,262 INFO com.netflix.eureka.registry.AbstractInstanceRegistry$EvictionTask [Eureka-EvictionTimer] Running the evict task with compensationTime 13ms
2022-11-21 10:29:25,270 INFO com.netflix.eureka.registry.AbstractInstanceRegistry$EvictionTask [Eureka-EvictionTimer] Running the evict task with compensationTime 8ms
2022-11-21 10:30:25,271 INFO com.netflix.eureka.registry.AbstractInstanceRegistry$EvictionTask [Eureka-EvictionTimer] Running the evict task with compensationTime 0ms
2022-11-21 10:31:25,284 INFO com.netflix.eureka.registry.AbstractInstanceRegistry$EvictionTask [Eureka-EvictionTimer] Running the evict task with compensationTime 13ms
2022-11-21 10:32:25,289 INFO com.netflix.eureka.registry.AbstractInstanceRegistry$EvictionTask [Eureka-EvictionTimer] Running the evict task with compensationTime 4ms
2022-11-21 10:33:25,304 INFO com.netflix.eureka.registry.AbstractInstanceRegistry$EvictionTask [Eureka-EvictionTimer] Running the evict task with compensationTime 14ms
2022-11-21 10:34:25,311 INFO com.netflix.eureka.registry.AbstractInstanceRegistry$EvictionTask [Eureka-EvictionTimer] Running the evict task with compensationTime 7ms
2022-11-21 10:35:24,796 WARN com.netflix.eureka.cluster.PeerEurekaNodes [Eureka-PeerNodesUpdater] The replica size seems to be empty. Check the route 53 DNS Registry
2022-11-21 10:35:25,311 INFO com.netflix.eureka.registry.AbstractInstanceRegistry$EvictionTask [Eureka-EvictionTimer] Running the evict task with compensationTime 0ms
2022-11-21 10:36:25,315 INFO com.netflix.eureka.registry.AbstractInstanceRegistry$EvictionTask [Eureka-EvictionTimer] Running the evict task with compensationTime 4ms
2022-11-21 10:37:25,322 INFO com.netflix.eureka.registry.AbstractInstanceRegistry$EvictionTask [Eureka-EvictionTimer] Running the evict task with compensationTime 6ms
2022-11-21 10:38:25,341 INFO com.netflix.eureka.registry.AbstractInstanceRegistry$EvictionTask [Eureka-EvictionTimer] Running the evict task with compensationTime 8ms
2022-11-21 10:39:25,332 INFO com.netflix.eureka.registry.AbstractInstanceRegistry$EvictionTask [Eureka-EvictionTimer] Running the evict task with compensationTime 1ms
2022-11-21 10:40:24,805 INFO com.netflix.eureka.registry.PeerAwareInstanceRegistryImpl [ReplicaAwareInstanceRegistry - RenewalThresholdUpdater] Current renewal threshold is : 0
2022-11-21 10:40:25,335 INFO com.netflix.eureka.registry.AbstractInstanceRegistry$EvictionTask [Eureka-EvictionTimer] Running the evict task with compensationTime 3ms
2022-11-21 10:41:25,342 INFO com.netflix.eureka.registry.AbstractInstanceRegistry$EvictionTask [Eureka-EvictionTimer] Running the evict task with compensationTime 7ms
2022-11-21 10:42:25,343 INFO com.netflix.eureka.registry.AbstractInstanceRegistry$EvictionTask [Eureka-EvictionTimer] Running the evict task with compensationTime 0ms
2022-11-21 10:43:25,347 INFO com.netflix.eureka.registry.AbstractInstanceRegistry$EvictionTask [Eureka-EvictionTimer] Running the evict task with compensationTime 4ms
2022-11-21 10:44:25,354 INFO com.netflix.eureka.registry.AbstractInstanceRegistry$EvictionTask [Eureka-EvictionTimer] Running the evict task with compensationTime 7ms
2022-11-21 10:45:24,810 WARN com.netflix.eureka.cluster.PeerEurekaNodes [Eureka-PeerNodesUpdater] The replica size seems to be empty. Check the route 53 DNS Registry
2022-11-21 10:45:25,359 INFO com.netflix.eureka.registry.AbstractInstanceRegistry$EvictionTask [Eureka-EvictionTimer] Running the evict task with compensationTime 5ms
2022-11-21 10:46:25,367 INFO com.netflix.eureka.registry.AbstractInstanceRegistry$EvictionTask [Eureka-EvictionTimer] Running the evict task with compensationTime 7ms
2022-11-21 10:47:25,370 INFO com.netflix.eureka.registry.AbstractInstanceRegistry$EvictionTask [Eureka-EvictionTimer] Running the evict task with compensationTime 3ms
2022-11-21 10:48:25,378 INFO com.netflix.eureka.registry.AbstractInstanceRegistry$EvictionTask [Eureka-EvictionTimer] Running the evict task with compensationTime 8ms
2022-11-21 10:49:25,379 INFO com.netflix.eureka.registry.AbstractInstanceRegistry$EvictionTask [Eureka-EvictionTimer] Running the evict task with compensationTime 1ms
2022-11-21 10:50:25,380 INFO com.netflix.eureka.registry.AbstractInstanceRegistry$EvictionTask [Eureka-EvictionTimer] Running the evict task with compensationTime 0ms
2022-11-21 10:51:25,388 INFO com.netflix.eureka.registry.AbstractInstanceRegistry$EvictionTask [Eureka-EvictionTimer] Running the evict task with compensationTime 8ms
2022-11-21 10:52:25,389 INFO com.netflix.eureka.registry.AbstractInstanceRegistry$EvictionTask [Eureka-EvictionTimer] Running the evict task with compensationTime 0ms
2022-11-21 10:53:25,395 INFO com.netflix.eureka.registry.AbstractInstanceRegistry$EvictionTask [Eureka-EvictionTimer] Running the evict task with compensationTime 5ms
2022-11-21 10:54:25,398 INFO com.netflix.eureka.registry.AbstractInstanceRegistry$EvictionTask [Eureka-EvictionTimer] Running the evict task with compensationTime 3ms
2022-11-21 10:55:24,806 INFO com.netflix.eureka.registry.PeerAwareInstanceRegistryImpl [ReplicaAwareInstanceRegistry - RenewalThresholdUpdater] Current renewal threshold is : 0
2022-11-21 10:55:24,815 WARN com.netflix.eureka.cluster.PeerEurekaNodes [Eureka-PeerNodesUpdater] The replica size seems to be empty. Check the route 53 DNS Registry
2022-11-21 10:55:25,404 INFO com.netflix.eureka.registry.AbstractInstanceRegistry$EvictionTask [Eureka-EvictionTimer] Running the evict task with compensationTime 6ms
2022-11-21 10:56:25,417 INFO com.netflix.eureka.registry.AbstractInstanceRegistry$EvictionTask [Eureka-EvictionTimer] Running the evict task with compensationTime 12ms
2022-11-21 10:57:25,430 INFO com.netflix.eureka.registry.AbstractInstanceRegistry$EvictionTask [Eureka-EvictionTimer] Running the evict task with compensationTime 13ms
2022-11-21 10:58:25,446 INFO com.netflix.eureka.registry.AbstractInstanceRegistry$EvictionTask [Eureka-EvictionTimer] Running the evict task with compensationTime 15ms
2022-11-21 10:59:25,456 INFO com.netflix.eureka.registry.AbstractInstanceRegistry$EvictionTask [Eureka-EvictionTimer] Running the evict task with compensationTime 9ms
2022-11-21 11:00:25,458 INFO com.netflix.eureka.registry.AbstractInstanceRegistry$EvictionTask [Eureka-EvictionTimer] Running the evict task with compensationTime 2ms
2022-11-21 11:01:25,463 INFO com.netflix.eureka.registry.AbstractInstanceRegistry$EvictionTask [Eureka-EvictionTimer] Running the evict task with compensationTime 4ms
2022-11-21 11:02:25,470 INFO com.netflix.eureka.registry.AbstractInstanceRegistry$EvictionTask [Eureka-EvictionTimer] Running the evict task with compensationTime 7ms
2022-11-21 11:03:25,474 INFO com.netflix.eureka.registry.AbstractInstanceRegistry$EvictionTask [Eureka-EvictionTimer] Running the evict task with compensationTime 4ms
2022-11-21 11:04:25,482 INFO com.netflix.eureka.registry.AbstractInstanceRegistry$EvictionTask [Eureka-EvictionTimer] Running the evict task with compensationTime 7ms
2022-11-21 11:05:24,824 WARN com.netflix.eureka.cluster.PeerEurekaNodes [Eureka-PeerNodesUpdater] The replica size seems to be empty. Check the route 53 DNS Registry
2022-11-21 11:05:25,494 INFO com.netflix.eureka.registry.AbstractInstanceRegistry$EvictionTask [Eureka-EvictionTimer] Running the evict task with compensationTime 11ms
2022-11-21 11:06:25,495 INFO com.netflix.eureka.registry.AbstractInstanceRegistry$EvictionTask [Eureka-EvictionTimer] Running the evict task with compensationTime 1ms
2022-11-21 11:07:25,504 INFO com.netflix.eureka.registry.AbstractInstanceRegistry$EvictionTask [Eureka-EvictionTimer] Running the evict task with compensationTime 9ms
2022-11-21 11:08:25,513 INFO com.netflix.eureka.registry.AbstractInstanceRegistry$EvictionTask [Eureka-EvictionTimer] Running the evict task with compensationTime 8ms
2022-11-21 11:09:25,525 INFO com.netflix.eureka.registry.AbstractInstanceRegistry$EvictionTask [Eureka-EvictionTimer] Running the evict task with compensationTime 12ms
2022-11-21 11:10:24,815 INFO com.netflix.eureka.registry.PeerAwareInstanceRegistryImpl [ReplicaAwareInstanceRegistry - RenewalThresholdUpdater] Current renewal threshold is : 0
2022-11-21 11:10:25,532 INFO com.netflix.eureka.registry.AbstractInstanceRegistry$EvictionTask [Eureka-EvictionTimer] Running the evict task with compensationTime 7ms
2022-11-21 11:10:26,787 INFO com.netflix.eureka.registry.AbstractInstanceRegistry [http-nio-8761-exec-6] Registered instance EMAIL-CONFIG/senthil:EMAIL-CONFIG:8888 with status DOWN (replication=false)
2022-11-21 11:10:30,127 INFO com.netflix.eureka.registry.AbstractInstanceRegistry [http-nio-8761-exec-3] Cancelled instance EMAIL-CONFIG/senthil:EMAIL-CONFIG:8888 (replication=false)
2022-11-21 11:10:42,568 INFO com.netflix.eureka.registry.AbstractInstanceRegistry [http-nio-8761-exec-4] Registered instance EMAIL-CONFIG/senthil:EMAIL-CONFIG:8888 with status UP (replication=false)
2022-11-21 11:10:43,930 INFO org.springframework.boot.admin.SpringApplicationAdminMXBeanRegistrar$SpringApplicationAdmin [RMI TCP Connection(113)-127.0.0.1] Application shutdown requested.
2022-11-21 11:10:43,935 INFO org.springframework.cloud.netflix.eureka.serviceregistry.EurekaServiceRegistry [RMI TCP Connection(113)-127.0.0.1] Unregistering application UNKNOWN with eureka with status DOWN
2022-11-21 11:10:44,528 INFO org.apache.juli.logging.DirectJDKLog [RMI TCP Connection(113)-127.0.0.1] Pausing ProtocolHandler ["http-nio-8761"]
2022-11-21 11:10:44,531 INFO org.apache.juli.logging.DirectJDKLog [RMI TCP Connection(113)-127.0.0.1] Stopping service [Tomcat]
2022-11-21 11:10:44,543 INFO org.apache.juli.logging.DirectJDKLog [RMI TCP Connection(113)-127.0.0.1] Destroying Spring FrameworkServlet 'dispatcherServlet'
2022-11-21 11:10:44,591 INFO org.apache.juli.logging.DirectJDKLog [RMI TCP Connection(113)-127.0.0.1] Stopping ProtocolHandler ["http-nio-8761"]
2022-11-21 11:10:44,604 INFO org.apache.juli.logging.DirectJDKLog [RMI TCP Connection(113)-127.0.0.1] Destroying ProtocolHandler ["http-nio-8761"]
2022-11-21 11:10:44,608 INFO org.springframework.cloud.netflix.eureka.server.EurekaServerBootstrap [RMI TCP Connection(113)-127.0.0.1] Shutting down Eureka Server..
2022-11-21 11:10:44,645 INFO com.netflix.eureka.DefaultEurekaServerContext [RMI TCP Connection(113)-127.0.0.1] Shutting down ...
2022-11-21 11:10:44,717 INFO com.netflix.eureka.DefaultEurekaServerContext [RMI TCP Connection(113)-127.0.0.1] Shut down
2022-11-21 11:10:44,717 INFO org.springframework.cloud.netflix.eureka.server.EurekaServerBootstrap [RMI TCP Connection(113)-127.0.0.1] Eureka Service is now shutdown...
2022-11-21 11:10:44,732 INFO com.netflix.eureka.DefaultEurekaServerContext [RMI TCP Connection(113)-127.0.0.1] Shutting down ...
2022-11-21 11:10:44,752 INFO com.netflix.eureka.DefaultEurekaServerContext [RMI TCP Connection(113)-127.0.0.1] Shut down
2022-11-21 11:10:44,787 INFO com.netflix.discovery.DiscoveryClient [RMI TCP Connection(113)-127.0.0.1] Shutting down DiscoveryClient ...
2022-11-21 11:10:44,793 INFO com.netflix.discovery.DiscoveryClient [RMI TCP Connection(113)-127.0.0.1] Completed shut down of DiscoveryClient
2022-11-21 11:10:50,033 INFO org.springframework.boot.StartupInfoLogger [main] Starting SpringEmailEurekaRegistryApplication using Java 11.0.16 on senthil with PID 5528 (C:\Users\SENTHILKUMARMAHESWAR\git\spring-mail-restapi\spring-email-eureka-registry\target\classes started by SENTHILKUMARMAHESWAR in C:\Users\SENTHILKUMARMAHESWAR\git\spring-mail-restapi\spring-email-eureka-registry)
2022-11-21 11:10:50,039 DEBUG org.springframework.boot.StartupInfoLogger [main] Running with Spring Boot v2.6.13, Spring v5.3.23
2022-11-21 11:10:50,040 INFO org.springframework.boot.SpringApplication [main] No active profile set, falling back to 1 default profile: "default"
2022-11-21 11:10:51,511 INFO org.springframework.cloud.context.scope.GenericScope [main] BeanFactory id=8abfaf90-24fc-3f94-a6ed-21400fc2820e
2022-11-21 11:10:51,858 INFO org.springframework.boot.web.embedded.tomcat.TomcatWebServer [main] Tomcat initialized with port(s): 8761 (http)
2022-11-21 11:10:51,871 INFO org.apache.juli.logging.DirectJDKLog [main] Initializing ProtocolHandler ["http-nio-8761"]
2022-11-21 11:10:51,871 INFO org.apache.juli.logging.DirectJDKLog [main] Starting service [Tomcat]
2022-11-21 11:10:51,872 INFO org.apache.juli.logging.DirectJDKLog [main] Starting Servlet engine: [Apache Tomcat/9.0.68]
2022-11-21 11:10:52,048 INFO org.apache.juli.logging.DirectJDKLog [main] Initializing Spring embedded WebApplicationContext
2022-11-21 11:10:52,048 INFO org.springframework.boot.web.servlet.context.ServletWebServerApplicationContext [main] Root WebApplicationContext: initialization completed in 1921 ms
2022-11-21 11:10:52,934 INFO com.sun.jersey.server.impl.application.WebApplicationImpl [main] Initiating Jersey application, version 'Jersey: 1.19.4 05/24/2017 03:20 PM'
2022-11-21 11:10:53,026 INFO com.netflix.discovery.provider.DiscoveryJerseyProvider [main] Using JSON encoding codec LegacyJacksonJson
2022-11-21 11:10:53,032 INFO com.netflix.discovery.provider.DiscoveryJerseyProvider [main] Using JSON decoding codec LegacyJacksonJson
2022-11-21 11:10:53,353 INFO com.netflix.discovery.provider.DiscoveryJerseyProvider [main] Using XML encoding codec XStreamXml
2022-11-21 11:10:53,355 INFO com.netflix.discovery.provider.DiscoveryJerseyProvider [main] Using XML decoding codec XStreamXml
2022-11-21 11:10:56,684 INFO org.springframework.cloud.netflix.eureka.config.DiscoveryClientOptionalArgsConfiguration [main] Eureka HTTP Client uses Jersey
2022-11-21 11:10:56,794 WARN org.springframework.cloud.loadbalancer.config.LoadBalancerCacheAutoConfiguration$LoadBalancerCaffeineWarnLogger [main] Spring Cloud LoadBalancer is currently working with the default cache. While this cache implementation is useful for development and tests, it's recommended to use Caffeine cache in production.You can switch to using Caffeine cache, by adding it and org.springframework.cache.caffeine.CaffeineCacheManager to the classpath.
2022-11-21 11:10:56,833 INFO org.springframework.cloud.netflix.eureka.InstanceInfoFactory [main] Setting initial instance status as: STARTING
2022-11-21 11:10:56,882 INFO com.netflix.discovery.DiscoveryClient [main] Initializing Eureka in region us-east-1
2022-11-21 11:10:56,882 INFO com.netflix.discovery.DiscoveryClient [main] Client configured to neither register nor query for data.
2022-11-21 11:10:56,895 INFO com.netflix.discovery.DiscoveryClient [main] Discovery Client initialized at timestamp 1669009256893 with initial instances count: 0
2022-11-21 11:10:56,952 INFO com.netflix.eureka.DefaultEurekaServerContext [main] Initializing ...
2022-11-21 11:10:56,955 WARN com.netflix.eureka.cluster.PeerEurekaNodes [main] The replica size seems to be empty. Check the route 53 DNS Registry
2022-11-21 11:10:56,976 INFO com.netflix.eureka.registry.AbstractInstanceRegistry [main] Finished initializing remote region registries. All known remote regions: []
2022-11-21 11:10:56,978 INFO com.netflix.eureka.DefaultEurekaServerContext [main] Initialized
2022-11-21 11:10:56,989 INFO org.springframework.boot.actuate.endpoint.web.EndpointLinksResolver [main] Exposing 1 endpoint(s) beneath base path '/actuator'
2022-11-21 11:10:57,064 INFO org.springframework.cloud.netflix.eureka.serviceregistry.EurekaServiceRegistry [main] Registering application UNKNOWN with eureka with status UP
2022-11-21 11:10:57,067 INFO org.apache.juli.logging.DirectJDKLog [main] Starting ProtocolHandler ["http-nio-8761"]
2022-11-21 11:10:57,081 INFO org.springframework.cloud.netflix.eureka.server.EurekaServerBootstrap [Thread-9] isAws returned false
2022-11-21 11:10:57,084 INFO org.springframework.cloud.netflix.eureka.server.EurekaServerBootstrap [Thread-9] Initialized server context
2022-11-21 11:10:57,085 INFO com.netflix.eureka.registry.PeerAwareInstanceRegistryImpl [Thread-9] Got 1 instances from neighboring DS node
2022-11-21 11:10:57,085 INFO com.netflix.eureka.registry.PeerAwareInstanceRegistryImpl [Thread-9] Renew threshold is: 1
2022-11-21 11:10:57,086 INFO com.netflix.eureka.registry.PeerAwareInstanceRegistryImpl [Thread-9] Changing status to UP
2022-11-21 11:10:57,096 INFO org.springframework.boot.web.embedded.tomcat.TomcatWebServer [main] Tomcat started on port(s): 8761 (http) with context path ''
2022-11-21 11:10:57,097 INFO org.springframework.cloud.netflix.eureka.serviceregistry.EurekaAutoServiceRegistration [main] Updating port to 8761
2022-11-21 11:10:57,098 INFO org.springframework.cloud.netflix.eureka.server.EurekaServerInitializerConfiguration [Thread-9] Started Eureka Server
2022-11-21 11:10:57,536 INFO org.apache.juli.logging.DirectJDKLog [http-nio-8761-exec-1] Initializing Spring DispatcherServlet 'dispatcherServlet'
2022-11-21 11:10:57,537 INFO org.springframework.web.servlet.FrameworkServlet [http-nio-8761-exec-1] Initializing Servlet 'dispatcherServlet'
2022-11-21 11:10:57,540 INFO org.springframework.web.servlet.FrameworkServlet [http-nio-8761-exec-1] Completed initialization in 3 ms
2022-11-21 11:10:57,601 WARN com.netflix.eureka.registry.AbstractInstanceRegistry [http-nio-8761-exec-1] DS: Registry: cancel failed because Lease is not registered for: EMAIL-CONFIG/senthil:EMAIL-CONFIG:8888
2022-11-21 11:10:57,603 INFO com.netflix.eureka.resources.InstanceResource [http-nio-8761-exec-1] Not Found (Cancel): EMAIL-CONFIG - senthil:EMAIL-CONFIG:8888
2022-11-21 11:10:57,916 INFO org.springframework.boot.StartupInfoLogger [main] Started SpringEmailEurekaRegistryApplication in 9.9 seconds (JVM running for 11.698)
2022-11-21 11:10:59,750 INFO com.netflix.eureka.registry.AbstractInstanceRegistry [http-nio-8761-exec-3] Registered instance EMAIL-API/senthil:EMAIL-API with status DOWN (replication=false)
2022-11-21 11:11:01,989 WARN com.netflix.eureka.registry.AbstractInstanceRegistry [http-nio-8761-exec-4] DS: Registry: cancel failed because Lease is not registered for: EMAIL-GATEWAY/senthil:EMAIL-GATEWAY:9000
2022-11-21 11:11:01,989 INFO com.netflix.eureka.resources.InstanceResource [http-nio-8761-exec-4] Not Found (Cancel): EMAIL-GATEWAY - senthil:EMAIL-GATEWAY:9000
2022-11-21 11:11:02,949 INFO com.netflix.eureka.registry.AbstractInstanceRegistry [http-nio-8761-exec-6] Cancelled instance EMAIL-API/senthil:EMAIL-API (replication=false)
2022-11-21 11:11:07,373 INFO com.netflix.eureka.registry.AbstractInstanceRegistry [http-nio-8761-exec-9] Registered instance EMAIL-CONFIG/senthil:EMAIL-CONFIG:8888 with status UP (replication=false)
2022-11-21 11:11:29,261 INFO com.netflix.eureka.registry.AbstractInstanceRegistry [http-nio-8761-exec-1] Registered instance EMAIL-GATEWAY/senthil:EMAIL-GATEWAY:9000 with status UP (replication=false)
2022-11-21 11:11:32,432 INFO com.netflix.eureka.registry.AbstractInstanceRegistry [http-nio-8761-exec-3] Registered instance EMAIL-API/senthil:EMAIL-API with status UP (replication=false)
2022-11-21 11:11:57,097 INFO com.netflix.eureka.registry.AbstractInstanceRegistry$EvictionTask [Eureka-EvictionTimer] Running the evict task with compensationTime 0ms
2022-11-21 11:12:57,103 INFO com.netflix.eureka.registry.AbstractInstanceRegistry$EvictionTask [Eureka-EvictionTimer] Running the evict task with compensationTime 6ms
2022-11-21 11:13:57,116 INFO com.netflix.eureka.registry.AbstractInstanceRegistry$EvictionTask [Eureka-EvictionTimer] Running the evict task with compensationTime 12ms
2022-11-21 11:14:57,119 INFO com.netflix.eureka.registry.AbstractInstanceRegistry$EvictionTask [Eureka-EvictionTimer] Running the evict task with compensationTime 3ms
2022-11-21 11:15:57,127 INFO com.netflix.eureka.registry.AbstractInstanceRegistry$EvictionTask [Eureka-EvictionTimer] Running the evict task with compensationTime 8ms
2022-11-21 11:16:57,128 INFO com.netflix.eureka.registry.AbstractInstanceRegistry$EvictionTask [Eureka-EvictionTimer] Running the evict task with compensationTime 0ms
2022-11-21 11:17:57,139 INFO com.netflix.eureka.registry.AbstractInstanceRegistry$EvictionTask [Eureka-EvictionTimer] Running the evict task with compensationTime 11ms
2022-11-21 11:18:57,140 INFO com.netflix.eureka.registry.AbstractInstanceRegistry$EvictionTask [Eureka-EvictionTimer] Running the evict task with compensationTime 0ms
2022-11-21 11:19:57,142 INFO com.netflix.eureka.registry.AbstractInstanceRegistry$EvictionTask [Eureka-EvictionTimer] Running the evict task with compensationTime 2ms
2022-11-21 11:20:56,964 WARN com.netflix.eureka.cluster.PeerEurekaNodes [Eureka-PeerNodesUpdater] The replica size seems to be empty. Check the route 53 DNS Registry
2022-11-21 11:20:57,152 INFO com.netflix.eureka.registry.AbstractInstanceRegistry$EvictionTask [Eureka-EvictionTimer] Running the evict task with compensationTime 9ms
2022-11-21 11:21:57,161 INFO com.netflix.eureka.registry.AbstractInstanceRegistry$EvictionTask [Eureka-EvictionTimer] Running the evict task with compensationTime 8ms
2022-11-21 11:22:57,165 INFO com.netflix.eureka.registry.AbstractInstanceRegistry$EvictionTask [Eureka-EvictionTimer] Running the evict task with compensationTime 4ms
2022-11-21 11:23:57,178 INFO com.netflix.eureka.registry.AbstractInstanceRegistry$EvictionTask [Eureka-EvictionTimer] Running the evict task with compensationTime 12ms
2022-11-21 11:24:57,180 INFO com.netflix.eureka.registry.AbstractInstanceRegistry$EvictionTask [Eureka-EvictionTimer] Running the evict task with compensationTime 1ms
2022-11-21 11:25:56,982 INFO com.netflix.eureka.registry.PeerAwareInstanceRegistryImpl [ReplicaAwareInstanceRegistry - RenewalThresholdUpdater] Current renewal threshold is : 0
2022-11-21 11:25:57,182 INFO com.netflix.eureka.registry.AbstractInstanceRegistry$EvictionTask [Eureka-EvictionTimer] Running the evict task with compensationTime 1ms
2022-11-21 11:26:57,185 INFO com.netflix.eureka.registry.AbstractInstanceRegistry$EvictionTask [Eureka-EvictionTimer] Running the evict task with compensationTime 3ms
2022-11-21 11:27:57,198 INFO com.netflix.eureka.registry.AbstractInstanceRegistry$EvictionTask [Eureka-EvictionTimer] Running the evict task with compensationTime 12ms
2022-11-21 11:28:57,208 INFO com.netflix.eureka.registry.AbstractInstanceRegistry$EvictionTask [Eureka-EvictionTimer] Running the evict task with compensationTime 9ms
2022-11-21 11:29:57,208 INFO com.netflix.eureka.registry.AbstractInstanceRegistry$EvictionTask [Eureka-EvictionTimer] Running the evict task with compensationTime 0ms
2022-11-21 11:30:56,974 WARN com.netflix.eureka.cluster.PeerEurekaNodes [Eureka-PeerNodesUpdater] The replica size seems to be empty. Check the route 53 DNS Registry
2022-11-21 11:30:57,212 INFO com.netflix.eureka.registry.AbstractInstanceRegistry$EvictionTask [Eureka-EvictionTimer] Running the evict task with compensationTime 3ms
2022-11-21 11:31:57,214 INFO com.netflix.eureka.registry.AbstractInstanceRegistry$EvictionTask [Eureka-EvictionTimer] Running the evict task with compensationTime 2ms
2022-11-21 11:32:57,215 INFO com.netflix.eureka.registry.AbstractInstanceRegistry$EvictionTask [Eureka-EvictionTimer] Running the evict task with compensationTime 0ms
2022-11-21 11:33:57,217 INFO com.netflix.eureka.registry.AbstractInstanceRegistry$EvictionTask [Eureka-EvictionTimer] Running the evict task with compensationTime 2ms
2022-11-21 11:34:57,225 INFO com.netflix.eureka.registry.AbstractInstanceRegistry$EvictionTask [Eureka-EvictionTimer] Running the evict task with compensationTime 8ms
2022-11-21 11:35:57,234 INFO com.netflix.eureka.registry.AbstractInstanceRegistry$EvictionTask [Eureka-EvictionTimer] Running the evict task with compensationTime 8ms
2022-11-21 11:36:57,243 INFO com.netflix.eureka.registry.AbstractInstanceRegistry$EvictionTask [Eureka-EvictionTimer] Running the evict task with compensationTime 8ms
2022-11-21 11:37:57,245 INFO com.netflix.eureka.registry.AbstractInstanceRegistry$EvictionTask [Eureka-EvictionTimer] Running the evict task with compensationTime 1ms
2022-11-21 11:38:57,246 INFO com.netflix.eureka.registry.AbstractInstanceRegistry$EvictionTask [Eureka-EvictionTimer] Running the evict task with compensationTime 1ms
2022-11-21 11:39:57,248 INFO com.netflix.eureka.registry.AbstractInstanceRegistry$EvictionTask [Eureka-EvictionTimer] Running the evict task with compensationTime 1ms
2022-11-21 11:40:56,979 WARN com.netflix.eureka.cluster.PeerEurekaNodes [Eureka-PeerNodesUpdater] The replica size seems to be empty. Check the route 53 DNS Registry
2022-11-21 11:40:56,995 INFO com.netflix.eureka.registry.PeerAwareInstanceRegistryImpl [ReplicaAwareInstanceRegistry - RenewalThresholdUpdater] Current renewal threshold is : 0
2022-11-21 11:40:57,261 INFO com.netflix.eureka.registry.AbstractInstanceRegistry$EvictionTask [Eureka-EvictionTimer] Running the evict task with compensationTime 12ms
2022-11-21 11:41:57,261 INFO com.netflix.eureka.registry.AbstractInstanceRegistry$EvictionTask [Eureka-EvictionTimer] Running the evict task with compensationTime 0ms
2022-11-21 11:42:57,261 INFO com.netflix.eureka.registry.AbstractInstanceRegistry$EvictionTask [Eureka-EvictionTimer] Running the evict task with compensationTime 0ms
2022-11-21 11:43:57,276 INFO com.netflix.eureka.registry.AbstractInstanceRegistry$EvictionTask [Eureka-EvictionTimer] Running the evict task with compensationTime 15ms
2022-11-21 11:44:57,277 INFO com.netflix.eureka.registry.AbstractInstanceRegistry$EvictionTask [Eureka-EvictionTimer] Running the evict task with compensationTime 0ms
2022-11-21 11:45:57,278 INFO com.netflix.eureka.registry.AbstractInstanceRegistry$EvictionTask [Eureka-EvictionTimer] Running the evict task with compensationTime 1ms
2022-11-21 11:46:57,292 INFO com.netflix.eureka.registry.AbstractInstanceRegistry$EvictionTask [Eureka-EvictionTimer] Running the evict task with compensationTime 13ms
2022-11-21 11:47:57,297 INFO com.netflix.eureka.registry.AbstractInstanceRegistry$EvictionTask [Eureka-EvictionTimer] Running the evict task with compensationTime 5ms
2022-11-21 11:48:57,307 INFO com.netflix.eureka.registry.AbstractInstanceRegistry$EvictionTask [Eureka-EvictionTimer] Running the evict task with compensationTime 9ms
2022-11-21 11:49:57,315 INFO com.netflix.eureka.registry.AbstractInstanceRegistry$EvictionTask [Eureka-EvictionTimer] Running the evict task with compensationTime 7ms
2022-11-21 11:50:56,984 WARN com.netflix.eureka.cluster.PeerEurekaNodes [Eureka-PeerNodesUpdater] The replica size seems to be empty. Check the route 53 DNS Registry
2022-11-21 11:50:57,329 INFO com.netflix.eureka.registry.AbstractInstanceRegistry$EvictionTask [Eureka-EvictionTimer] Running the evict task with compensationTime 13ms
2022-11-21 11:51:09,690 INFO com.netflix.eureka.registry.AbstractInstanceRegistry [http-nio-8761-exec-2] Registered instance EMAIL-CONFIG/senthil:EMAIL-CONFIG:8888 with status DOWN (replication=false)
2022-11-21 11:51:12,887 INFO com.netflix.eureka.registry.AbstractInstanceRegistry [http-nio-8761-exec-7] Cancelled instance EMAIL-CONFIG/senthil:EMAIL-CONFIG:8888 (replication=false)
2022-11-21 11:51:13,718 INFO org.springframework.boot.admin.SpringApplicationAdminMXBeanRegistrar$SpringApplicationAdmin [RMI TCP Connection(48)-127.0.0.1] Application shutdown requested.
2022-11-21 11:51:13,719 INFO org.springframework.cloud.netflix.eureka.serviceregistry.EurekaServiceRegistry [RMI TCP Connection(48)-127.0.0.1] Unregistering application UNKNOWN with eureka with status DOWN
2022-11-21 11:51:13,874 INFO org.apache.juli.logging.DirectJDKLog [RMI TCP Connection(48)-127.0.0.1] Pausing ProtocolHandler ["http-nio-8761"]
2022-11-21 11:51:13,874 INFO org.apache.juli.logging.DirectJDKLog [RMI TCP Connection(48)-127.0.0.1] Stopping service [Tomcat]
2022-11-21 11:51:13,878 INFO org.apache.juli.logging.DirectJDKLog [RMI TCP Connection(48)-127.0.0.1] Destroying Spring FrameworkServlet 'dispatcherServlet'
2022-11-21 11:51:13,885 INFO org.apache.juli.logging.DirectJDKLog [RMI TCP Connection(48)-127.0.0.1] Stopping ProtocolHandler ["http-nio-8761"]
2022-11-21 11:51:13,889 INFO org.apache.juli.logging.DirectJDKLog [RMI TCP Connection(48)-127.0.0.1] Destroying ProtocolHandler ["http-nio-8761"]
2022-11-21 11:51:13,890 INFO org.springframework.cloud.netflix.eureka.server.EurekaServerBootstrap [RMI TCP Connection(48)-127.0.0.1] Shutting down Eureka Server..
2022-11-21 11:51:13,895 INFO com.netflix.eureka.DefaultEurekaServerContext [RMI TCP Connection(48)-127.0.0.1] Shutting down ...
2022-11-21 11:51:13,908 INFO com.netflix.eureka.DefaultEurekaServerContext [RMI TCP Connection(48)-127.0.0.1] Shut down
2022-11-21 11:51:13,908 INFO org.springframework.cloud.netflix.eureka.server.EurekaServerBootstrap [RMI TCP Connection(48)-127.0.0.1] Eureka Service is now shutdown...
2022-11-21 11:51:13,909 INFO com.netflix.eureka.DefaultEurekaServerContext [RMI TCP Connection(48)-127.0.0.1] Shutting down ...
2022-11-21 11:51:13,914 INFO com.netflix.eureka.DefaultEurekaServerContext [RMI TCP Connection(48)-127.0.0.1] Shut down
2022-11-21 11:51:13,921 INFO com.netflix.discovery.DiscoveryClient [RMI TCP Connection(48)-127.0.0.1] Shutting down DiscoveryClient ...
2022-11-21 11:51:13,922 INFO com.netflix.discovery.DiscoveryClient [RMI TCP Connection(48)-127.0.0.1] Completed shut down of DiscoveryClient
