2022-11-24 06:35:48,437 INFO org.springframework.boot.StartupInfoLogger [main] Starting SpringEmailEurekaRegistryApplication using Java 11.0.16 on senthil with PID 4904 (C:\Users\SENTHILKUMARMAHESWAR\git\spring-mail-restapi\spring-email-eureka-registry\target\classes started by SENTHILKUMARMAHESWAR in C:\Users\SENTHILKUMARMAHESWAR\git\spring-mail-restapi\spring-email-eureka-registry)
2022-11-24 06:35:48,442 DEBUG org.springframework.boot.StartupInfoLogger [main] Running with Spring Boot v2.6.13, Spring v5.3.23
2022-11-24 06:35:48,443 INFO org.springframework.boot.SpringApplication [main] No active profile set, falling back to 1 default profile: "default"
2022-11-24 06:35:49,451 INFO org.springframework.cloud.context.scope.GenericScope [main] BeanFactory id=8abfaf90-24fc-3f94-a6ed-21400fc2820e
2022-11-24 06:35:49,699 INFO org.springframework.boot.web.embedded.tomcat.TomcatWebServer [main] Tomcat initialized with port(s): 8761 (http)
2022-11-24 06:35:49,710 INFO org.apache.juli.logging.DirectJDKLog [main] Initializing ProtocolHandler ["http-nio-8761"]
2022-11-24 06:35:49,710 INFO org.apache.juli.logging.DirectJDKLog [main] Starting service [Tomcat]
2022-11-24 06:35:49,710 INFO org.apache.juli.logging.DirectJDKLog [main] Starting Servlet engine: [Apache Tomcat/9.0.68]
2022-11-24 06:35:49,863 INFO org.apache.juli.logging.DirectJDKLog [main] Initializing Spring embedded WebApplicationContext
2022-11-24 06:35:49,863 INFO org.springframework.boot.web.servlet.context.ServletWebServerApplicationContext [main] Root WebApplicationContext: initialization completed in 1370 ms
2022-11-24 06:35:50,332 INFO com.sun.jersey.server.impl.application.WebApplicationImpl [main] Initiating Jersey application, version 'Jersey: 1.19.4 05/24/2017 03:20 PM'
2022-11-24 06:35:50,394 INFO com.netflix.discovery.provider.DiscoveryJerseyProvider [main] Using JSON encoding codec LegacyJacksonJson
2022-11-24 06:35:50,395 INFO com.netflix.discovery.provider.DiscoveryJerseyProvider [main] Using JSON decoding codec LegacyJacksonJson
2022-11-24 06:35:50,572 INFO com.netflix.discovery.provider.DiscoveryJerseyProvider [main] Using XML encoding codec XStreamXml
2022-11-24 06:35:50,572 INFO com.netflix.discovery.provider.DiscoveryJerseyProvider [main] Using XML decoding codec XStreamXml
2022-11-24 06:35:52,044 INFO org.springframework.cloud.netflix.eureka.config.DiscoveryClientOptionalArgsConfiguration [main] Eureka HTTP Client uses Jersey
2022-11-24 06:35:52,105 WARN org.springframework.cloud.loadbalancer.config.LoadBalancerCacheAutoConfiguration$LoadBalancerCaffeineWarnLogger [main] Spring Cloud LoadBalancer is currently working with the default cache. While this cache implementation is useful for development and tests, it's recommended to use Caffeine cache in production.You can switch to using Caffeine cache, by adding it and org.springframework.cache.caffeine.CaffeineCacheManager to the classpath.
2022-11-24 06:35:52,123 INFO org.springframework.cloud.netflix.eureka.InstanceInfoFactory [main] Setting initial instance status as: STARTING
2022-11-24 06:35:52,160 INFO com.netflix.discovery.DiscoveryClient [main] Initializing Eureka in region us-east-1
2022-11-24 06:35:52,161 INFO com.netflix.discovery.DiscoveryClient [main] Client configured to neither register nor query for data.
2022-11-24 06:35:52,176 INFO com.netflix.discovery.DiscoveryClient [main] Discovery Client initialized at timestamp 1669251952174 with initial instances count: 0
2022-11-24 06:35:52,214 INFO com.netflix.eureka.DefaultEurekaServerContext [main] Initializing ...
2022-11-24 06:35:52,217 WARN com.netflix.eureka.cluster.PeerEurekaNodes [main] The replica size seems to be empty. Check the route 53 DNS Registry
2022-11-24 06:35:52,231 INFO com.netflix.eureka.registry.AbstractInstanceRegistry [main] Finished initializing remote region registries. All known remote regions: []
2022-11-24 06:35:52,232 INFO com.netflix.eureka.DefaultEurekaServerContext [main] Initialized
2022-11-24 06:35:52,239 INFO org.springframework.boot.actuate.endpoint.web.EndpointLinksResolver [main] Exposing 1 endpoint(s) beneath base path '/actuator'
2022-11-24 06:35:52,288 INFO org.springframework.cloud.netflix.eureka.serviceregistry.EurekaServiceRegistry [main] Registering application EUREKA-REGISTRY with eureka with status UP
2022-11-24 06:35:52,291 INFO org.apache.juli.logging.DirectJDKLog [main] Starting ProtocolHandler ["http-nio-8761"]
2022-11-24 06:35:52,302 INFO org.springframework.cloud.netflix.eureka.server.EurekaServerBootstrap [Thread-9] isAws returned false
2022-11-24 06:35:52,304 INFO org.springframework.cloud.netflix.eureka.server.EurekaServerBootstrap [Thread-9] Initialized server context
2022-11-24 06:35:52,305 INFO com.netflix.eureka.registry.PeerAwareInstanceRegistryImpl [Thread-9] Got 1 instances from neighboring DS node
2022-11-24 06:35:52,305 INFO com.netflix.eureka.registry.PeerAwareInstanceRegistryImpl [Thread-9] Renew threshold is: 1
2022-11-24 06:35:52,305 INFO com.netflix.eureka.registry.PeerAwareInstanceRegistryImpl [Thread-9] Changing status to UP
2022-11-24 06:35:52,312 INFO org.springframework.cloud.netflix.eureka.server.EurekaServerInitializerConfiguration [Thread-9] Started Eureka Server
2022-11-24 06:35:52,322 INFO org.springframework.boot.web.embedded.tomcat.TomcatWebServer [main] Tomcat started on port(s): 8761 (http) with context path ''
2022-11-24 06:35:52,322 INFO org.springframework.cloud.netflix.eureka.serviceregistry.EurekaAutoServiceRegistration [main] Updating port to 8761
2022-11-24 06:35:52,582 INFO org.springframework.boot.StartupInfoLogger [main] Started SpringEmailEurekaRegistryApplication in 4.934 seconds (JVM running for 5.825)
2022-11-24 06:36:05,009 INFO org.apache.juli.logging.DirectJDKLog [http-nio-8761-exec-1] Initializing Spring DispatcherServlet 'dispatcherServlet'
2022-11-24 06:36:05,009 INFO org.springframework.web.servlet.FrameworkServlet [http-nio-8761-exec-1] Initializing Servlet 'dispatcherServlet'
2022-11-24 06:36:05,011 INFO org.springframework.web.servlet.FrameworkServlet [http-nio-8761-exec-1] Completed initialization in 1 ms
2022-11-24 06:36:05,227 INFO com.netflix.eureka.registry.AbstractInstanceRegistry [http-nio-8761-exec-2] Registered instance EMAIL-CONFIG/senthil:EMAIL-CONFIG:8888 with status UP (replication=false)
2022-11-24 06:36:23,263 INFO com.netflix.eureka.registry.AbstractInstanceRegistry [http-nio-8761-exec-4] Registered instance EMAIL-GATEWAY/senthil:EMAIL-GATEWAY:9000 with status UP (replication=false)
2022-11-24 06:36:41,077 INFO com.netflix.eureka.registry.AbstractInstanceRegistry [http-nio-8761-exec-7] Registered instance EMAIL-API/senthil:EMAIL-API:8081 with status UP (replication=false)
2022-11-24 06:36:52,321 INFO com.netflix.eureka.registry.AbstractInstanceRegistry$EvictionTask [Eureka-EvictionTimer] Running the evict task with compensationTime 0ms
2022-11-24 06:37:52,321 INFO com.netflix.eureka.registry.AbstractInstanceRegistry$EvictionTask [Eureka-EvictionTimer] Running the evict task with compensationTime 0ms
2022-11-24 06:38:52,327 INFO com.netflix.eureka.registry.AbstractInstanceRegistry$EvictionTask [Eureka-EvictionTimer] Running the evict task with compensationTime 6ms
2022-11-24 06:39:52,342 INFO com.netflix.eureka.registry.AbstractInstanceRegistry$EvictionTask [Eureka-EvictionTimer] Running the evict task with compensationTime 15ms
2022-11-24 06:40:52,356 INFO com.netflix.eureka.registry.AbstractInstanceRegistry$EvictionTask [Eureka-EvictionTimer] Running the evict task with compensationTime 14ms
2022-11-24 06:41:52,372 INFO com.netflix.eureka.registry.AbstractInstanceRegistry$EvictionTask [Eureka-EvictionTimer] Running the evict task with compensationTime 15ms
2022-11-24 06:42:52,380 INFO com.netflix.eureka.registry.AbstractInstanceRegistry$EvictionTask [Eureka-EvictionTimer] Running the evict task with compensationTime 8ms
2022-11-24 06:43:52,383 INFO com.netflix.eureka.registry.AbstractInstanceRegistry$EvictionTask [Eureka-EvictionTimer] Running the evict task with compensationTime 3ms
2022-11-24 06:44:52,387 INFO com.netflix.eureka.registry.AbstractInstanceRegistry$EvictionTask [Eureka-EvictionTimer] Running the evict task with compensationTime 4ms
2022-11-24 06:45:10,304 INFO com.netflix.eureka.registry.AbstractInstanceRegistry [http-nio-8761-exec-6] Registered instance EMAIL-API/senthil:EMAIL-API:8081 with status DOWN (replication=false)
2022-11-24 06:45:13,528 INFO com.netflix.eureka.registry.AbstractInstanceRegistry [http-nio-8761-exec-2] Cancelled instance EMAIL-API/senthil:EMAIL-API:8081 (replication=false)
2022-11-24 06:45:16,010 INFO com.netflix.eureka.registry.AbstractInstanceRegistry [http-nio-8761-exec-8] Registered instance EMAIL-API/senthil:EMAIL-API:8081 with status UP (replication=false)
2022-11-24 06:45:52,224 WARN com.netflix.eureka.cluster.PeerEurekaNodes [Eureka-PeerNodesUpdater] The replica size seems to be empty. Check the route 53 DNS Registry
2022-11-24 06:45:52,396 INFO com.netflix.eureka.registry.AbstractInstanceRegistry$EvictionTask [Eureka-EvictionTimer] Running the evict task with compensationTime 9ms
2022-11-24 06:45:53,303 INFO com.netflix.eureka.registry.AbstractInstanceRegistry [http-nio-8761-exec-4] Registered instance EMAIL-API/senthil:EMAIL-API:8081 with status DOWN (replication=false)
2022-11-24 06:45:56,510 INFO com.netflix.eureka.registry.AbstractInstanceRegistry [http-nio-8761-exec-8] Cancelled instance EMAIL-API/senthil:EMAIL-API:8081 (replication=false)
2022-11-24 06:45:58,797 INFO com.netflix.eureka.registry.AbstractInstanceRegistry [http-nio-8761-exec-6] Registered instance EMAIL-API/senthil:EMAIL-API:8081 with status UP (replication=false)
2022-11-24 06:46:52,398 INFO com.netflix.eureka.registry.AbstractInstanceRegistry$EvictionTask [Eureka-EvictionTimer] Running the evict task with compensationTime 1ms
2022-11-24 06:47:37,130 INFO com.netflix.eureka.registry.AbstractInstanceRegistry [http-nio-8761-exec-2] Registered instance EMAIL-API/senthil:EMAIL-API:8081 with status DOWN (replication=false)
2022-11-24 06:47:40,320 INFO com.netflix.eureka.registry.AbstractInstanceRegistry [http-nio-8761-exec-1] Cancelled instance EMAIL-API/senthil:EMAIL-API:8081 (replication=false)
2022-11-24 06:47:42,771 INFO com.netflix.eureka.registry.AbstractInstanceRegistry [http-nio-8761-exec-8] Registered instance EMAIL-API/senthil:EMAIL-API:8081 with status UP (replication=false)
2022-11-24 06:47:52,410 INFO com.netflix.eureka.registry.AbstractInstanceRegistry$EvictionTask [Eureka-EvictionTimer] Running the evict task with compensationTime 12ms
2022-11-24 06:48:13,869 INFO com.netflix.eureka.registry.AbstractInstanceRegistry [http-nio-8761-exec-4] Registered instance EMAIL-API/senthil:EMAIL-API:8081 with status DOWN (replication=false)
2022-11-24 06:48:17,079 INFO com.netflix.eureka.registry.AbstractInstanceRegistry [http-nio-8761-exec-9] Cancelled instance EMAIL-API/senthil:EMAIL-API:8081 (replication=false)
2022-11-24 06:48:19,478 INFO com.netflix.eureka.registry.AbstractInstanceRegistry [http-nio-8761-exec-10] Registered instance EMAIL-API/senthil:EMAIL-API:8081 with status UP (replication=false)
2022-11-24 06:48:52,425 INFO com.netflix.eureka.registry.AbstractInstanceRegistry$EvictionTask [Eureka-EvictionTimer] Running the evict task with compensationTime 15ms
2022-11-24 06:49:52,433 INFO com.netflix.eureka.registry.AbstractInstanceRegistry$EvictionTask [Eureka-EvictionTimer] Running the evict task with compensationTime 7ms
2022-11-24 06:50:25,819 INFO com.netflix.eureka.registry.AbstractInstanceRegistry [http-nio-8761-exec-8] Registered instance EMAIL-API/senthil:EMAIL-API:8081 with status DOWN (replication=false)
2022-11-24 06:50:29,033 INFO com.netflix.eureka.registry.AbstractInstanceRegistry [http-nio-8761-exec-5] Cancelled instance EMAIL-API/senthil:EMAIL-API:8081 (replication=false)
2022-11-24 06:50:31,552 INFO com.netflix.eureka.registry.AbstractInstanceRegistry [http-nio-8761-exec-2] Registered instance EMAIL-API/senthil:EMAIL-API:8081 with status UP (replication=false)
2022-11-24 06:50:52,240 INFO com.netflix.eureka.registry.PeerAwareInstanceRegistryImpl [ReplicaAwareInstanceRegistry - RenewalThresholdUpdater] Current renewal threshold is : 0
2022-11-24 06:50:52,443 INFO com.netflix.eureka.registry.AbstractInstanceRegistry$EvictionTask [Eureka-EvictionTimer] Running the evict task with compensationTime 10ms
2022-11-24 06:50:55,379 INFO com.netflix.eureka.registry.AbstractInstanceRegistry [http-nio-8761-exec-5] Registered instance EMAIL-API/senthil:EMAIL-API:8081 with status DOWN (replication=false)
2022-11-24 06:50:58,584 INFO com.netflix.eureka.registry.AbstractInstanceRegistry [http-nio-8761-exec-7] Cancelled instance EMAIL-API/senthil:EMAIL-API:8081 (replication=false)
2022-11-24 06:51:00,938 INFO com.netflix.eureka.registry.AbstractInstanceRegistry [http-nio-8761-exec-3] Registered instance EMAIL-API/senthil:EMAIL-API:8081 with status UP (replication=false)
2022-11-24 06:51:52,445 INFO com.netflix.eureka.registry.AbstractInstanceRegistry$EvictionTask [Eureka-EvictionTimer] Running the evict task with compensationTime 1ms
2022-11-24 06:52:52,458 INFO com.netflix.eureka.registry.AbstractInstanceRegistry$EvictionTask [Eureka-EvictionTimer] Running the evict task with compensationTime 13ms
2022-11-24 06:53:05,580 INFO org.springframework.boot.admin.SpringApplicationAdminMXBeanRegistrar$SpringApplicationAdmin [RMI TCP Connection(27)-127.0.0.1] Application shutdown requested.
2022-11-24 06:53:05,581 INFO org.springframework.cloud.netflix.eureka.serviceregistry.EurekaServiceRegistry [RMI TCP Connection(27)-127.0.0.1] Unregistering application EUREKA-REGISTRY with eureka with status DOWN
2022-11-24 06:53:05,744 INFO org.apache.juli.logging.DirectJDKLog [RMI TCP Connection(27)-127.0.0.1] Pausing ProtocolHandler ["http-nio-8761"]
2022-11-24 06:53:05,744 INFO org.apache.juli.logging.DirectJDKLog [RMI TCP Connection(27)-127.0.0.1] Stopping service [Tomcat]
2022-11-24 06:53:05,748 INFO org.apache.juli.logging.DirectJDKLog [RMI TCP Connection(27)-127.0.0.1] Destroying Spring FrameworkServlet 'dispatcherServlet'
2022-11-24 06:53:05,754 INFO org.apache.juli.logging.DirectJDKLog [RMI TCP Connection(27)-127.0.0.1] Stopping ProtocolHandler ["http-nio-8761"]
2022-11-24 06:53:05,759 INFO org.apache.juli.logging.DirectJDKLog [RMI TCP Connection(27)-127.0.0.1] Destroying ProtocolHandler ["http-nio-8761"]
2022-11-24 06:53:05,759 INFO org.springframework.cloud.netflix.eureka.server.EurekaServerBootstrap [RMI TCP Connection(27)-127.0.0.1] Shutting down Eureka Server..
2022-11-24 06:53:05,764 INFO com.netflix.eureka.DefaultEurekaServerContext [RMI TCP Connection(27)-127.0.0.1] Shutting down ...
2022-11-24 06:53:05,773 INFO com.netflix.eureka.DefaultEurekaServerContext [RMI TCP Connection(27)-127.0.0.1] Shut down
2022-11-24 06:53:05,773 INFO org.springframework.cloud.netflix.eureka.server.EurekaServerBootstrap [RMI TCP Connection(27)-127.0.0.1] Eureka Service is now shutdown...
2022-11-24 06:53:05,775 INFO com.netflix.eureka.DefaultEurekaServerContext [RMI TCP Connection(27)-127.0.0.1] Shutting down ...
2022-11-24 06:53:05,780 INFO com.netflix.eureka.DefaultEurekaServerContext [RMI TCP Connection(27)-127.0.0.1] Shut down
2022-11-24 06:53:05,787 INFO com.netflix.discovery.DiscoveryClient [RMI TCP Connection(27)-127.0.0.1] Shutting down DiscoveryClient ...
2022-11-24 06:53:05,788 INFO com.netflix.discovery.DiscoveryClient [RMI TCP Connection(27)-127.0.0.1] Completed shut down of DiscoveryClient
2022-11-24 10:11:02,133 INFO org.springframework.boot.StartupInfoLogger [main] Starting SpringEmailEurekaRegistryApplication using Java 11.0.16 on senthil with PID 13260 (C:\Users\SENTHILKUMARMAHESWAR\git\spring-mail-restapi\spring-email-eureka-registry\target\classes started by SENTHILKUMARMAHESWAR in C:\Users\SENTHILKUMARMAHESWAR\git\spring-mail-restapi\spring-email-eureka-registry)
2022-11-24 10:11:02,137 DEBUG org.springframework.boot.StartupInfoLogger [main] Running with Spring Boot v2.6.13, Spring v5.3.23
2022-11-24 10:11:02,138 INFO org.springframework.boot.SpringApplication [main] No active profile set, falling back to 1 default profile: "default"
2022-11-24 10:11:03,133 INFO org.springframework.cloud.context.scope.GenericScope [main] BeanFactory id=8abfaf90-24fc-3f94-a6ed-21400fc2820e
2022-11-24 10:11:03,451 INFO org.springframework.boot.web.embedded.tomcat.TomcatWebServer [main] Tomcat initialized with port(s): 8761 (http)
2022-11-24 10:11:03,460 INFO org.apache.juli.logging.DirectJDKLog [main] Initializing ProtocolHandler ["http-nio-8761"]
2022-11-24 10:11:03,461 INFO org.apache.juli.logging.DirectJDKLog [main] Starting service [Tomcat]
2022-11-24 10:11:03,461 INFO org.apache.juli.logging.DirectJDKLog [main] Starting Servlet engine: [Apache Tomcat/9.0.68]
2022-11-24 10:11:03,628 INFO org.apache.juli.logging.DirectJDKLog [main] Initializing Spring embedded WebApplicationContext
2022-11-24 10:11:03,629 INFO org.springframework.boot.web.servlet.context.ServletWebServerApplicationContext [main] Root WebApplicationContext: initialization completed in 1428 ms
2022-11-24 10:11:04,097 INFO com.sun.jersey.server.impl.application.WebApplicationImpl [main] Initiating Jersey application, version 'Jersey: 1.19.4 05/24/2017 03:20 PM'
2022-11-24 10:11:04,170 INFO com.netflix.discovery.provider.DiscoveryJerseyProvider [main] Using JSON encoding codec LegacyJacksonJson
2022-11-24 10:11:04,172 INFO com.netflix.discovery.provider.DiscoveryJerseyProvider [main] Using JSON decoding codec LegacyJacksonJson
2022-11-24 10:11:04,365 INFO com.netflix.discovery.provider.DiscoveryJerseyProvider [main] Using XML encoding codec XStreamXml
2022-11-24 10:11:04,365 INFO com.netflix.discovery.provider.DiscoveryJerseyProvider [main] Using XML decoding codec XStreamXml
2022-11-24 10:11:06,075 INFO org.springframework.cloud.netflix.eureka.config.DiscoveryClientOptionalArgsConfiguration [main] Eureka HTTP Client uses Jersey
2022-11-24 10:11:06,126 WARN org.springframework.cloud.loadbalancer.config.LoadBalancerCacheAutoConfiguration$LoadBalancerCaffeineWarnLogger [main] Spring Cloud LoadBalancer is currently working with the default cache. While this cache implementation is useful for development and tests, it's recommended to use Caffeine cache in production.You can switch to using Caffeine cache, by adding it and org.springframework.cache.caffeine.CaffeineCacheManager to the classpath.
2022-11-24 10:11:06,153 INFO org.springframework.cloud.netflix.eureka.InstanceInfoFactory [main] Setting initial instance status as: STARTING
2022-11-24 10:11:06,194 INFO com.netflix.discovery.DiscoveryClient [main] Initializing Eureka in region us-east-1
2022-11-24 10:11:06,195 INFO com.netflix.discovery.DiscoveryClient [main] Client configured to neither register nor query for data.
2022-11-24 10:11:06,206 INFO com.netflix.discovery.DiscoveryClient [main] Discovery Client initialized at timestamp 1669264866205 with initial instances count: 0
2022-11-24 10:11:06,242 INFO com.netflix.eureka.DefaultEurekaServerContext [main] Initializing ...
2022-11-24 10:11:06,244 WARN com.netflix.eureka.cluster.PeerEurekaNodes [main] The replica size seems to be empty. Check the route 53 DNS Registry
2022-11-24 10:11:06,262 INFO com.netflix.eureka.registry.AbstractInstanceRegistry [main] Finished initializing remote region registries. All known remote regions: []
2022-11-24 10:11:06,264 INFO com.netflix.eureka.DefaultEurekaServerContext [main] Initialized
2022-11-24 10:11:06,271 INFO org.springframework.boot.actuate.endpoint.web.EndpointLinksResolver [main] Exposing 1 endpoint(s) beneath base path '/actuator'
2022-11-24 10:11:06,331 INFO org.springframework.cloud.netflix.eureka.serviceregistry.EurekaServiceRegistry [main] Registering application EUREKA-REGISTRY with eureka with status UP
2022-11-24 10:11:06,334 INFO org.apache.juli.logging.DirectJDKLog [main] Starting ProtocolHandler ["http-nio-8761"]
2022-11-24 10:11:06,347 INFO org.springframework.cloud.netflix.eureka.server.EurekaServerBootstrap [Thread-9] isAws returned false
2022-11-24 10:11:06,350 INFO org.springframework.cloud.netflix.eureka.server.EurekaServerBootstrap [Thread-9] Initialized server context
2022-11-24 10:11:06,350 INFO com.netflix.eureka.registry.PeerAwareInstanceRegistryImpl [Thread-9] Got 1 instances from neighboring DS node
2022-11-24 10:11:06,351 INFO com.netflix.eureka.registry.PeerAwareInstanceRegistryImpl [Thread-9] Renew threshold is: 1
2022-11-24 10:11:06,351 INFO com.netflix.eureka.registry.PeerAwareInstanceRegistryImpl [Thread-9] Changing status to UP
2022-11-24 10:11:06,362 INFO org.springframework.cloud.netflix.eureka.server.EurekaServerInitializerConfiguration [Thread-9] Started Eureka Server
2022-11-24 10:11:06,365 INFO org.springframework.boot.web.embedded.tomcat.TomcatWebServer [main] Tomcat started on port(s): 8761 (http) with context path ''
2022-11-24 10:11:06,366 INFO org.springframework.cloud.netflix.eureka.serviceregistry.EurekaAutoServiceRegistration [main] Updating port to 8761
2022-11-24 10:11:06,691 INFO org.springframework.boot.StartupInfoLogger [main] Started SpringEmailEurekaRegistryApplication in 5.448 seconds (JVM running for 6.481)
2022-11-24 10:11:13,691 INFO org.apache.juli.logging.DirectJDKLog [http-nio-8761-exec-1] Initializing Spring DispatcherServlet 'dispatcherServlet'
2022-11-24 10:11:13,691 INFO org.springframework.web.servlet.FrameworkServlet [http-nio-8761-exec-1] Initializing Servlet 'dispatcherServlet'
2022-11-24 10:11:13,693 INFO org.springframework.web.servlet.FrameworkServlet [http-nio-8761-exec-1] Completed initialization in 1 ms
2022-11-24 10:11:13,970 INFO com.netflix.eureka.registry.AbstractInstanceRegistry [http-nio-8761-exec-2] Registered instance EMAIL-CONFIG/senthil:EMAIL-CONFIG:8888 with status UP (replication=false)
2022-11-24 10:11:35,425 INFO com.netflix.eureka.registry.AbstractInstanceRegistry [http-nio-8761-exec-5] Registered instance EMAIL-GATEWAY/senthil:EMAIL-GATEWAY:9000 with status UP (replication=false)
2022-11-24 10:11:37,472 INFO com.netflix.eureka.registry.AbstractInstanceRegistry [http-nio-8761-exec-6] Registered instance EMAIL-API/senthil:EMAIL-API:8081 with status UP (replication=false)
2022-11-24 10:12:06,367 INFO com.netflix.eureka.registry.AbstractInstanceRegistry$EvictionTask [Eureka-EvictionTimer] Running the evict task with compensationTime 0ms
2022-11-24 10:13:06,372 INFO com.netflix.eureka.registry.AbstractInstanceRegistry$EvictionTask [Eureka-EvictionTimer] Running the evict task with compensationTime 4ms
2022-11-24 10:14:06,373 INFO com.netflix.eureka.registry.AbstractInstanceRegistry$EvictionTask [Eureka-EvictionTimer] Running the evict task with compensationTime 0ms
2022-11-24 10:15:06,381 INFO com.netflix.eureka.registry.AbstractInstanceRegistry$EvictionTask [Eureka-EvictionTimer] Running the evict task with compensationTime 8ms
2022-11-24 10:16:06,387 INFO com.netflix.eureka.registry.AbstractInstanceRegistry$EvictionTask [Eureka-EvictionTimer] Running the evict task with compensationTime 6ms
2022-11-24 10:17:06,389 INFO com.netflix.eureka.registry.AbstractInstanceRegistry$EvictionTask [Eureka-EvictionTimer] Running the evict task with compensationTime 1ms
2022-11-24 10:18:06,399 INFO com.netflix.eureka.registry.AbstractInstanceRegistry$EvictionTask [Eureka-EvictionTimer] Running the evict task with compensationTime 10ms
2022-11-24 10:19:06,400 INFO com.netflix.eureka.registry.AbstractInstanceRegistry$EvictionTask [Eureka-EvictionTimer] Running the evict task with compensationTime 0ms
2022-11-24 10:20:06,405 INFO com.netflix.eureka.registry.AbstractInstanceRegistry$EvictionTask [Eureka-EvictionTimer] Running the evict task with compensationTime 5ms
2022-11-24 10:21:06,252 WARN com.netflix.eureka.cluster.PeerEurekaNodes [Eureka-PeerNodesUpdater] The replica size seems to be empty. Check the route 53 DNS Registry
2022-11-24 10:21:06,410 INFO com.netflix.eureka.registry.AbstractInstanceRegistry$EvictionTask [Eureka-EvictionTimer] Running the evict task with compensationTime 4ms
2022-11-24 10:22:06,411 INFO com.netflix.eureka.registry.AbstractInstanceRegistry$EvictionTask [Eureka-EvictionTimer] Running the evict task with compensationTime 1ms
2022-11-24 10:23:06,426 INFO com.netflix.eureka.registry.AbstractInstanceRegistry$EvictionTask [Eureka-EvictionTimer] Running the evict task with compensationTime 14ms
2022-11-24 10:24:06,440 INFO com.netflix.eureka.registry.AbstractInstanceRegistry$EvictionTask [Eureka-EvictionTimer] Running the evict task with compensationTime 13ms
2022-11-24 10:25:06,453 INFO com.netflix.eureka.registry.AbstractInstanceRegistry$EvictionTask [Eureka-EvictionTimer] Running the evict task with compensationTime 13ms
2022-11-24 10:26:06,276 INFO com.netflix.eureka.registry.PeerAwareInstanceRegistryImpl [ReplicaAwareInstanceRegistry - RenewalThresholdUpdater] Current renewal threshold is : 0
2022-11-24 10:26:06,461 INFO com.netflix.eureka.registry.AbstractInstanceRegistry$EvictionTask [Eureka-EvictionTimer] Running the evict task with compensationTime 8ms
2022-11-24 10:27:06,475 INFO com.netflix.eureka.registry.AbstractInstanceRegistry$EvictionTask [Eureka-EvictionTimer] Running the evict task with compensationTime 14ms
2022-11-24 10:28:06,481 INFO com.netflix.eureka.registry.AbstractInstanceRegistry$EvictionTask [Eureka-EvictionTimer] Running the evict task with compensationTime 5ms
2022-11-24 10:29:06,492 INFO com.netflix.eureka.registry.AbstractInstanceRegistry$EvictionTask [Eureka-EvictionTimer] Running the evict task with compensationTime 11ms
2022-11-24 10:30:06,504 INFO com.netflix.eureka.registry.AbstractInstanceRegistry$EvictionTask [Eureka-EvictionTimer] Running the evict task with compensationTime 11ms
2022-11-24 10:31:06,265 WARN com.netflix.eureka.cluster.PeerEurekaNodes [Eureka-PeerNodesUpdater] The replica size seems to be empty. Check the route 53 DNS Registry
2022-11-24 10:31:06,506 INFO com.netflix.eureka.registry.AbstractInstanceRegistry$EvictionTask [Eureka-EvictionTimer] Running the evict task with compensationTime 1ms
2022-11-24 10:32:06,519 INFO com.netflix.eureka.registry.AbstractInstanceRegistry$EvictionTask [Eureka-EvictionTimer] Running the evict task with compensationTime 12ms
2022-11-24 10:33:06,520 INFO com.netflix.eureka.registry.AbstractInstanceRegistry$EvictionTask [Eureka-EvictionTimer] Running the evict task with compensationTime 1ms
2022-11-24 10:34:06,531 INFO com.netflix.eureka.registry.AbstractInstanceRegistry$EvictionTask [Eureka-EvictionTimer] Running the evict task with compensationTime 11ms
2022-11-24 10:35:06,538 INFO com.netflix.eureka.registry.AbstractInstanceRegistry$EvictionTask [Eureka-EvictionTimer] Running the evict task with compensationTime 7ms
2022-11-24 10:36:06,553 INFO com.netflix.eureka.registry.AbstractInstanceRegistry$EvictionTask [Eureka-EvictionTimer] Running the evict task with compensationTime 15ms
2022-11-24 10:37:06,562 INFO com.netflix.eureka.registry.AbstractInstanceRegistry$EvictionTask [Eureka-EvictionTimer] Running the evict task with compensationTime 8ms
2022-11-24 10:38:06,573 INFO com.netflix.eureka.registry.AbstractInstanceRegistry$EvictionTask [Eureka-EvictionTimer] Running the evict task with compensationTime 10ms
2022-11-24 10:39:06,586 INFO com.netflix.eureka.registry.AbstractInstanceRegistry$EvictionTask [Eureka-EvictionTimer] Running the evict task with compensationTime 13ms
2022-11-24 10:40:06,588 INFO com.netflix.eureka.registry.AbstractInstanceRegistry$EvictionTask [Eureka-EvictionTimer] Running the evict task with compensationTime 1ms
2022-11-24 10:41:06,274 WARN com.netflix.eureka.cluster.PeerEurekaNodes [Eureka-PeerNodesUpdater] The replica size seems to be empty. Check the route 53 DNS Registry
2022-11-24 10:41:06,292 INFO com.netflix.eureka.registry.PeerAwareInstanceRegistryImpl [ReplicaAwareInstanceRegistry - RenewalThresholdUpdater] Current renewal threshold is : 0
2022-11-24 10:41:06,601 INFO com.netflix.eureka.registry.AbstractInstanceRegistry$EvictionTask [Eureka-EvictionTimer] Running the evict task with compensationTime 13ms
2022-11-24 10:42:06,607 INFO com.netflix.eureka.registry.AbstractInstanceRegistry$EvictionTask [Eureka-EvictionTimer] Running the evict task with compensationTime 6ms
2022-11-24 10:43:06,611 INFO com.netflix.eureka.registry.AbstractInstanceRegistry$EvictionTask [Eureka-EvictionTimer] Running the evict task with compensationTime 4ms
2022-11-24 10:44:06,626 INFO com.netflix.eureka.registry.AbstractInstanceRegistry$EvictionTask [Eureka-EvictionTimer] Running the evict task with compensationTime 14ms
2022-11-24 10:45:06,639 INFO com.netflix.eureka.registry.AbstractInstanceRegistry$EvictionTask [Eureka-EvictionTimer] Running the evict task with compensationTime 13ms
2022-11-24 10:49:45,584 INFO com.netflix.eureka.registry.AbstractInstanceRegistry$EvictionTask [Eureka-EvictionTimer] Running the evict task with compensationTime 218970ms
2022-11-24 10:50:45,593 INFO com.netflix.eureka.registry.AbstractInstanceRegistry$EvictionTask [Eureka-EvictionTimer] Running the evict task with compensationTime 8ms
2022-11-24 10:51:45,601 INFO com.netflix.eureka.registry.AbstractInstanceRegistry$EvictionTask [Eureka-EvictionTimer] Running the evict task with compensationTime 8ms
2022-11-24 10:52:45,612 INFO com.netflix.eureka.registry.AbstractInstanceRegistry$EvictionTask [Eureka-EvictionTimer] Running the evict task with compensationTime 10ms
2022-11-24 10:53:45,620 INFO com.netflix.eureka.registry.AbstractInstanceRegistry$EvictionTask [Eureka-EvictionTimer] Running the evict task with compensationTime 8ms
2022-11-24 10:54:45,225 WARN com.netflix.eureka.cluster.PeerEurekaNodes [Eureka-PeerNodesUpdater] The replica size seems to be empty. Check the route 53 DNS Registry
2022-11-24 10:54:45,624 INFO com.netflix.eureka.registry.AbstractInstanceRegistry$EvictionTask [Eureka-EvictionTimer] Running the evict task with compensationTime 3ms
2022-11-24 10:55:45,627 INFO com.netflix.eureka.registry.AbstractInstanceRegistry$EvictionTask [Eureka-EvictionTimer] Running the evict task with compensationTime 3ms
2022-11-24 10:56:45,638 INFO com.netflix.eureka.registry.AbstractInstanceRegistry$EvictionTask [Eureka-EvictionTimer] Running the evict task with compensationTime 11ms
2022-11-24 10:57:45,647 INFO com.netflix.eureka.registry.AbstractInstanceRegistry$EvictionTask [Eureka-EvictionTimer] Running the evict task with compensationTime 8ms
2022-11-24 10:58:45,659 INFO com.netflix.eureka.registry.AbstractInstanceRegistry$EvictionTask [Eureka-EvictionTimer] Running the evict task with compensationTime 11ms
2022-11-24 10:59:45,234 INFO com.netflix.eureka.registry.PeerAwareInstanceRegistryImpl [ReplicaAwareInstanceRegistry - RenewalThresholdUpdater] Current renewal threshold is : 0
2022-11-24 10:59:45,659 INFO com.netflix.eureka.registry.AbstractInstanceRegistry$EvictionTask [Eureka-EvictionTimer] Running the evict task with compensationTime 0ms
2022-11-24 11:00:45,666 INFO com.netflix.eureka.registry.AbstractInstanceRegistry$EvictionTask [Eureka-EvictionTimer] Running the evict task with compensationTime 7ms
2022-11-24 11:01:16,419 INFO com.netflix.eureka.registry.AbstractInstanceRegistry [http-nio-8761-exec-8] Registered instance EMAIL-API/senthil:EMAIL-API:8081 with status DOWN (replication=false)
2022-11-24 11:01:18,894 INFO com.netflix.eureka.registry.AbstractInstanceRegistry [http-nio-8761-exec-10] Registered instance EMAIL-GATEWAY/senthil:EMAIL-GATEWAY:9000 with status DOWN (replication=false)
2022-11-24 11:01:19,602 INFO com.netflix.eureka.registry.AbstractInstanceRegistry [http-nio-8761-exec-4] Cancelled instance EMAIL-API/senthil:EMAIL-API:8081 (replication=false)
2022-11-24 11:01:24,006 INFO com.netflix.eureka.registry.AbstractInstanceRegistry [http-nio-8761-exec-9] Cancelled instance EMAIL-GATEWAY/senthil:EMAIL-GATEWAY:9000 (replication=false)
2022-11-24 11:01:26,344 INFO com.netflix.eureka.registry.AbstractInstanceRegistry [http-nio-8761-exec-5] Registered instance EMAIL-CONFIG/senthil:EMAIL-CONFIG:8888 with status DOWN (replication=false)
2022-11-24 11:01:29,691 INFO org.springframework.boot.admin.SpringApplicationAdminMXBeanRegistrar$SpringApplicationAdmin [RMI TCP Connection(55)-127.0.0.1] Application shutdown requested.
2022-11-24 11:01:29,692 INFO org.springframework.cloud.netflix.eureka.serviceregistry.EurekaServiceRegistry [RMI TCP Connection(55)-127.0.0.1] Unregistering application EUREKA-REGISTRY with eureka with status DOWN
2022-11-24 11:01:29,850 INFO org.apache.juli.logging.DirectJDKLog [RMI TCP Connection(55)-127.0.0.1] Pausing ProtocolHandler ["http-nio-8761"]
2022-11-24 11:01:29,850 INFO org.apache.juli.logging.DirectJDKLog [RMI TCP Connection(55)-127.0.0.1] Stopping service [Tomcat]
2022-11-24 11:01:29,854 INFO org.apache.juli.logging.DirectJDKLog [RMI TCP Connection(55)-127.0.0.1] Destroying Spring FrameworkServlet 'dispatcherServlet'
2022-11-24 11:01:29,861 INFO org.apache.juli.logging.DirectJDKLog [RMI TCP Connection(55)-127.0.0.1] Stopping ProtocolHandler ["http-nio-8761"]
2022-11-24 11:01:29,864 INFO org.apache.juli.logging.DirectJDKLog [RMI TCP Connection(55)-127.0.0.1] Destroying ProtocolHandler ["http-nio-8761"]
2022-11-24 11:01:29,865 INFO org.springframework.cloud.netflix.eureka.server.EurekaServerBootstrap [RMI TCP Connection(55)-127.0.0.1] Shutting down Eureka Server..
2022-11-24 11:01:29,869 INFO com.netflix.eureka.DefaultEurekaServerContext [RMI TCP Connection(55)-127.0.0.1] Shutting down ...
2022-11-24 11:01:29,880 INFO com.netflix.eureka.DefaultEurekaServerContext [RMI TCP Connection(55)-127.0.0.1] Shut down
2022-11-24 11:01:29,881 INFO org.springframework.cloud.netflix.eureka.server.EurekaServerBootstrap [RMI TCP Connection(55)-127.0.0.1] Eureka Service is now shutdown...
2022-11-24 11:01:29,882 INFO com.netflix.eureka.DefaultEurekaServerContext [RMI TCP Connection(55)-127.0.0.1] Shutting down ...
2022-11-24 11:01:29,887 INFO com.netflix.eureka.DefaultEurekaServerContext [RMI TCP Connection(55)-127.0.0.1] Shut down
2022-11-24 11:01:29,894 INFO com.netflix.discovery.DiscoveryClient [RMI TCP Connection(55)-127.0.0.1] Shutting down DiscoveryClient ...
2022-11-24 11:01:29,895 INFO com.netflix.discovery.DiscoveryClient [RMI TCP Connection(55)-127.0.0.1] Completed shut down of DiscoveryClient
2022-11-24 11:07:45,669 INFO org.springframework.boot.StartupInfoLogger [main] Starting SpringEmailEurekaRegistryApplication using Java 11.0.16 on senthil with PID 19972 (C:\Users\SENTHILKUMARMAHESWAR\git\spring-mail-restapi\spring-email-eureka-registry\target\classes started by SENTHILKUMARMAHESWAR in C:\Users\SENTHILKUMARMAHESWAR\git\spring-mail-restapi\spring-email-eureka-registry)
2022-11-24 11:07:45,671 DEBUG org.springframework.boot.StartupInfoLogger [main] Running with Spring Boot v2.6.13, Spring v5.3.23
2022-11-24 11:07:45,672 INFO org.springframework.boot.SpringApplication [main] No active profile set, falling back to 1 default profile: "default"
2022-11-24 11:07:46,439 INFO org.springframework.cloud.context.scope.GenericScope [main] BeanFactory id=8abfaf90-24fc-3f94-a6ed-21400fc2820e
2022-11-24 11:07:46,639 INFO org.springframework.boot.web.embedded.tomcat.TomcatWebServer [main] Tomcat initialized with port(s): 8761 (http)
2022-11-24 11:07:46,647 INFO org.apache.juli.logging.DirectJDKLog [main] Initializing ProtocolHandler ["http-nio-8761"]
2022-11-24 11:07:46,648 INFO org.apache.juli.logging.DirectJDKLog [main] Starting service [Tomcat]
2022-11-24 11:07:46,648 INFO org.apache.juli.logging.DirectJDKLog [main] Starting Servlet engine: [Apache Tomcat/9.0.68]
2022-11-24 11:07:46,773 INFO org.apache.juli.logging.DirectJDKLog [main] Initializing Spring embedded WebApplicationContext
2022-11-24 11:07:46,773 INFO org.springframework.boot.web.servlet.context.ServletWebServerApplicationContext [main] Root WebApplicationContext: initialization completed in 1070 ms
2022-11-24 11:07:47,154 INFO com.sun.jersey.server.impl.application.WebApplicationImpl [main] Initiating Jersey application, version 'Jersey: 1.19.4 05/24/2017 03:20 PM'
2022-11-24 11:07:47,209 INFO com.netflix.discovery.provider.DiscoveryJerseyProvider [main] Using JSON encoding codec LegacyJacksonJson
2022-11-24 11:07:47,210 INFO com.netflix.discovery.provider.DiscoveryJerseyProvider [main] Using JSON decoding codec LegacyJacksonJson
2022-11-24 11:07:47,386 INFO com.netflix.discovery.provider.DiscoveryJerseyProvider [main] Using XML encoding codec XStreamXml
2022-11-24 11:07:47,386 INFO com.netflix.discovery.provider.DiscoveryJerseyProvider [main] Using XML decoding codec XStreamXml
2022-11-24 11:07:48,843 INFO org.springframework.cloud.netflix.eureka.config.DiscoveryClientOptionalArgsConfiguration [main] Eureka HTTP Client uses Jersey
2022-11-24 11:07:48,885 WARN org.springframework.cloud.loadbalancer.config.LoadBalancerCacheAutoConfiguration$LoadBalancerCaffeineWarnLogger [main] Spring Cloud LoadBalancer is currently working with the default cache. While this cache implementation is useful for development and tests, it's recommended to use Caffeine cache in production.You can switch to using Caffeine cache, by adding it and org.springframework.cache.caffeine.CaffeineCacheManager to the classpath.
2022-11-24 11:07:48,901 INFO org.springframework.cloud.netflix.eureka.InstanceInfoFactory [main] Setting initial instance status as: STARTING
2022-11-24 11:07:48,928 INFO com.netflix.discovery.DiscoveryClient [main] Initializing Eureka in region us-east-1
2022-11-24 11:07:48,928 INFO com.netflix.discovery.DiscoveryClient [main] Client configured to neither register nor query for data.
2022-11-24 11:07:48,938 INFO com.netflix.discovery.DiscoveryClient [main] Discovery Client initialized at timestamp 1669268268937 with initial instances count: 0
2022-11-24 11:07:48,972 INFO com.netflix.eureka.DefaultEurekaServerContext [main] Initializing ...
2022-11-24 11:07:48,975 WARN com.netflix.eureka.cluster.PeerEurekaNodes [main] The replica size seems to be empty. Check the route 53 DNS Registry
2022-11-24 11:07:48,990 INFO com.netflix.eureka.registry.AbstractInstanceRegistry [main] Finished initializing remote region registries. All known remote regions: []
2022-11-24 11:07:48,992 INFO com.netflix.eureka.DefaultEurekaServerContext [main] Initialized
2022-11-24 11:07:48,998 INFO org.springframework.boot.actuate.endpoint.web.EndpointLinksResolver [main] Exposing 1 endpoint(s) beneath base path '/actuator'
2022-11-24 11:07:49,047 INFO org.springframework.cloud.netflix.eureka.serviceregistry.EurekaServiceRegistry [main] Registering application EUREKA-REGISTRY with eureka with status UP
2022-11-24 11:07:49,050 INFO org.apache.juli.logging.DirectJDKLog [main] Starting ProtocolHandler ["http-nio-8761"]
2022-11-24 11:07:49,058 INFO org.springframework.cloud.netflix.eureka.server.EurekaServerBootstrap [Thread-9] isAws returned false
2022-11-24 11:07:49,061 INFO org.springframework.cloud.netflix.eureka.server.EurekaServerBootstrap [Thread-9] Initialized server context
2022-11-24 11:07:49,061 INFO com.netflix.eureka.registry.PeerAwareInstanceRegistryImpl [Thread-9] Got 1 instances from neighboring DS node
2022-11-24 11:07:49,061 INFO com.netflix.eureka.registry.PeerAwareInstanceRegistryImpl [Thread-9] Renew threshold is: 1
2022-11-24 11:07:49,061 INFO com.netflix.eureka.registry.PeerAwareInstanceRegistryImpl [Thread-9] Changing status to UP
2022-11-24 11:07:49,068 INFO org.springframework.cloud.netflix.eureka.server.EurekaServerInitializerConfiguration [Thread-9] Started Eureka Server
2022-11-24 11:07:49,071 INFO org.springframework.boot.web.embedded.tomcat.TomcatWebServer [main] Tomcat started on port(s): 8761 (http) with context path ''
2022-11-24 11:07:49,072 INFO org.springframework.cloud.netflix.eureka.serviceregistry.EurekaAutoServiceRegistration [main] Updating port to 8761
2022-11-24 11:07:49,353 INFO org.springframework.boot.StartupInfoLogger [main] Started SpringEmailEurekaRegistryApplication in 4.393 seconds (JVM running for 5.22)
2022-11-24 11:08:06,658 INFO org.apache.juli.logging.DirectJDKLog [http-nio-8761-exec-1] Initializing Spring DispatcherServlet 'dispatcherServlet'
2022-11-24 11:08:06,658 INFO org.springframework.web.servlet.FrameworkServlet [http-nio-8761-exec-1] Initializing Servlet 'dispatcherServlet'
2022-11-24 11:08:06,659 INFO org.springframework.web.servlet.FrameworkServlet [http-nio-8761-exec-1] Completed initialization in 1 ms
2022-11-24 11:08:06,832 INFO com.netflix.eureka.registry.AbstractInstanceRegistry [http-nio-8761-exec-2] Registered instance EMAIL-GATEWAY/senthil:EMAIL-GATEWAY:9000 with status UP (replication=false)
2022-11-24 11:08:09,467 INFO com.netflix.eureka.registry.AbstractInstanceRegistry [http-nio-8761-exec-4] Registered instance EMAIL-API/senthil:EMAIL-API:8081 with status UP (replication=false)
2022-11-24 11:08:15,219 WARN com.netflix.eureka.registry.AbstractInstanceRegistry [http-nio-8761-exec-5] DS: Registry: lease doesn't exist, registering resource: EMAIL-CONFIG - senthil:EMAIL-CONFIG:8888
2022-11-24 11:08:15,220 WARN com.netflix.eureka.resources.InstanceResource [http-nio-8761-exec-5] Not Found (Renew): EMAIL-CONFIG - senthil:EMAIL-CONFIG:8888
2022-11-24 11:08:15,230 INFO com.netflix.eureka.registry.AbstractInstanceRegistry [http-nio-8761-exec-7] Registered instance EMAIL-CONFIG/senthil:EMAIL-CONFIG:8888 with status UP (replication=false)
2022-11-24 11:08:49,074 INFO com.netflix.eureka.registry.AbstractInstanceRegistry$EvictionTask [Eureka-EvictionTimer] Running the evict task with compensationTime 0ms
2022-11-24 11:09:49,083 INFO com.netflix.eureka.registry.AbstractInstanceRegistry$EvictionTask [Eureka-EvictionTimer] Running the evict task with compensationTime 8ms
2022-11-24 11:10:49,096 INFO com.netflix.eureka.registry.AbstractInstanceRegistry$EvictionTask [Eureka-EvictionTimer] Running the evict task with compensationTime 12ms
2022-11-24 11:11:39,488 INFO com.netflix.eureka.registry.AbstractInstanceRegistry [http-nio-8761-exec-5] Registered instance EMAIL-API/senthil:EMAIL-API:8081 with status DOWN (replication=false)
2022-11-24 11:11:42,679 INFO com.netflix.eureka.registry.AbstractInstanceRegistry [http-nio-8761-exec-8] Cancelled instance EMAIL-API/senthil:EMAIL-API:8081 (replication=false)
2022-11-24 11:11:49,108 INFO com.netflix.eureka.registry.AbstractInstanceRegistry$EvictionTask [Eureka-EvictionTimer] Running the evict task with compensationTime 12ms
2022-11-24 11:11:56,255 INFO com.netflix.eureka.registry.AbstractInstanceRegistry [http-nio-8761-exec-6] Registered instance EMAIL-API/senthil:EMAIL-API:8081 with status UP (replication=false)
2022-11-24 11:12:49,114 INFO com.netflix.eureka.registry.AbstractInstanceRegistry$EvictionTask [Eureka-EvictionTimer] Running the evict task with compensationTime 5ms
2022-11-24 11:13:49,118 INFO com.netflix.eureka.registry.AbstractInstanceRegistry$EvictionTask [Eureka-EvictionTimer] Running the evict task with compensationTime 3ms
2022-11-24 11:14:49,129 INFO com.netflix.eureka.registry.AbstractInstanceRegistry$EvictionTask [Eureka-EvictionTimer] Running the evict task with compensationTime 11ms
2022-11-24 11:15:49,141 INFO com.netflix.eureka.registry.AbstractInstanceRegistry$EvictionTask [Eureka-EvictionTimer] Running the evict task with compensationTime 12ms
2022-11-24 11:16:49,146 INFO com.netflix.eureka.registry.AbstractInstanceRegistry$EvictionTask [Eureka-EvictionTimer] Running the evict task with compensationTime 5ms
2022-11-24 11:17:48,979 WARN com.netflix.eureka.cluster.PeerEurekaNodes [Eureka-PeerNodesUpdater] The replica size seems to be empty. Check the route 53 DNS Registry
2022-11-24 11:17:49,151 INFO com.netflix.eureka.registry.AbstractInstanceRegistry$EvictionTask [Eureka-EvictionTimer] Running the evict task with compensationTime 4ms
2022-11-24 11:18:49,153 INFO com.netflix.eureka.registry.AbstractInstanceRegistry$EvictionTask [Eureka-EvictionTimer] Running the evict task with compensationTime 2ms
2022-11-24 11:19:49,166 INFO com.netflix.eureka.registry.AbstractInstanceRegistry$EvictionTask [Eureka-EvictionTimer] Running the evict task with compensationTime 12ms
2022-11-24 11:20:49,168 INFO com.netflix.eureka.registry.AbstractInstanceRegistry$EvictionTask [Eureka-EvictionTimer] Running the evict task with compensationTime 2ms
2022-11-24 11:21:49,169 INFO com.netflix.eureka.registry.AbstractInstanceRegistry$EvictionTask [Eureka-EvictionTimer] Running the evict task with compensationTime 0ms
2022-11-24 11:22:49,002 INFO com.netflix.eureka.registry.PeerAwareInstanceRegistryImpl [ReplicaAwareInstanceRegistry - RenewalThresholdUpdater] Current renewal threshold is : 0
2022-11-24 11:22:49,177 INFO com.netflix.eureka.registry.AbstractInstanceRegistry$EvictionTask [Eureka-EvictionTimer] Running the evict task with compensationTime 7ms
2022-11-24 11:23:49,184 INFO com.netflix.eureka.registry.AbstractInstanceRegistry$EvictionTask [Eureka-EvictionTimer] Running the evict task with compensationTime 7ms
2022-11-24 11:24:49,194 INFO com.netflix.eureka.registry.AbstractInstanceRegistry$EvictionTask [Eureka-EvictionTimer] Running the evict task with compensationTime 10ms
2022-11-24 11:25:49,195 INFO com.netflix.eureka.registry.AbstractInstanceRegistry$EvictionTask [Eureka-EvictionTimer] Running the evict task with compensationTime 0ms
2022-11-24 11:26:49,206 INFO com.netflix.eureka.registry.AbstractInstanceRegistry$EvictionTask [Eureka-EvictionTimer] Running the evict task with compensationTime 11ms
2022-11-24 11:27:48,985 WARN com.netflix.eureka.cluster.PeerEurekaNodes [Eureka-PeerNodesUpdater] The replica size seems to be empty. Check the route 53 DNS Registry
2022-11-24 11:27:49,221 INFO com.netflix.eureka.registry.AbstractInstanceRegistry$EvictionTask [Eureka-EvictionTimer] Running the evict task with compensationTime 14ms
2022-11-24 11:28:49,228 INFO com.netflix.eureka.registry.AbstractInstanceRegistry$EvictionTask [Eureka-EvictionTimer] Running the evict task with compensationTime 7ms
2022-11-24 11:29:49,230 INFO com.netflix.eureka.registry.AbstractInstanceRegistry$EvictionTask [Eureka-EvictionTimer] Running the evict task with compensationTime 2ms
2022-11-24 11:30:49,231 INFO com.netflix.eureka.registry.AbstractInstanceRegistry$EvictionTask [Eureka-EvictionTimer] Running the evict task with compensationTime 0ms
2022-11-24 11:31:49,244 INFO com.netflix.eureka.registry.AbstractInstanceRegistry$EvictionTask [Eureka-EvictionTimer] Running the evict task with compensationTime 13ms
2022-11-24 11:32:49,248 INFO com.netflix.eureka.registry.AbstractInstanceRegistry$EvictionTask [Eureka-EvictionTimer] Running the evict task with compensationTime 4ms
2022-11-24 11:33:49,254 INFO com.netflix.eureka.registry.AbstractInstanceRegistry$EvictionTask [Eureka-EvictionTimer] Running the evict task with compensationTime 6ms
2022-11-24 11:34:49,266 INFO com.netflix.eureka.registry.AbstractInstanceRegistry$EvictionTask [Eureka-EvictionTimer] Running the evict task with compensationTime 11ms
2022-11-24 11:35:49,272 INFO com.netflix.eureka.registry.AbstractInstanceRegistry$EvictionTask [Eureka-EvictionTimer] Running the evict task with compensationTime 5ms
2022-11-24 11:36:49,284 INFO com.netflix.eureka.registry.AbstractInstanceRegistry$EvictionTask [Eureka-EvictionTimer] Running the evict task with compensationTime 12ms
2022-11-24 11:37:48,987 WARN com.netflix.eureka.cluster.PeerEurekaNodes [Eureka-PeerNodesUpdater] The replica size seems to be empty. Check the route 53 DNS Registry
2022-11-24 11:37:49,003 INFO com.netflix.eureka.registry.PeerAwareInstanceRegistryImpl [ReplicaAwareInstanceRegistry - RenewalThresholdUpdater] Current renewal threshold is : 0
2022-11-24 11:37:49,299 INFO com.netflix.eureka.registry.AbstractInstanceRegistry$EvictionTask [Eureka-EvictionTimer] Running the evict task with compensationTime 14ms
2022-11-24 11:38:36,903 INFO com.netflix.eureka.registry.AbstractInstanceRegistry [http-nio-8761-exec-8] Registered instance EMAIL-API/senthil:EMAIL-API:8081 with status DOWN (replication=false)
2022-11-24 11:38:40,105 INFO com.netflix.eureka.registry.AbstractInstanceRegistry [http-nio-8761-exec-3] Cancelled instance EMAIL-API/senthil:EMAIL-API:8081 (replication=false)
2022-11-24 11:38:49,311 INFO com.netflix.eureka.registry.AbstractInstanceRegistry$EvictionTask [Eureka-EvictionTimer] Running the evict task with compensationTime 11ms
2022-11-24 11:38:53,530 INFO com.netflix.eureka.registry.AbstractInstanceRegistry [http-nio-8761-exec-10] Registered instance EMAIL-API/senthil:EMAIL-API:8081 with status UP (replication=false)
2022-11-24 11:38:55,745 INFO com.netflix.eureka.registry.AbstractInstanceRegistry [http-nio-8761-exec-8] Registered instance EMAIL-API/senthil:EMAIL-API:8081 with status DOWN (replication=false)
2022-11-24 11:38:58,946 INFO com.netflix.eureka.registry.AbstractInstanceRegistry [http-nio-8761-exec-1] Cancelled instance EMAIL-API/senthil:EMAIL-API:8081 (replication=false)
2022-11-24 11:39:01,413 INFO com.netflix.eureka.registry.AbstractInstanceRegistry [http-nio-8761-exec-4] Registered instance EMAIL-API/senthil:EMAIL-API:8081 with status UP (replication=false)
2022-11-24 11:39:45,965 INFO com.netflix.eureka.registry.AbstractInstanceRegistry [http-nio-8761-exec-6] Registered instance EMAIL-API/senthil:EMAIL-API:8081 with status DOWN (replication=false)
2022-11-24 11:39:49,156 INFO com.netflix.eureka.registry.AbstractInstanceRegistry [http-nio-8761-exec-7] Cancelled instance EMAIL-API/senthil:EMAIL-API:8081 (replication=false)
2022-11-24 11:39:49,313 INFO com.netflix.eureka.registry.AbstractInstanceRegistry$EvictionTask [Eureka-EvictionTimer] Running the evict task with compensationTime 2ms
2022-11-24 11:40:02,550 INFO com.netflix.eureka.registry.AbstractInstanceRegistry [http-nio-8761-exec-8] Registered instance EMAIL-API/senthil:EMAIL-API:8081 with status UP (replication=false)
2022-11-24 11:40:49,319 INFO com.netflix.eureka.registry.AbstractInstanceRegistry$EvictionTask [Eureka-EvictionTimer] Running the evict task with compensationTime 6ms
2022-11-24 11:41:49,323 INFO com.netflix.eureka.registry.AbstractInstanceRegistry$EvictionTask [Eureka-EvictionTimer] Running the evict task with compensationTime 4ms
2022-11-24 11:42:49,325 INFO com.netflix.eureka.registry.AbstractInstanceRegistry$EvictionTask [Eureka-EvictionTimer] Running the evict task with compensationTime 2ms
2022-11-24 11:43:49,336 INFO com.netflix.eureka.registry.AbstractInstanceRegistry$EvictionTask [Eureka-EvictionTimer] Running the evict task with compensationTime 10ms
2022-11-24 11:44:49,337 INFO com.netflix.eureka.registry.AbstractInstanceRegistry$EvictionTask [Eureka-EvictionTimer] Running the evict task with compensationTime 1ms
2022-11-24 11:45:49,345 INFO com.netflix.eureka.registry.AbstractInstanceRegistry$EvictionTask [Eureka-EvictionTimer] Running the evict task with compensationTime 7ms
2022-11-24 11:46:49,348 INFO com.netflix.eureka.registry.AbstractInstanceRegistry$EvictionTask [Eureka-EvictionTimer] Running the evict task with compensationTime 3ms
2022-11-24 11:47:48,991 WARN com.netflix.eureka.cluster.PeerEurekaNodes [Eureka-PeerNodesUpdater] The replica size seems to be empty. Check the route 53 DNS Registry
2022-11-24 11:47:49,359 INFO com.netflix.eureka.registry.AbstractInstanceRegistry$EvictionTask [Eureka-EvictionTimer] Running the evict task with compensationTime 10ms
2022-11-24 11:48:49,366 INFO com.netflix.eureka.registry.AbstractInstanceRegistry$EvictionTask [Eureka-EvictionTimer] Running the evict task with compensationTime 7ms
2022-11-24 11:49:49,376 INFO com.netflix.eureka.registry.AbstractInstanceRegistry$EvictionTask [Eureka-EvictionTimer] Running the evict task with compensationTime 9ms
2022-11-24 11:50:49,387 INFO com.netflix.eureka.registry.AbstractInstanceRegistry$EvictionTask [Eureka-EvictionTimer] Running the evict task with compensationTime 11ms
2022-11-24 11:51:49,402 INFO com.netflix.eureka.registry.AbstractInstanceRegistry$EvictionTask [Eureka-EvictionTimer] Running the evict task with compensationTime 15ms
2022-11-24 11:52:49,018 INFO com.netflix.eureka.registry.PeerAwareInstanceRegistryImpl [ReplicaAwareInstanceRegistry - RenewalThresholdUpdater] Current renewal threshold is : 0
2022-11-24 11:52:49,416 INFO com.netflix.eureka.registry.AbstractInstanceRegistry$EvictionTask [Eureka-EvictionTimer] Running the evict task with compensationTime 13ms
2022-11-24 11:53:49,446 INFO com.netflix.eureka.registry.AbstractInstanceRegistry$EvictionTask [Eureka-EvictionTimer] Running the evict task with compensationTime 30ms
2022-11-24 11:54:49,451 INFO com.netflix.eureka.registry.AbstractInstanceRegistry$EvictionTask [Eureka-EvictionTimer] Running the evict task with compensationTime 4ms
2022-11-24 11:55:49,463 INFO com.netflix.eureka.registry.AbstractInstanceRegistry$EvictionTask [Eureka-EvictionTimer] Running the evict task with compensationTime 12ms
2022-11-24 11:56:49,464 INFO com.netflix.eureka.registry.AbstractInstanceRegistry$EvictionTask [Eureka-EvictionTimer] Running the evict task with compensationTime 0ms
2022-11-24 11:57:49,007 WARN com.netflix.eureka.cluster.PeerEurekaNodes [Eureka-PeerNodesUpdater] The replica size seems to be empty. Check the route 53 DNS Registry
2022-11-24 11:57:49,472 INFO com.netflix.eureka.registry.AbstractInstanceRegistry$EvictionTask [Eureka-EvictionTimer] Running the evict task with compensationTime 8ms
2022-11-24 11:58:49,496 INFO com.netflix.eureka.registry.AbstractInstanceRegistry$EvictionTask [Eureka-EvictionTimer] Running the evict task with compensationTime 24ms
2022-11-24 11:59:49,504 INFO com.netflix.eureka.registry.AbstractInstanceRegistry$EvictionTask [Eureka-EvictionTimer] Running the evict task with compensationTime 7ms
2022-11-24 12:00:49,512 INFO com.netflix.eureka.registry.AbstractInstanceRegistry$EvictionTask [Eureka-EvictionTimer] Running the evict task with compensationTime 8ms
2022-11-24 12:01:49,518 INFO com.netflix.eureka.registry.AbstractInstanceRegistry$EvictionTask [Eureka-EvictionTimer] Running the evict task with compensationTime 5ms
2022-11-24 12:07:08,531 INFO com.netflix.eureka.registry.AbstractInstanceRegistry$EvictionTask [Eureka-EvictionTimer] Running the evict task with compensationTime 259038ms
2022-11-24 12:08:08,533 INFO com.netflix.eureka.registry.AbstractInstanceRegistry$EvictionTask [Eureka-EvictionTimer] Running the evict task with compensationTime 2ms
2022-11-24 12:09:08,545 INFO com.netflix.eureka.registry.AbstractInstanceRegistry$EvictionTask [Eureka-EvictionTimer] Running the evict task with compensationTime 11ms
2022-11-24 12:10:08,555 INFO com.netflix.eureka.registry.AbstractInstanceRegistry$EvictionTask [Eureka-EvictionTimer] Running the evict task with compensationTime 10ms
2022-11-24 12:11:08,565 INFO com.netflix.eureka.registry.AbstractInstanceRegistry$EvictionTask [Eureka-EvictionTimer] Running the evict task with compensationTime 10ms
2022-11-24 12:12:08,033 INFO com.netflix.eureka.registry.PeerAwareInstanceRegistryImpl [ReplicaAwareInstanceRegistry - RenewalThresholdUpdater] Current renewal threshold is : 0
2022-11-24 12:12:08,033 WARN com.netflix.eureka.cluster.PeerEurekaNodes [Eureka-PeerNodesUpdater] The replica size seems to be empty. Check the route 53 DNS Registry
2022-11-24 12:12:08,579 INFO com.netflix.eureka.registry.AbstractInstanceRegistry$EvictionTask [Eureka-EvictionTimer] Running the evict task with compensationTime 14ms
2022-11-24 12:13:08,581 INFO com.netflix.eureka.registry.AbstractInstanceRegistry$EvictionTask [Eureka-EvictionTimer] Running the evict task with compensationTime 1ms
2022-11-24 12:14:08,592 INFO com.netflix.eureka.registry.AbstractInstanceRegistry$EvictionTask [Eureka-EvictionTimer] Running the evict task with compensationTime 11ms
2022-11-24 12:15:08,607 INFO com.netflix.eureka.registry.AbstractInstanceRegistry$EvictionTask [Eureka-EvictionTimer] Running the evict task with compensationTime 15ms
2022-11-24 12:16:08,610 INFO com.netflix.eureka.registry.AbstractInstanceRegistry$EvictionTask [Eureka-EvictionTimer] Running the evict task with compensationTime 3ms
2022-11-24 12:17:08,623 INFO com.netflix.eureka.registry.AbstractInstanceRegistry$EvictionTask [Eureka-EvictionTimer] Running the evict task with compensationTime 12ms
2022-11-24 12:18:08,625 INFO com.netflix.eureka.registry.AbstractInstanceRegistry$EvictionTask [Eureka-EvictionTimer] Running the evict task with compensationTime 2ms
2022-11-24 12:19:08,639 INFO com.netflix.eureka.registry.AbstractInstanceRegistry$EvictionTask [Eureka-EvictionTimer] Running the evict task with compensationTime 14ms
2022-11-24 12:20:08,642 INFO com.netflix.eureka.registry.AbstractInstanceRegistry$EvictionTask [Eureka-EvictionTimer] Running the evict task with compensationTime 3ms
2022-11-24 12:21:08,655 INFO com.netflix.eureka.registry.AbstractInstanceRegistry$EvictionTask [Eureka-EvictionTimer] Running the evict task with compensationTime 13ms
2022-11-24 12:22:08,053 WARN com.netflix.eureka.cluster.PeerEurekaNodes [Eureka-PeerNodesUpdater] The replica size seems to be empty. Check the route 53 DNS Registry
2022-11-24 12:22:08,663 INFO com.netflix.eureka.registry.AbstractInstanceRegistry$EvictionTask [Eureka-EvictionTimer] Running the evict task with compensationTime 7ms
2022-11-24 12:23:08,667 INFO com.netflix.eureka.registry.AbstractInstanceRegistry$EvictionTask [Eureka-EvictionTimer] Running the evict task with compensationTime 4ms
2022-11-24 12:24:08,669 INFO com.netflix.eureka.registry.AbstractInstanceRegistry$EvictionTask [Eureka-EvictionTimer] Running the evict task with compensationTime 2ms
2022-11-24 12:25:08,673 INFO com.netflix.eureka.registry.AbstractInstanceRegistry$EvictionTask [Eureka-EvictionTimer] Running the evict task with compensationTime 3ms
2022-11-24 12:26:08,674 INFO com.netflix.eureka.registry.AbstractInstanceRegistry$EvictionTask [Eureka-EvictionTimer] Running the evict task with compensationTime 1ms
2022-11-24 12:27:08,035 INFO com.netflix.eureka.registry.PeerAwareInstanceRegistryImpl [ReplicaAwareInstanceRegistry - RenewalThresholdUpdater] Current renewal threshold is : 0
2022-11-24 12:27:08,674 INFO com.netflix.eureka.registry.AbstractInstanceRegistry$EvictionTask [Eureka-EvictionTimer] Running the evict task with compensationTime 0ms
2022-11-24 12:28:08,678 INFO com.netflix.eureka.registry.AbstractInstanceRegistry$EvictionTask [Eureka-EvictionTimer] Running the evict task with compensationTime 3ms
2022-11-24 12:29:08,681 INFO com.netflix.eureka.registry.AbstractInstanceRegistry$EvictionTask [Eureka-EvictionTimer] Running the evict task with compensationTime 3ms
2022-11-24 12:30:08,692 INFO com.netflix.eureka.registry.AbstractInstanceRegistry$EvictionTask [Eureka-EvictionTimer] Running the evict task with compensationTime 10ms
2022-11-24 12:31:08,704 INFO com.netflix.eureka.registry.AbstractInstanceRegistry$EvictionTask [Eureka-EvictionTimer] Running the evict task with compensationTime 12ms
2022-11-24 12:32:08,068 WARN com.netflix.eureka.cluster.PeerEurekaNodes [Eureka-PeerNodesUpdater] The replica size seems to be empty. Check the route 53 DNS Registry
2022-11-24 12:32:08,708 INFO com.netflix.eureka.registry.AbstractInstanceRegistry$EvictionTask [Eureka-EvictionTimer] Running the evict task with compensationTime 3ms
2022-11-24 12:33:08,719 INFO com.netflix.eureka.registry.AbstractInstanceRegistry$EvictionTask [Eureka-EvictionTimer] Running the evict task with compensationTime 11ms
2022-11-24 12:34:08,720 INFO com.netflix.eureka.registry.AbstractInstanceRegistry$EvictionTask [Eureka-EvictionTimer] Running the evict task with compensationTime 0ms
2022-11-24 12:35:08,728 INFO com.netflix.eureka.registry.AbstractInstanceRegistry$EvictionTask [Eureka-EvictionTimer] Running the evict task with compensationTime 7ms
2022-11-24 12:36:08,730 INFO com.netflix.eureka.registry.AbstractInstanceRegistry$EvictionTask [Eureka-EvictionTimer] Running the evict task with compensationTime 1ms
2022-11-24 12:37:08,743 INFO com.netflix.eureka.registry.AbstractInstanceRegistry$EvictionTask [Eureka-EvictionTimer] Running the evict task with compensationTime 13ms
2022-11-24 12:38:08,745 INFO com.netflix.eureka.registry.AbstractInstanceRegistry$EvictionTask [Eureka-EvictionTimer] Running the evict task with compensationTime 2ms
2022-11-24 12:39:08,759 INFO com.netflix.eureka.registry.AbstractInstanceRegistry$EvictionTask [Eureka-EvictionTimer] Running the evict task with compensationTime 13ms
2022-11-24 12:40:08,771 INFO com.netflix.eureka.registry.AbstractInstanceRegistry$EvictionTask [Eureka-EvictionTimer] Running the evict task with compensationTime 11ms
2022-11-24 12:41:08,780 INFO com.netflix.eureka.registry.AbstractInstanceRegistry$EvictionTask [Eureka-EvictionTimer] Running the evict task with compensationTime 9ms
2022-11-24 12:42:08,050 INFO com.netflix.eureka.registry.PeerAwareInstanceRegistryImpl [ReplicaAwareInstanceRegistry - RenewalThresholdUpdater] Current renewal threshold is : 0
2022-11-24 12:42:08,087 WARN com.netflix.eureka.cluster.PeerEurekaNodes [Eureka-PeerNodesUpdater] The replica size seems to be empty. Check the route 53 DNS Registry
2022-11-24 12:42:08,792 INFO com.netflix.eureka.registry.AbstractInstanceRegistry$EvictionTask [Eureka-EvictionTimer] Running the evict task with compensationTime 12ms
2022-11-24 12:43:08,807 INFO com.netflix.eureka.registry.AbstractInstanceRegistry$EvictionTask [Eureka-EvictionTimer] Running the evict task with compensationTime 14ms
2022-11-24 12:44:08,813 INFO com.netflix.eureka.registry.AbstractInstanceRegistry$EvictionTask [Eureka-EvictionTimer] Running the evict task with compensationTime 5ms
2022-11-24 12:45:08,817 INFO com.netflix.eureka.registry.AbstractInstanceRegistry$EvictionTask [Eureka-EvictionTimer] Running the evict task with compensationTime 3ms
2022-11-24 12:46:08,819 INFO com.netflix.eureka.registry.AbstractInstanceRegistry$EvictionTask [Eureka-EvictionTimer] Running the evict task with compensationTime 2ms
2022-11-24 12:47:08,826 INFO com.netflix.eureka.registry.AbstractInstanceRegistry$EvictionTask [Eureka-EvictionTimer] Running the evict task with compensationTime 6ms
2022-11-24 12:48:08,826 INFO com.netflix.eureka.registry.AbstractInstanceRegistry$EvictionTask [Eureka-EvictionTimer] Running the evict task with compensationTime 0ms
2022-11-24 12:49:08,828 INFO com.netflix.eureka.registry.AbstractInstanceRegistry$EvictionTask [Eureka-EvictionTimer] Running the evict task with compensationTime 1ms
2022-11-24 12:50:08,841 INFO com.netflix.eureka.registry.AbstractInstanceRegistry$EvictionTask [Eureka-EvictionTimer] Running the evict task with compensationTime 12ms
2022-11-24 12:50:30,475 INFO com.netflix.eureka.registry.AbstractInstanceRegistry [http-nio-8761-exec-2] Registered instance EMAIL-API/senthil:EMAIL-API:8081 with status DOWN (replication=false)
2022-11-24 12:50:34,011 INFO com.netflix.eureka.registry.AbstractInstanceRegistry [http-nio-8761-exec-7] Cancelled instance EMAIL-API/senthil:EMAIL-API:8081 (replication=false)
2022-11-24 12:50:42,886 INFO com.netflix.eureka.registry.AbstractInstanceRegistry [http-nio-8761-exec-3] Registered instance EMAIL-GATEWAY/senthil:EMAIL-GATEWAY:9000 with status DOWN (replication=false)
2022-11-24 12:50:48,071 INFO com.netflix.eureka.registry.AbstractInstanceRegistry [http-nio-8761-exec-5] Cancelled instance EMAIL-GATEWAY/senthil:EMAIL-GATEWAY:9000 (replication=false)
2022-11-24 12:50:48,636 INFO org.springframework.boot.admin.SpringApplicationAdminMXBeanRegistrar$SpringApplicationAdmin [RMI TCP Connection(108)-127.0.0.1] Application shutdown requested.
2022-11-24 12:50:48,639 INFO org.springframework.cloud.netflix.eureka.serviceregistry.EurekaServiceRegistry [RMI TCP Connection(108)-127.0.0.1] Unregistering application EUREKA-REGISTRY with eureka with status DOWN
2022-11-24 12:50:49,026 INFO org.apache.juli.logging.DirectJDKLog [RMI TCP Connection(108)-127.0.0.1] Pausing ProtocolHandler ["http-nio-8761"]
2022-11-24 12:50:49,028 INFO org.apache.juli.logging.DirectJDKLog [RMI TCP Connection(108)-127.0.0.1] Stopping service [Tomcat]
2022-11-24 12:50:49,039 INFO org.apache.juli.logging.DirectJDKLog [RMI TCP Connection(108)-127.0.0.1] Destroying Spring FrameworkServlet 'dispatcherServlet'
2022-11-24 12:50:49,069 INFO org.apache.juli.logging.DirectJDKLog [RMI TCP Connection(108)-127.0.0.1] Stopping ProtocolHandler ["http-nio-8761"]
2022-11-24 12:50:49,080 INFO org.apache.juli.logging.DirectJDKLog [RMI TCP Connection(108)-127.0.0.1] Destroying ProtocolHandler ["http-nio-8761"]
2022-11-24 12:50:49,084 INFO org.springframework.cloud.netflix.eureka.server.EurekaServerBootstrap [RMI TCP Connection(108)-127.0.0.1] Shutting down Eureka Server..
2022-11-24 12:50:49,103 INFO com.netflix.eureka.DefaultEurekaServerContext [RMI TCP Connection(108)-127.0.0.1] Shutting down ...
2022-11-24 12:50:49,152 INFO com.netflix.eureka.DefaultEurekaServerContext [RMI TCP Connection(108)-127.0.0.1] Shut down
2022-11-24 12:50:49,153 INFO org.springframework.cloud.netflix.eureka.server.EurekaServerBootstrap [RMI TCP Connection(108)-127.0.0.1] Eureka Service is now shutdown...
2022-11-24 12:50:49,158 INFO com.netflix.eureka.DefaultEurekaServerContext [RMI TCP Connection(108)-127.0.0.1] Shutting down ...
2022-11-24 12:50:49,181 INFO com.netflix.eureka.DefaultEurekaServerContext [RMI TCP Connection(108)-127.0.0.1] Shut down
2022-11-24 12:50:49,199 INFO com.netflix.discovery.DiscoveryClient [RMI TCP Connection(108)-127.0.0.1] Shutting down DiscoveryClient ...
2022-11-24 12:50:49,202 INFO com.netflix.discovery.DiscoveryClient [RMI TCP Connection(108)-127.0.0.1] Completed shut down of DiscoveryClient
2022-11-24 12:57:37,721 INFO org.springframework.boot.StartupInfoLogger [main] Starting SpringEmailEurekaRegistryApplication using Java 11.0.16 on senthil with PID 9144 (C:\Users\SENTHILKUMARMAHESWAR\git\spring-mail-restapi\spring-email-eureka-registry\target\classes started by SENTHILKUMARMAHESWAR in C:\Users\SENTHILKUMARMAHESWAR\git\spring-mail-restapi\spring-email-eureka-registry)
2022-11-24 12:57:37,725 DEBUG org.springframework.boot.StartupInfoLogger [main] Running with Spring Boot v2.6.13, Spring v5.3.23
2022-11-24 12:57:37,726 INFO org.springframework.boot.SpringApplication [main] No active profile set, falling back to 1 default profile: "default"
2022-11-24 12:57:38,851 INFO org.springframework.cloud.context.scope.GenericScope [main] BeanFactory id=8abfaf90-24fc-3f94-a6ed-21400fc2820e
2022-11-24 12:57:39,195 INFO org.springframework.boot.web.embedded.tomcat.TomcatWebServer [main] Tomcat initialized with port(s): 8761 (http)
2022-11-24 12:57:39,206 INFO org.apache.juli.logging.DirectJDKLog [main] Initializing ProtocolHandler ["http-nio-8761"]
2022-11-24 12:57:39,207 INFO org.apache.juli.logging.DirectJDKLog [main] Starting service [Tomcat]
2022-11-24 12:57:39,207 INFO org.apache.juli.logging.DirectJDKLog [main] Starting Servlet engine: [Apache Tomcat/9.0.68]
2022-11-24 12:57:39,408 INFO org.apache.juli.logging.DirectJDKLog [main] Initializing Spring embedded WebApplicationContext
2022-11-24 12:57:39,408 INFO org.springframework.boot.web.servlet.context.ServletWebServerApplicationContext [main] Root WebApplicationContext: initialization completed in 1627 ms
2022-11-24 12:57:39,931 INFO com.sun.jersey.server.impl.application.WebApplicationImpl [main] Initiating Jersey application, version 'Jersey: 1.19.4 05/24/2017 03:20 PM'
2022-11-24 12:57:40,003 INFO com.netflix.discovery.provider.DiscoveryJerseyProvider [main] Using JSON encoding codec LegacyJacksonJson
2022-11-24 12:57:40,005 INFO com.netflix.discovery.provider.DiscoveryJerseyProvider [main] Using JSON decoding codec LegacyJacksonJson
2022-11-24 12:57:40,234 INFO com.netflix.discovery.provider.DiscoveryJerseyProvider [main] Using XML encoding codec XStreamXml
2022-11-24 12:57:40,235 INFO com.netflix.discovery.provider.DiscoveryJerseyProvider [main] Using XML decoding codec XStreamXml
2022-11-24 12:57:42,559 INFO org.springframework.cloud.netflix.eureka.config.DiscoveryClientOptionalArgsConfiguration [main] Eureka HTTP Client uses Jersey
2022-11-24 12:57:42,628 WARN org.springframework.cloud.loadbalancer.config.LoadBalancerCacheAutoConfiguration$LoadBalancerCaffeineWarnLogger [main] Spring Cloud LoadBalancer is currently working with the default cache. While this cache implementation is useful for development and tests, it's recommended to use Caffeine cache in production.You can switch to using Caffeine cache, by adding it and org.springframework.cache.caffeine.CaffeineCacheManager to the classpath.
2022-11-24 12:57:42,654 INFO org.springframework.cloud.netflix.eureka.InstanceInfoFactory [main] Setting initial instance status as: STARTING
2022-11-24 12:57:42,700 INFO com.netflix.discovery.DiscoveryClient [main] Initializing Eureka in region us-east-1
2022-11-24 12:57:42,701 INFO com.netflix.discovery.DiscoveryClient [main] Client configured to neither register nor query for data.
2022-11-24 12:57:42,715 INFO com.netflix.discovery.DiscoveryClient [main] Discovery Client initialized at timestamp 1669274862714 with initial instances count: 0
2022-11-24 12:57:42,770 INFO com.netflix.eureka.DefaultEurekaServerContext [main] Initializing ...
2022-11-24 12:57:42,773 WARN com.netflix.eureka.cluster.PeerEurekaNodes [main] The replica size seems to be empty. Check the route 53 DNS Registry
2022-11-24 12:57:42,794 INFO com.netflix.eureka.registry.AbstractInstanceRegistry [main] Finished initializing remote region registries. All known remote regions: []
2022-11-24 12:57:42,795 INFO com.netflix.eureka.DefaultEurekaServerContext [main] Initialized
2022-11-24 12:57:42,805 INFO org.springframework.boot.actuate.endpoint.web.EndpointLinksResolver [main] Exposing 1 endpoint(s) beneath base path '/actuator'
2022-11-24 12:57:42,884 INFO org.springframework.cloud.netflix.eureka.serviceregistry.EurekaServiceRegistry [main] Registering application EUREKA-REGISTRY with eureka with status UP
2022-11-24 12:57:42,887 INFO org.apache.juli.logging.DirectJDKLog [main] Starting ProtocolHandler ["http-nio-8761"]
2022-11-24 12:57:42,902 INFO org.springframework.cloud.netflix.eureka.server.EurekaServerBootstrap [Thread-9] isAws returned false
2022-11-24 12:57:42,906 INFO org.springframework.cloud.netflix.eureka.server.EurekaServerBootstrap [Thread-9] Initialized server context
2022-11-24 12:57:42,906 INFO com.netflix.eureka.registry.PeerAwareInstanceRegistryImpl [Thread-9] Got 1 instances from neighboring DS node
2022-11-24 12:57:42,906 INFO com.netflix.eureka.registry.PeerAwareInstanceRegistryImpl [Thread-9] Renew threshold is: 1
2022-11-24 12:57:42,906 INFO com.netflix.eureka.registry.PeerAwareInstanceRegistryImpl [Thread-9] Changing status to UP
2022-11-24 12:57:42,917 INFO org.springframework.boot.web.embedded.tomcat.TomcatWebServer [main] Tomcat started on port(s): 8761 (http) with context path ''
2022-11-24 12:57:42,918 INFO org.springframework.cloud.netflix.eureka.serviceregistry.EurekaAutoServiceRegistration [main] Updating port to 8761
2022-11-24 12:57:42,920 INFO org.springframework.cloud.netflix.eureka.server.EurekaServerInitializerConfiguration [Thread-9] Started Eureka Server
2022-11-24 12:57:43,441 INFO org.springframework.boot.StartupInfoLogger [main] Started SpringEmailEurekaRegistryApplication in 7.337 seconds (JVM running for 8.68)
2022-11-24 12:57:45,131 INFO org.apache.juli.logging.DirectJDKLog [http-nio-8761-exec-1] Initializing Spring DispatcherServlet 'dispatcherServlet'
2022-11-24 12:57:45,131 INFO org.springframework.web.servlet.FrameworkServlet [http-nio-8761-exec-1] Initializing Servlet 'dispatcherServlet'
2022-11-24 12:57:45,133 INFO org.springframework.web.servlet.FrameworkServlet [http-nio-8761-exec-1] Completed initialization in 2 ms
2022-11-24 12:57:45,394 INFO com.netflix.eureka.registry.AbstractInstanceRegistry [http-nio-8761-exec-2] Registered instance EMAIL-CONFIG/senthil:EMAIL-CONFIG:8888 with status UP (replication=false)
2022-11-24 12:58:11,653 INFO com.netflix.eureka.registry.AbstractInstanceRegistry [http-nio-8761-exec-4] Registered instance EMAIL-GATEWAY/senthil:EMAIL-GATEWAY:9000 with status UP (replication=false)
2022-11-24 12:58:42,916 INFO com.netflix.eureka.registry.AbstractInstanceRegistry$EvictionTask [Eureka-EvictionTimer] Running the evict task with compensationTime 0ms
2022-11-24 12:59:42,929 INFO com.netflix.eureka.registry.AbstractInstanceRegistry$EvictionTask [Eureka-EvictionTimer] Running the evict task with compensationTime 12ms
2022-11-24 12:59:46,406 INFO com.netflix.eureka.registry.AbstractInstanceRegistry [http-nio-8761-exec-10] Registered instance EMAIL-API/senthil:EMAIL-API:8081 with status UP (replication=false)
2022-11-24 13:00:42,934 INFO com.netflix.eureka.registry.AbstractInstanceRegistry$EvictionTask [Eureka-EvictionTimer] Running the evict task with compensationTime 5ms
2022-11-24 13:00:52,251 INFO com.netflix.eureka.registry.AbstractInstanceRegistry [http-nio-8761-exec-3] Registered instance EMAIL-CONFIG/senthil:EMAIL-CONFIG:8888 with status DOWN (replication=false)
2022-11-24 13:00:55,839 INFO org.springframework.boot.admin.SpringApplicationAdminMXBeanRegistrar$SpringApplicationAdmin [RMI TCP Connection(13)-127.0.0.1] Application shutdown requested.
2022-11-24 13:00:55,840 INFO org.springframework.cloud.netflix.eureka.serviceregistry.EurekaServiceRegistry [RMI TCP Connection(13)-127.0.0.1] Unregistering application EUREKA-REGISTRY with eureka with status DOWN
2022-11-24 13:00:55,903 INFO com.netflix.eureka.registry.AbstractInstanceRegistry [http-nio-8761-exec-4] Cancelled instance EMAIL-CONFIG/senthil:EMAIL-CONFIG:8888 (replication=false)
2022-11-24 13:00:56,222 INFO org.apache.juli.logging.DirectJDKLog [RMI TCP Connection(13)-127.0.0.1] Pausing ProtocolHandler ["http-nio-8761"]
2022-11-24 13:00:56,224 INFO org.apache.juli.logging.DirectJDKLog [RMI TCP Connection(13)-127.0.0.1] Stopping service [Tomcat]
2022-11-24 13:00:56,232 INFO org.apache.juli.logging.DirectJDKLog [RMI TCP Connection(13)-127.0.0.1] Destroying Spring FrameworkServlet 'dispatcherServlet'
2022-11-24 13:00:56,254 INFO org.apache.juli.logging.DirectJDKLog [RMI TCP Connection(13)-127.0.0.1] Stopping ProtocolHandler ["http-nio-8761"]
2022-11-24 13:00:56,267 INFO org.apache.juli.logging.DirectJDKLog [RMI TCP Connection(13)-127.0.0.1] Destroying ProtocolHandler ["http-nio-8761"]
2022-11-24 13:00:56,270 INFO org.springframework.cloud.netflix.eureka.server.EurekaServerBootstrap [RMI TCP Connection(13)-127.0.0.1] Shutting down Eureka Server..
2022-11-24 13:00:56,285 INFO com.netflix.eureka.DefaultEurekaServerContext [RMI TCP Connection(13)-127.0.0.1] Shutting down ...
2022-11-24 13:00:56,316 INFO com.netflix.eureka.DefaultEurekaServerContext [RMI TCP Connection(13)-127.0.0.1] Shut down
2022-11-24 13:00:56,317 INFO org.springframework.cloud.netflix.eureka.server.EurekaServerBootstrap [RMI TCP Connection(13)-127.0.0.1] Eureka Service is now shutdown...
2022-11-24 13:00:56,320 INFO com.netflix.eureka.DefaultEurekaServerContext [RMI TCP Connection(13)-127.0.0.1] Shutting down ...
2022-11-24 13:00:56,339 INFO com.netflix.eureka.DefaultEurekaServerContext [RMI TCP Connection(13)-127.0.0.1] Shut down
2022-11-24 13:00:56,362 INFO com.netflix.discovery.DiscoveryClient [RMI TCP Connection(13)-127.0.0.1] Shutting down DiscoveryClient ...
2022-11-24 13:00:56,364 INFO com.netflix.discovery.DiscoveryClient [RMI TCP Connection(13)-127.0.0.1] Completed shut down of DiscoveryClient
